Jan 21, 2016 6:28:10 AM edu.wayne.pfsdm.ParametrizedFSDMTraversal <init>
INFO: Initializing ParametrizedFSDMTraversal
Jan 21, 2016 6:28:10 AM edu.wayne.pfsdm.ParametrizedFSDMTraversal <init>
INFO: Initializing featuresScaling
Jan 21, 2016 6:28:10 AM edu.wayne.pfsdm.ParametrizedFSDMTraversal <init>
INFO: Param /nnp max value not specified using 1.0
Jan 21, 2016 6:28:10 AM edu.wayne.pfsdm.ParametrizedFSDMTraversal <init>
INFO: Param /nnp min value not specified using 0.0
Jan 21, 2016 6:28:10 AM edu.wayne.pfsdm.ParametrizedFSDMTraversal <init>
INFO: Param /nns max value not specified using 1.0
Jan 21, 2016 6:28:10 AM edu.wayne.pfsdm.ParametrizedFSDMTraversal <init>
INFO: Param /nns min value not specified using 0.0
Jan 21, 2016 6:28:10 AM edu.wayne.pfsdm.ParametrizedFSDMTraversal <init>
INFO: Param /np-exact max value not specified using 1.0
Jan 21, 2016 6:28:10 AM edu.wayne.pfsdm.ParametrizedFSDMTraversal <init>
INFO: Param /np-exact min value not specified using 0.0
Jan 21, 2016 6:28:10 AM edu.wayne.pfsdm.ParametrizedFSDMTraversal <init>
INFO: Param /np-part max value not specified using 1.0
Jan 21, 2016 6:28:10 AM edu.wayne.pfsdm.ParametrizedFSDMTraversal <init>
INFO: Param /np-part min value not specified using 0.0
Jan 21, 2016 6:28:10 AM edu.wayne.pfsdm.ParametrizedFSDMTraversal <init>
INFO: Param /nn-only max value not specified using 1.0
Jan 21, 2016 6:28:10 AM edu.wayne.pfsdm.ParametrizedFSDMTraversal <init>
INFO: Param /nn-only min value not specified using 0.0
Jan 21, 2016 6:28:10 AM edu.wayne.pfsdm.ParametrizedFSDMTraversal <init>
INFO: Param /nns-only max value not specified using 1.0
Jan 21, 2016 6:28:10 AM edu.wayne.pfsdm.ParametrizedFSDMTraversal <init>
INFO: Param /nns-only min value not specified using 0.0
Jan 21, 2016 6:28:10 AM edu.wayne.pfsdm.ParametrizedFSDMTraversal <init>
INFO: Param /question-dep max value not specified using 1.0
Jan 21, 2016 6:28:10 AM edu.wayne.pfsdm.ParametrizedFSDMTraversal <init>
INFO: Param /question-dep min value not specified using 0.0
Jan 21, 2016 6:28:10 AM edu.wayne.pfsdm.ParametrizedFSDMTraversal <init>
INFO: Param /wiki-titles-word-presence max value not specified using 1.0
Jan 21, 2016 6:28:10 AM edu.wayne.pfsdm.ParametrizedFSDMTraversal <init>
INFO: Param /wiki-titles-word-presence min value not specified using 0.0
Jan 21, 2016 6:28:10 AM edu.wayne.pfsdm.ParametrizedFSDMTraversal <init>
INFO: Param /wiki-infobox-word-presence max value not specified using 1.0
Jan 21, 2016 6:28:10 AM edu.wayne.pfsdm.ParametrizedFSDMTraversal <init>
INFO: Param /wiki-infobox-word-presence min value not specified using 0.0
Jan 21, 2016 6:28:10 AM edu.wayne.pfsdm.ParametrizedFSDMTraversal <init>
INFO: Param /wiki-categories-word-presence max value not specified using 1.0
Jan 21, 2016 6:28:10 AM edu.wayne.pfsdm.ParametrizedFSDMTraversal <init>
INFO: Param /wiki-categories-word-presence min value not specified using 0.0
Jan 21, 2016 6:28:10 AM edu.wayne.pfsdm.ParametrizedFSDMTraversal <init>
INFO: Param /google-ngrams-word-presence max value not specified using 1.0
Jan 21, 2016 6:28:10 AM edu.wayne.pfsdm.ParametrizedFSDMTraversal <init>
INFO: Param /google-ngrams-word-presence min value not specified using 0.0
Jan 21, 2016 6:28:10 AM edu.wayne.pfsdm.ParametrizedFSDMTraversal <init>
INFO: Param /const max value not specified using 1.0
Jan 21, 2016 6:28:10 AM edu.wayne.pfsdm.ParametrizedFSDMTraversal <init>
INFO: Param /const min value not specified using 0.0
Jan 21, 2016 6:28:10 AM edu.wayne.pfsdm.ParametrizedFSDMTraversal <init>
INFO: Param /dep-leaf max value not specified using 1.0
Jan 21, 2016 6:28:10 AM edu.wayne.pfsdm.ParametrizedFSDMTraversal <init>
INFO: Param /dep-leaf min value not specified using 0.0
Jan 21, 2016 6:28:10 AM edu.wayne.pfsdm.ParametrizedFSDMTraversal <init>
INFO: Param /nn max value not specified using 1.0
Jan 21, 2016 6:28:10 AM edu.wayne.pfsdm.ParametrizedFSDMTraversal <init>
INFO: Param /nn min value not specified using 0.0
Jan 21, 2016 6:28:10 AM edu.wayne.pfsdm.ParametrizedFSDMTraversal <init>
INFO: Param /jjs max value not specified using 1.0
Jan 21, 2016 6:28:10 AM edu.wayne.pfsdm.ParametrizedFSDMTraversal <init>
INFO: Param /jjs min value not specified using 0.0
Jan 21, 2016 6:28:10 AM edu.wayne.pfsdm.ParametrizedFSDMTraversal <init>
INFO: Param /jj max value not specified using 1.0
Jan 21, 2016 6:28:10 AM edu.wayne.pfsdm.ParametrizedFSDMTraversal <init>
INFO: Param /jj min value not specified using 0.0
Jan 21, 2016 6:28:12 AM edu.wayne.pfsdm.ParametrizedFSDMTraversal <init>
INFO: Done initializing ParametrizedFSDMTraversal
Jan 21, 2016 6:28:12 AM edu.wayne.pfsdm.ParametrizedFSDMTraversal <init>
INFO: Initializing ParametrizedFSDMTraversal
Jan 21, 2016 6:28:12 AM edu.wayne.pfsdm.ParametrizedFSDMTraversal <init>
INFO: Initializing featuresScaling
Jan 21, 2016 6:28:12 AM edu.wayne.pfsdm.ParametrizedFSDMTraversal <init>
INFO: Param /nnp max value not specified using 1.0
Jan 21, 2016 6:28:12 AM edu.wayne.pfsdm.ParametrizedFSDMTraversal <init>
INFO: Param /nnp min value not specified using 0.0
Jan 21, 2016 6:28:12 AM edu.wayne.pfsdm.ParametrizedFSDMTraversal <init>
INFO: Param /nns max value not specified using 1.0
Jan 21, 2016 6:28:12 AM edu.wayne.pfsdm.ParametrizedFSDMTraversal <init>
INFO: Param /nns min value not specified using 0.0
Jan 21, 2016 6:28:12 AM edu.wayne.pfsdm.ParametrizedFSDMTraversal <init>
INFO: Param /np-exact max value not specified using 1.0
Jan 21, 2016 6:28:12 AM edu.wayne.pfsdm.ParametrizedFSDMTraversal <init>
INFO: Param /np-exact min value not specified using 0.0
Jan 21, 2016 6:28:12 AM edu.wayne.pfsdm.ParametrizedFSDMTraversal <init>
INFO: Param /np-part max value not specified using 1.0
Jan 21, 2016 6:28:12 AM edu.wayne.pfsdm.ParametrizedFSDMTraversal <init>
INFO: Param /np-part min value not specified using 0.0
Jan 21, 2016 6:28:12 AM edu.wayne.pfsdm.ParametrizedFSDMTraversal <init>
INFO: Param /nn-only max value not specified using 1.0
Jan 21, 2016 6:28:12 AM edu.wayne.pfsdm.ParametrizedFSDMTraversal <init>
INFO: Param /nn-only min value not specified using 0.0
Jan 21, 2016 6:28:12 AM edu.wayne.pfsdm.ParametrizedFSDMTraversal <init>
INFO: Param /nns-only max value not specified using 1.0
Jan 21, 2016 6:28:12 AM edu.wayne.pfsdm.ParametrizedFSDMTraversal <init>
INFO: Param /nns-only min value not specified using 0.0
Jan 21, 2016 6:28:12 AM edu.wayne.pfsdm.ParametrizedFSDMTraversal <init>
INFO: Param /question-dep max value not specified using 1.0
Jan 21, 2016 6:28:12 AM edu.wayne.pfsdm.ParametrizedFSDMTraversal <init>
INFO: Param /question-dep min value not specified using 0.0
Jan 21, 2016 6:28:12 AM edu.wayne.pfsdm.ParametrizedFSDMTraversal <init>
INFO: Param /wiki-titles-word-presence max value not specified using 1.0
Jan 21, 2016 6:28:12 AM edu.wayne.pfsdm.ParametrizedFSDMTraversal <init>
INFO: Param /wiki-titles-word-presence min value not specified using 0.0
Jan 21, 2016 6:28:12 AM edu.wayne.pfsdm.ParametrizedFSDMTraversal <init>
INFO: Param /wiki-infobox-word-presence max value not specified using 1.0
Jan 21, 2016 6:28:12 AM edu.wayne.pfsdm.ParametrizedFSDMTraversal <init>
INFO: Param /wiki-infobox-word-presence min value not specified using 0.0
Jan 21, 2016 6:28:12 AM edu.wayne.pfsdm.ParametrizedFSDMTraversal <init>
INFO: Param /wiki-categories-word-presence max value not specified using 1.0
Jan 21, 2016 6:28:12 AM edu.wayne.pfsdm.ParametrizedFSDMTraversal <init>
INFO: Param /wiki-categories-word-presence min value not specified using 0.0
Jan 21, 2016 6:28:12 AM edu.wayne.pfsdm.ParametrizedFSDMTraversal <init>
INFO: Param /google-ngrams-word-presence max value not specified using 1.0
Jan 21, 2016 6:28:12 AM edu.wayne.pfsdm.ParametrizedFSDMTraversal <init>
INFO: Param /google-ngrams-word-presence min value not specified using 0.0
Jan 21, 2016 6:28:12 AM edu.wayne.pfsdm.ParametrizedFSDMTraversal <init>
INFO: Param /const max value not specified using 1.0
Jan 21, 2016 6:28:12 AM edu.wayne.pfsdm.ParametrizedFSDMTraversal <init>
INFO: Param /const min value not specified using 0.0
Jan 21, 2016 6:28:12 AM edu.wayne.pfsdm.ParametrizedFSDMTraversal <init>
INFO: Param /dep-leaf max value not specified using 1.0
Jan 21, 2016 6:28:12 AM edu.wayne.pfsdm.ParametrizedFSDMTraversal <init>
INFO: Param /dep-leaf min value not specified using 0.0
Jan 21, 2016 6:28:12 AM edu.wayne.pfsdm.ParametrizedFSDMTraversal <init>
INFO: Param /nn max value not specified using 1.0
Jan 21, 2016 6:28:12 AM edu.wayne.pfsdm.ParametrizedFSDMTraversal <init>
INFO: Param /nn min value not specified using 0.0
Jan 21, 2016 6:28:12 AM edu.wayne.pfsdm.ParametrizedFSDMTraversal <init>
INFO: Param /jjs max value not specified using 1.0
Jan 21, 2016 6:28:12 AM edu.wayne.pfsdm.ParametrizedFSDMTraversal <init>
INFO: Param /jjs min value not specified using 0.0
Jan 21, 2016 6:28:12 AM edu.wayne.pfsdm.ParametrizedFSDMTraversal <init>
INFO: Param /jj max value not specified using 1.0
Jan 21, 2016 6:28:12 AM edu.wayne.pfsdm.ParametrizedFSDMTraversal <init>
INFO: Param /jj min value not specified using 0.0
Jan 21, 2016 6:28:13 AM edu.wayne.pfsdm.ParametrizedFSDMTraversal <init>
INFO: Done initializing ParametrizedFSDMTraversal
Jan 21, 2016 6:28:14 AM edu.wayne.pfsdm.WPFSDMTraversal <init>
INFO: Done initializing WPFSDMTraversal
Jan 21, 2016 6:28:17 AM edu.wayne.models.WSDMTraversal <init>
INFO: Initializing featuresScaling
Jan 21, 2016 6:28:17 AM edu.wayne.models.WSDMTraversal <init>
INFO: Param /nnp max value not specified using 1.0
Jan 21, 2016 6:28:17 AM edu.wayne.models.WSDMTraversal <init>
INFO: Param /nnp min value not specified using 0.0
Jan 21, 2016 6:28:17 AM edu.wayne.models.WSDMTraversal <init>
INFO: Param /nns max value not specified using 1.0
Jan 21, 2016 6:28:17 AM edu.wayne.models.WSDMTraversal <init>
INFO: Param /nns min value not specified using 0.0
Jan 21, 2016 6:28:17 AM edu.wayne.models.WSDMTraversal <init>
INFO: Param /np-exact max value not specified using 1.0
Jan 21, 2016 6:28:17 AM edu.wayne.models.WSDMTraversal <init>
INFO: Param /np-exact min value not specified using 0.0
Jan 21, 2016 6:28:17 AM edu.wayne.models.WSDMTraversal <init>
INFO: Param /np-part max value not specified using 1.0
Jan 21, 2016 6:28:17 AM edu.wayne.models.WSDMTraversal <init>
INFO: Param /np-part min value not specified using 0.0
Jan 21, 2016 6:28:17 AM edu.wayne.models.WSDMTraversal <init>
INFO: Param /nn-only max value not specified using 1.0
Jan 21, 2016 6:28:17 AM edu.wayne.models.WSDMTraversal <init>
INFO: Param /nn-only min value not specified using 0.0
Jan 21, 2016 6:28:17 AM edu.wayne.models.WSDMTraversal <init>
INFO: Param /nns-only max value not specified using 1.0
Jan 21, 2016 6:28:17 AM edu.wayne.models.WSDMTraversal <init>
INFO: Param /nns-only min value not specified using 0.0
Jan 21, 2016 6:28:17 AM edu.wayne.models.WSDMTraversal <init>
INFO: Param /question-dep max value not specified using 1.0
Jan 21, 2016 6:28:17 AM edu.wayne.models.WSDMTraversal <init>
INFO: Param /question-dep min value not specified using 0.0
Jan 21, 2016 6:28:17 AM edu.wayne.models.WSDMTraversal <init>
INFO: Param /wiki-titles-word-presence max value not specified using 1.0
Jan 21, 2016 6:28:17 AM edu.wayne.models.WSDMTraversal <init>
INFO: Param /wiki-titles-word-presence min value not specified using 0.0
Jan 21, 2016 6:28:17 AM edu.wayne.models.WSDMTraversal <init>
INFO: Param /wiki-infobox-word-presence max value not specified using 1.0
Jan 21, 2016 6:28:17 AM edu.wayne.models.WSDMTraversal <init>
INFO: Param /wiki-infobox-word-presence min value not specified using 0.0
Jan 21, 2016 6:28:17 AM edu.wayne.models.WSDMTraversal <init>
INFO: Param /wiki-categories-word-presence max value not specified using 1.0
Jan 21, 2016 6:28:17 AM edu.wayne.models.WSDMTraversal <init>
INFO: Param /wiki-categories-word-presence min value not specified using 0.0
Jan 21, 2016 6:28:17 AM edu.wayne.models.WSDMTraversal <init>
INFO: Param /google-ngrams-word-presence max value not specified using 1.0
Jan 21, 2016 6:28:17 AM edu.wayne.models.WSDMTraversal <init>
INFO: Param /google-ngrams-word-presence min value not specified using 0.0
Jan 21, 2016 6:28:17 AM edu.wayne.models.WSDMTraversal <init>
INFO: Param /const max value not specified using 1.0
Jan 21, 2016 6:28:17 AM edu.wayne.models.WSDMTraversal <init>
INFO: Param /const min value not specified using 0.0
Jan 21, 2016 6:28:17 AM edu.wayne.models.WSDMTraversal <init>
INFO: Param /dep-leaf max value not specified using 1.0
Jan 21, 2016 6:28:17 AM edu.wayne.models.WSDMTraversal <init>
INFO: Param /dep-leaf min value not specified using 0.0
Jan 21, 2016 6:28:17 AM edu.wayne.models.WSDMTraversal <init>
INFO: Param /nn max value not specified using 1.0
Jan 21, 2016 6:28:17 AM edu.wayne.models.WSDMTraversal <init>
INFO: Param /nn min value not specified using 0.0
Jan 21, 2016 6:28:17 AM edu.wayne.models.WSDMTraversal <init>
INFO: Param /jjs max value not specified using 1.0
Jan 21, 2016 6:28:17 AM edu.wayne.models.WSDMTraversal <init>
INFO: Param /jjs min value not specified using 0.0
Jan 21, 2016 6:28:17 AM edu.wayne.models.WSDMTraversal <init>
INFO: Param /jj max value not specified using 1.0
Jan 21, 2016 6:28:17 AM edu.wayne.models.WSDMTraversal <init>
INFO: Param /jj min value not specified using 0.0
Jan 21, 2016 6:28:18 AM edu.wayne.pfsdm.ParametrizedFSDMTraversal getUnigramNode
INFO: SemSearch_ES-107	concord	names	0.246522
Jan 21, 2016 6:28:18 AM edu.wayne.pfsdm.ParametrizedFSDMTraversal getUnigramNode
INFO: SemSearch_ES-107	concord	attributes	0.523266
Jan 21, 2016 6:28:18 AM edu.wayne.pfsdm.ParametrizedFSDMTraversal getUnigramNode
INFO: SemSearch_ES-107	concord	similarentitynames	0.185368
Jan 21, 2016 6:28:18 AM edu.wayne.pfsdm.ParametrizedFSDMTraversal getUnigramNode
INFO: SemSearch_ES-107	concord	categories	0.0448437
Jan 21, 2016 6:28:18 AM edu.wayne.pfsdm.ParametrizedFSDMTraversal getUnigramNode
INFO: SemSearch_ES-107	concord	outgoingentitynames	0.00000
Jan 21, 2016 6:28:18 AM edu.wayne.pfsdm.ParametrizedFSDMTraversal getUnigramNode
INFO: SemSearch_ES-107	steel	names	0.239231
Jan 21, 2016 6:28:18 AM edu.wayne.pfsdm.ParametrizedFSDMTraversal getUnigramNode
INFO: SemSearch_ES-107	steel	attributes	0.543524
Jan 21, 2016 6:28:18 AM edu.wayne.pfsdm.ParametrizedFSDMTraversal getUnigramNode
INFO: SemSearch_ES-107	steel	similarentitynames	0.173460
Jan 21, 2016 6:28:18 AM edu.wayne.pfsdm.ParametrizedFSDMTraversal getUnigramNode
INFO: SemSearch_ES-107	steel	categories	0.0437851
Jan 21, 2016 6:28:18 AM edu.wayne.pfsdm.ParametrizedFSDMTraversal getUnigramNode
INFO: SemSearch_ES-107	steel	outgoingentitynames	0.00000
Jan 21, 2016 6:28:21 AM edu.wayne.pfsdm.ParametrizedFSDMTraversal getBigramNodes
INFO: SemSearch_ES-107	concord steel	names	0.262372
Jan 21, 2016 6:28:21 AM edu.wayne.pfsdm.ParametrizedFSDMTraversal getBigramNodes
INFO: SemSearch_ES-107	concord steel	attributes	0.175474
Jan 21, 2016 6:28:21 AM edu.wayne.pfsdm.ParametrizedFSDMTraversal getBigramNodes
INFO: SemSearch_ES-107	concord steel	similarentitynames	0.364662
Jan 21, 2016 6:28:21 AM edu.wayne.pfsdm.ParametrizedFSDMTraversal getBigramNodes
INFO: SemSearch_ES-107	concord steel	categories	0.197492
Jan 21, 2016 6:28:21 AM edu.wayne.pfsdm.ParametrizedFSDMTraversal getBigramNodes
INFO: SemSearch_ES-107	concord steel	outgoingentitynames	0.00000
Jan 21, 2016 6:28:21 AM edu.wayne.pfsdm.ParametrizedFSDMTraversal getUnigramNode
INFO: SemSearch_ES-7	airsoft	names	0.246466
Jan 21, 2016 6:28:21 AM edu.wayne.pfsdm.ParametrizedFSDMTraversal getUnigramNode
INFO: SemSearch_ES-7	airsoft	attributes	0.527147
Jan 21, 2016 6:28:21 AM edu.wayne.pfsdm.ParametrizedFSDMTraversal getUnigramNode
INFO: SemSearch_ES-7	airsoft	similarentitynames	0.180103
Jan 21, 2016 6:28:21 AM edu.wayne.pfsdm.ParametrizedFSDMTraversal getUnigramNode
INFO: SemSearch_ES-7	airsoft	categories	0.0462840
Jan 21, 2016 6:28:21 AM edu.wayne.pfsdm.ParametrizedFSDMTraversal getUnigramNode
INFO: SemSearch_ES-7	airsoft	outgoingentitynames	0.00000
Jan 21, 2016 6:28:21 AM edu.wayne.pfsdm.ParametrizedFSDMTraversal getUnigramNode
INFO: SemSearch_ES-7	glock	names	0.266824
Jan 21, 2016 6:28:21 AM edu.wayne.pfsdm.ParametrizedFSDMTraversal getUnigramNode
INFO: SemSearch_ES-7	glock	attributes	0.503250
Jan 21, 2016 6:28:21 AM edu.wayne.pfsdm.ParametrizedFSDMTraversal getUnigramNode
INFO: SemSearch_ES-7	glock	similarentitynames	0.205218
Jan 21, 2016 6:28:21 AM edu.wayne.pfsdm.ParametrizedFSDMTraversal getUnigramNode
INFO: SemSearch_ES-7	glock	categories	0.0247081
Jan 21, 2016 6:28:21 AM edu.wayne.pfsdm.ParametrizedFSDMTraversal getUnigramNode
INFO: SemSearch_ES-7	glock	outgoingentitynames	0.00000
Jan 21, 2016 6:28:22 AM edu.wayne.pfsdm.ParametrizedFSDMTraversal getBigramNodes
INFO: SemSearch_ES-7	airsoft glock	names	0.272503
Jan 21, 2016 6:28:22 AM edu.wayne.pfsdm.ParametrizedFSDMTraversal getBigramNodes
INFO: SemSearch_ES-7	airsoft glock	attributes	0.169283
Jan 21, 2016 6:28:22 AM edu.wayne.pfsdm.ParametrizedFSDMTraversal getBigramNodes
INFO: SemSearch_ES-7	airsoft glock	similarentitynames	0.348315
Jan 21, 2016 6:28:22 AM edu.wayne.pfsdm.ParametrizedFSDMTraversal getBigramNodes
INFO: SemSearch_ES-7	airsoft glock	categories	0.209899
Jan 21, 2016 6:28:22 AM edu.wayne.pfsdm.ParametrizedFSDMTraversal getBigramNodes
INFO: SemSearch_ES-7	airsoft glock	outgoingentitynames	0.00000
Jan 21, 2016 6:28:22 AM edu.wayne.pfsdm.ParametrizedFSDMTraversal getUnigramNode
INFO: SemSearch_ES-31	emery	names	0.263457
Jan 21, 2016 6:28:22 AM edu.wayne.pfsdm.ParametrizedFSDMTraversal getUnigramNode
INFO: SemSearch_ES-31	emery	attributes	0.511720
Jan 21, 2016 6:28:22 AM edu.wayne.pfsdm.ParametrizedFSDMTraversal getUnigramNode
INFO: SemSearch_ES-31	emery	similarentitynames	0.185272
Jan 21, 2016 6:28:22 AM edu.wayne.pfsdm.ParametrizedFSDMTraversal getUnigramNode
INFO: SemSearch_ES-31	emery	categories	0.0395504
Jan 21, 2016 6:28:22 AM edu.wayne.pfsdm.ParametrizedFSDMTraversal getUnigramNode
INFO: SemSearch_ES-31	emery	outgoingentitynames	0.00000
Jan 21, 2016 6:28:22 AM edu.wayne.pfsdm.ParametrizedFSDMTraversal getUnigramNode
INFO: SemSearch_ES-68	pierce	names	0.257231
Jan 21, 2016 6:28:22 AM edu.wayne.pfsdm.ParametrizedFSDMTraversal getUnigramNode
INFO: SemSearch_ES-68	pierce	attributes	0.517689
Jan 21, 2016 6:28:22 AM edu.wayne.pfsdm.ParametrizedFSDMTraversal getUnigramNode
INFO: SemSearch_ES-68	pierce	similarentitynames	0.182351
Jan 21, 2016 6:28:22 AM edu.wayne.pfsdm.ParametrizedFSDMTraversal getUnigramNode
INFO: SemSearch_ES-68	pierce	categories	0.0427283
Jan 21, 2016 6:28:22 AM edu.wayne.pfsdm.ParametrizedFSDMTraversal getUnigramNode
INFO: SemSearch_ES-68	pierce	outgoingentitynames	0.00000
Jan 21, 2016 6:28:22 AM edu.wayne.pfsdm.ParametrizedFSDMTraversal getUnigramNode
INFO: SemSearch_ES-68	county	names	0.248831
Jan 21, 2016 6:28:22 AM edu.wayne.pfsdm.ParametrizedFSDMTraversal getUnigramNode
INFO: SemSearch_ES-68	county	attributes	0.521260
Jan 21, 2016 6:28:22 AM edu.wayne.pfsdm.ParametrizedFSDMTraversal getUnigramNode
INFO: SemSearch_ES-68	county	similarentitynames	0.177415
Jan 21, 2016 6:28:22 AM edu.wayne.pfsdm.ParametrizedFSDMTraversal getUnigramNode
INFO: SemSearch_ES-68	county	categories	0.0524939
Jan 21, 2016 6:28:22 AM edu.wayne.pfsdm.ParametrizedFSDMTraversal getUnigramNode
INFO: SemSearch_ES-68	county	outgoingentitynames	0.00000
Jan 21, 2016 6:28:22 AM edu.wayne.pfsdm.ParametrizedFSDMTraversal getUnigramNode
INFO: SemSearch_ES-68	washington	names	0.246632
Jan 21, 2016 6:28:22 AM edu.wayne.pfsdm.ParametrizedFSDMTraversal getUnigramNode
INFO: SemSearch_ES-68	washington	attributes	0.525105
Jan 21, 2016 6:28:22 AM edu.wayne.pfsdm.ParametrizedFSDMTraversal getUnigramNode
INFO: SemSearch_ES-68	washington	similarentitynames	0.177313
Jan 21, 2016 6:28:22 AM edu.wayne.pfsdm.ParametrizedFSDMTraversal getUnigramNode
INFO: SemSearch_ES-68	washington	categories	0.0509496
Jan 21, 2016 6:28:22 AM edu.wayne.pfsdm.ParametrizedFSDMTraversal getUnigramNode
INFO: SemSearch_ES-68	washington	outgoingentitynames	0.00000
Jan 21, 2016 6:28:27 AM edu.wayne.pfsdm.ParametrizedFSDMTraversal getBigramNodes
INFO: SemSearch_ES-68	pierce county	names	0.266297
Jan 21, 2016 6:28:27 AM edu.wayne.pfsdm.ParametrizedFSDMTraversal getBigramNodes
INFO: SemSearch_ES-68	pierce county	attributes	0.164458
Jan 21, 2016 6:28:27 AM edu.wayne.pfsdm.ParametrizedFSDMTraversal getBigramNodes
INFO: SemSearch_ES-68	pierce county	similarentitynames	0.487579
Jan 21, 2016 6:28:27 AM edu.wayne.pfsdm.ParametrizedFSDMTraversal getBigramNodes
INFO: SemSearch_ES-68	pierce county	categories	0.0816668
Jan 21, 2016 6:28:27 AM edu.wayne.pfsdm.ParametrizedFSDMTraversal getBigramNodes
INFO: SemSearch_ES-68	pierce county	outgoingentitynames	0.00000
Jan 21, 2016 6:28:32 AM edu.wayne.pfsdm.ParametrizedFSDMTraversal getBigramNodes
INFO: SemSearch_ES-68	county washington	names	0.265071
Jan 21, 2016 6:28:32 AM edu.wayne.pfsdm.ParametrizedFSDMTraversal getBigramNodes
INFO: SemSearch_ES-68	county washington	attributes	0.166565
Jan 21, 2016 6:28:32 AM edu.wayne.pfsdm.ParametrizedFSDMTraversal getBigramNodes
INFO: SemSearch_ES-68	county washington	similarentitynames	0.380747
Jan 21, 2016 6:28:32 AM edu.wayne.pfsdm.ParametrizedFSDMTraversal getBigramNodes
INFO: SemSearch_ES-68	county washington	categories	0.187617
Jan 21, 2016 6:28:32 AM edu.wayne.pfsdm.ParametrizedFSDMTraversal getBigramNodes
INFO: SemSearch_ES-68	county washington	outgoingentitynames	0.00000
Jan 21, 2016 6:28:36 AM edu.wayne.pfsdm.ParametrizedFSDMTraversal getUnigramNode
INFO: SemSearch_ES-30	eloan	names	0.563580
Jan 21, 2016 6:28:36 AM edu.wayne.pfsdm.ParametrizedFSDMTraversal getUnigramNode
INFO: SemSearch_ES-30	eloan	attributes	0.00000
Jan 21, 2016 6:28:36 AM edu.wayne.pfsdm.ParametrizedFSDMTraversal getUnigramNode
INFO: SemSearch_ES-30	eloan	similarentitynames	0.436420
Jan 21, 2016 6:28:36 AM edu.wayne.pfsdm.ParametrizedFSDMTraversal getUnigramNode
INFO: SemSearch_ES-30	eloan	categories	0.00000
Jan 21, 2016 6:28:36 AM edu.wayne.pfsdm.ParametrizedFSDMTraversal getUnigramNode
INFO: SemSearch_ES-30	eloan	outgoingentitynames	0.00000
Jan 21, 2016 6:28:36 AM edu.wayne.pfsdm.ParametrizedFSDMTraversal getUnigramNode
INFO: SemSearch_ES-30	line	names	0.235601
Jan 21, 2016 6:28:36 AM edu.wayne.pfsdm.ParametrizedFSDMTraversal getUnigramNode
INFO: SemSearch_ES-30	line	attributes	0.550039
Jan 21, 2016 6:28:36 AM edu.wayne.pfsdm.ParametrizedFSDMTraversal getUnigramNode
INFO: SemSearch_ES-30	line	similarentitynames	0.173460
Jan 21, 2016 6:28:36 AM edu.wayne.pfsdm.ParametrizedFSDMTraversal getUnigramNode
INFO: SemSearch_ES-30	line	categories	0.0408999
Jan 21, 2016 6:28:36 AM edu.wayne.pfsdm.ParametrizedFSDMTraversal getUnigramNode
INFO: SemSearch_ES-30	line	outgoingentitynames	0.00000
Jan 21, 2016 6:28:36 AM edu.wayne.pfsdm.ParametrizedFSDMTraversal getUnigramNode
INFO: SemSearch_ES-30	credit	names	0.220807
Jan 21, 2016 6:28:36 AM edu.wayne.pfsdm.ParametrizedFSDMTraversal getUnigramNode
INFO: SemSearch_ES-30	credit	attributes	0.577515
Jan 21, 2016 6:28:36 AM edu.wayne.pfsdm.ParametrizedFSDMTraversal getUnigramNode
INFO: SemSearch_ES-30	credit	similarentitynames	0.163285
Jan 21, 2016 6:28:36 AM edu.wayne.pfsdm.ParametrizedFSDMTraversal getUnigramNode
INFO: SemSearch_ES-30	credit	categories	0.0383927
Jan 21, 2016 6:28:36 AM edu.wayne.pfsdm.ParametrizedFSDMTraversal getUnigramNode
INFO: SemSearch_ES-30	credit	outgoingentitynames	0.00000
Jan 21, 2016 6:28:38 AM edu.wayne.pfsdm.ParametrizedFSDMTraversal getBigramNodes
INFO: SemSearch_ES-30	eloan line	names	0.285042
Jan 21, 2016 6:28:38 AM edu.wayne.pfsdm.ParametrizedFSDMTraversal getBigramNodes
INFO: SemSearch_ES-30	eloan line	attributes	0.149455
Jan 21, 2016 6:28:38 AM edu.wayne.pfsdm.ParametrizedFSDMTraversal getBigramNodes
INFO: SemSearch_ES-30	eloan line	similarentitynames	0.359830
Jan 21, 2016 6:28:38 AM edu.wayne.pfsdm.ParametrizedFSDMTraversal getBigramNodes
INFO: SemSearch_ES-30	eloan line	categories	0.205672
Jan 21, 2016 6:28:38 AM edu.wayne.pfsdm.ParametrizedFSDMTraversal getBigramNodes
INFO: SemSearch_ES-30	eloan line	outgoingentitynames	0.00000
Jan 21, 2016 6:28:39 AM edu.wayne.pfsdm.ParametrizedFSDMTraversal getBigramNodes
INFO: SemSearch_ES-30	line credit	names	0.270590
Jan 21, 2016 6:28:39 AM edu.wayne.pfsdm.ParametrizedFSDMTraversal getBigramNodes
INFO: SemSearch_ES-30	line credit	attributes	0.179493
Jan 21, 2016 6:28:39 AM edu.wayne.pfsdm.ParametrizedFSDMTraversal getBigramNodes
INFO: SemSearch_ES-30	line credit	similarentitynames	0.488876
Jan 21, 2016 6:28:39 AM edu.wayne.pfsdm.ParametrizedFSDMTraversal getBigramNodes
INFO: SemSearch_ES-30	line credit	categories	0.0610407
Jan 21, 2016 6:28:39 AM edu.wayne.pfsdm.ParametrizedFSDMTraversal getBigramNodes
INFO: SemSearch_ES-30	line credit	outgoingentitynames	0.00000
Jan 21, 2016 6:28:40 AM edu.wayne.pfsdm.ParametrizedFSDMTraversal getUnigramNode
INFO: SemSearch_ES-60	michael	names	0.265285
Jan 21, 2016 6:28:40 AM edu.wayne.pfsdm.ParametrizedFSDMTraversal getUnigramNode
INFO: SemSearch_ES-60	michael	attributes	0.503039
Jan 21, 2016 6:28:40 AM edu.wayne.pfsdm.ParametrizedFSDMTraversal getUnigramNode
INFO: SemSearch_ES-60	michael	similarentitynames	0.193567
Jan 21, 2016 6:28:40 AM edu.wayne.pfsdm.ParametrizedFSDMTraversal getUnigramNode
INFO: SemSearch_ES-60	michael	categories	0.0381098
Jan 21, 2016 6:28:40 AM edu.wayne.pfsdm.ParametrizedFSDMTraversal getUnigramNode
INFO: SemSearch_ES-60	michael	outgoingentitynames	0.00000
Jan 21, 2016 6:28:40 AM edu.wayne.pfsdm.ParametrizedFSDMTraversal getUnigramNode
INFO: SemSearch_ES-60	douglas	names	0.295231
Jan 21, 2016 6:28:40 AM edu.wayne.pfsdm.ParametrizedFSDMTraversal getUnigramNode
INFO: SemSearch_ES-60	douglas	attributes	0.363402
Jan 21, 2016 6:28:40 AM edu.wayne.pfsdm.ParametrizedFSDMTraversal getUnigramNode
INFO: SemSearch_ES-60	douglas	similarentitynames	0.146886
Jan 21, 2016 6:28:40 AM edu.wayne.pfsdm.ParametrizedFSDMTraversal getUnigramNode
INFO: SemSearch_ES-60	douglas	categories	0.0287689
Jan 21, 2016 6:28:40 AM edu.wayne.pfsdm.ParametrizedFSDMTraversal getUnigramNode
INFO: SemSearch_ES-60	douglas	outgoingentitynames	0.165712
Jan 21, 2016 6:28:41 AM edu.wayne.pfsdm.ParametrizedFSDMTraversal getBigramNodes
INFO: SemSearch_ES-60	michael douglas	names	0.252848
Jan 21, 2016 6:28:41 AM edu.wayne.pfsdm.ParametrizedFSDMTraversal getBigramNodes
INFO: SemSearch_ES-60	michael douglas	attributes	0.130131
Jan 21, 2016 6:28:41 AM edu.wayne.pfsdm.ParametrizedFSDMTraversal getBigramNodes
INFO: SemSearch_ES-60	michael douglas	similarentitynames	0.419518
Jan 21, 2016 6:28:41 AM edu.wayne.pfsdm.ParametrizedFSDMTraversal getBigramNodes
INFO: SemSearch_ES-60	michael douglas	categories	0.197504
Jan 21, 2016 6:28:41 AM edu.wayne.pfsdm.ParametrizedFSDMTraversal getBigramNodes
INFO: SemSearch_ES-60	michael douglas	outgoingentitynames	0.00000
Jan 21, 2016 6:28:41 AM edu.wayne.pfsdm.ParametrizedFSDMTraversal getUnigramNode
INFO: SemSearch_ES-48	la	names	0.258277
Jan 21, 2016 6:28:41 AM edu.wayne.pfsdm.ParametrizedFSDMTraversal getUnigramNode
INFO: SemSearch_ES-48	la	attributes	0.511902
Jan 21, 2016 6:28:41 AM edu.wayne.pfsdm.ParametrizedFSDMTraversal getUnigramNode
INFO: SemSearch_ES-48	la	similarentitynames	0.190398
Jan 21, 2016 6:28:41 AM edu.wayne.pfsdm.ParametrizedFSDMTraversal getUnigramNode
INFO: SemSearch_ES-48	la	categories	0.0394237
Jan 21, 2016 6:28:41 AM edu.wayne.pfsdm.ParametrizedFSDMTraversal getUnigramNode
INFO: SemSearch_ES-48	la	outgoingentitynames	0.00000
Jan 21, 2016 6:28:41 AM edu.wayne.pfsdm.ParametrizedFSDMTraversal getUnigramNode
INFO: SemSearch_ES-48	scala	names	0.245944
Jan 21, 2016 6:28:41 AM edu.wayne.pfsdm.ParametrizedFSDMTraversal getUnigramNode
INFO: SemSearch_ES-48	scala	attributes	0.533314
Jan 21, 2016 6:28:41 AM edu.wayne.pfsdm.ParametrizedFSDMTraversal getUnigramNode
INFO: SemSearch_ES-48	scala	similarentitynames	0.181639
Jan 21, 2016 6:28:41 AM edu.wayne.pfsdm.ParametrizedFSDMTraversal getUnigramNode
INFO: SemSearch_ES-48	scala	categories	0.0391024
Jan 21, 2016 6:28:41 AM edu.wayne.pfsdm.ParametrizedFSDMTraversal getUnigramNode
INFO: SemSearch_ES-48	scala	outgoingentitynames	0.00000
Jan 21, 2016 6:28:41 AM edu.wayne.pfsdm.ParametrizedFSDMTraversal getUnigramNode
INFO: SemSearch_ES-48	restaurant	names	0.230553
Jan 21, 2016 6:28:41 AM edu.wayne.pfsdm.ParametrizedFSDMTraversal getUnigramNode
INFO: SemSearch_ES-48	restaurant	attributes	0.555170
Jan 21, 2016 6:28:41 AM edu.wayne.pfsdm.ParametrizedFSDMTraversal getUnigramNode
INFO: SemSearch_ES-48	restaurant	similarentitynames	0.165629
Jan 21, 2016 6:28:41 AM edu.wayne.pfsdm.ParametrizedFSDMTraversal getUnigramNode
INFO: SemSearch_ES-48	restaurant	categories	0.0486474
Jan 21, 2016 6:28:41 AM edu.wayne.pfsdm.ParametrizedFSDMTraversal getUnigramNode
INFO: SemSearch_ES-48	restaurant	outgoingentitynames	0.00000
Jan 21, 2016 6:28:41 AM edu.wayne.pfsdm.ParametrizedFSDMTraversal getUnigramNode
INFO: SemSearch_ES-48	philadelphia	names	0.235357
Jan 21, 2016 6:28:41 AM edu.wayne.pfsdm.ParametrizedFSDMTraversal getUnigramNode
INFO: SemSearch_ES-48	philadelphia	attributes	0.547377
Jan 21, 2016 6:28:41 AM edu.wayne.pfsdm.ParametrizedFSDMTraversal getUnigramNode
INFO: SemSearch_ES-48	philadelphia	similarentitynames	0.165562
Jan 21, 2016 6:28:41 AM edu.wayne.pfsdm.ParametrizedFSDMTraversal getUnigramNode
INFO: SemSearch_ES-48	philadelphia	categories	0.0517031
Jan 21, 2016 6:28:41 AM edu.wayne.pfsdm.ParametrizedFSDMTraversal getUnigramNode
INFO: SemSearch_ES-48	philadelphia	outgoingentitynames	0.00000
Jan 21, 2016 6:28:42 AM edu.wayne.pfsdm.ParametrizedFSDMTraversal getBigramNodes
INFO: SemSearch_ES-48	la scala	names	0.278058
Jan 21, 2016 6:28:42 AM edu.wayne.pfsdm.ParametrizedFSDMTraversal getBigramNodes
INFO: SemSearch_ES-48	la scala	attributes	0.161380
Jan 21, 2016 6:28:42 AM edu.wayne.pfsdm.ParametrizedFSDMTraversal getBigramNodes
INFO: SemSearch_ES-48	la scala	similarentitynames	0.483718
Jan 21, 2016 6:28:42 AM edu.wayne.pfsdm.ParametrizedFSDMTraversal getBigramNodes
INFO: SemSearch_ES-48	la scala	categories	0.0768444
Jan 21, 2016 6:28:42 AM edu.wayne.pfsdm.ParametrizedFSDMTraversal getBigramNodes
INFO: SemSearch_ES-48	la scala	outgoingentitynames	0.00000
Jan 21, 2016 6:28:43 AM edu.wayne.pfsdm.ParametrizedFSDMTraversal getBigramNodes
INFO: SemSearch_ES-48	scala restaurant	names	0.274655
Jan 21, 2016 6:28:43 AM edu.wayne.pfsdm.ParametrizedFSDMTraversal getBigramNodes
INFO: SemSearch_ES-48	scala restaurant	attributes	0.164727
Jan 21, 2016 6:28:43 AM edu.wayne.pfsdm.ParametrizedFSDMTraversal getBigramNodes
INFO: SemSearch_ES-48	scala restaurant	similarentitynames	0.353380
Jan 21, 2016 6:28:43 AM edu.wayne.pfsdm.ParametrizedFSDMTraversal getBigramNodes
INFO: SemSearch_ES-48	scala restaurant	categories	0.207238
Jan 21, 2016 6:28:43 AM edu.wayne.pfsdm.ParametrizedFSDMTraversal getBigramNodes
INFO: SemSearch_ES-48	scala restaurant	outgoingentitynames	0.00000
Jan 21, 2016 6:28:45 AM edu.wayne.pfsdm.ParametrizedFSDMTraversal getBigramNodes
INFO: SemSearch_ES-48	restaurant philadelphia	names	0.289603
Jan 21, 2016 6:28:45 AM edu.wayne.pfsdm.ParametrizedFSDMTraversal getBigramNodes
INFO: SemSearch_ES-48	restaurant philadelphia	attributes	0.174888
Jan 21, 2016 6:28:45 AM edu.wayne.pfsdm.ParametrizedFSDMTraversal getBigramNodes
INFO: SemSearch_ES-48	restaurant philadelphia	similarentitynames	0.330679
Jan 21, 2016 6:28:45 AM edu.wayne.pfsdm.ParametrizedFSDMTraversal getBigramNodes
INFO: SemSearch_ES-48	restaurant philadelphia	categories	0.204830
Jan 21, 2016 6:28:45 AM edu.wayne.pfsdm.ParametrizedFSDMTraversal getBigramNodes
INFO: SemSearch_ES-48	restaurant philadelphia	outgoingentitynames	0.00000
Jan 21, 2016 6:28:47 AM edu.wayne.pfsdm.ParametrizedFSDMTraversal getUnigramNode
INFO: SemSearch_ES-67	ovguide	names	0.262501
Jan 21, 2016 6:28:47 AM edu.wayne.pfsdm.ParametrizedFSDMTraversal getUnigramNode
INFO: SemSearch_ES-67	ovguide	attributes	0.532657
Jan 21, 2016 6:28:47 AM edu.wayne.pfsdm.ParametrizedFSDMTraversal getUnigramNode
INFO: SemSearch_ES-67	ovguide	similarentitynames	0.204842
Jan 21, 2016 6:28:47 AM edu.wayne.pfsdm.ParametrizedFSDMTraversal getUnigramNode
INFO: SemSearch_ES-67	ovguide	categories	0.00000
Jan 21, 2016 6:28:47 AM edu.wayne.pfsdm.ParametrizedFSDMTraversal getUnigramNode
INFO: SemSearch_ES-67	ovguide	outgoingentitynames	0.00000
Jan 21, 2016 6:28:47 AM edu.wayne.pfsdm.ParametrizedFSDMTraversal getUnigramNode
INFO: SemSearch_ES-67	movies	names	0.273062
Jan 21, 2016 6:28:47 AM edu.wayne.pfsdm.ParametrizedFSDMTraversal getUnigramNode
INFO: SemSearch_ES-67	movies	attributes	0.397904
Jan 21, 2016 6:28:47 AM edu.wayne.pfsdm.ParametrizedFSDMTraversal getUnigramNode
INFO: SemSearch_ES-67	movies	similarentitynames	0.139308
Jan 21, 2016 6:28:47 AM edu.wayne.pfsdm.ParametrizedFSDMTraversal getUnigramNode
INFO: SemSearch_ES-67	movies	categories	0.0294086
Jan 21, 2016 6:28:47 AM edu.wayne.pfsdm.ParametrizedFSDMTraversal getUnigramNode
INFO: SemSearch_ES-67	movies	outgoingentitynames	0.160318
Jan 21, 2016 6:28:48 AM edu.wayne.pfsdm.ParametrizedFSDMTraversal getBigramNodes
INFO: SemSearch_ES-67	ovguide movies	names	0.249533
Jan 21, 2016 6:28:48 AM edu.wayne.pfsdm.ParametrizedFSDMTraversal getBigramNodes
INFO: SemSearch_ES-67	ovguide movies	attributes	0.128658
Jan 21, 2016 6:28:48 AM edu.wayne.pfsdm.ParametrizedFSDMTraversal getBigramNodes
INFO: SemSearch_ES-67	ovguide movies	similarentitynames	0.411417
Jan 21, 2016 6:28:48 AM edu.wayne.pfsdm.ParametrizedFSDMTraversal getBigramNodes
INFO: SemSearch_ES-67	ovguide movies	categories	0.210392
Jan 21, 2016 6:28:48 AM edu.wayne.pfsdm.ParametrizedFSDMTraversal getBigramNodes
INFO: SemSearch_ES-67	ovguide movies	outgoingentitynames	0.00000
Jan 21, 2016 6:28:48 AM edu.wayne.pfsdm.ParametrizedFSDMTraversal getUnigramNode
INFO: SemSearch_ES-91	westminster	names	0.226213
Jan 21, 2016 6:28:48 AM edu.wayne.pfsdm.ParametrizedFSDMTraversal getUnigramNode
INFO: SemSearch_ES-91	westminster	attributes	0.552377
Jan 21, 2016 6:28:48 AM edu.wayne.pfsdm.ParametrizedFSDMTraversal getUnigramNode
INFO: SemSearch_ES-91	westminster	similarentitynames	0.171977
Jan 21, 2016 6:28:48 AM edu.wayne.pfsdm.ParametrizedFSDMTraversal getUnigramNode
INFO: SemSearch_ES-91	westminster	categories	0.0494330
Jan 21, 2016 6:28:48 AM edu.wayne.pfsdm.ParametrizedFSDMTraversal getUnigramNode
INFO: SemSearch_ES-91	westminster	outgoingentitynames	0.00000
Jan 21, 2016 6:28:48 AM edu.wayne.pfsdm.ParametrizedFSDMTraversal getUnigramNode
INFO: SemSearch_ES-91	abbey	names	0.248468
Jan 21, 2016 6:28:48 AM edu.wayne.pfsdm.ParametrizedFSDMTraversal getUnigramNode
INFO: SemSearch_ES-91	abbey	attributes	0.529425
Jan 21, 2016 6:28:48 AM edu.wayne.pfsdm.ParametrizedFSDMTraversal getUnigramNode
INFO: SemSearch_ES-91	abbey	similarentitynames	0.182186
Jan 21, 2016 6:28:48 AM edu.wayne.pfsdm.ParametrizedFSDMTraversal getUnigramNode
INFO: SemSearch_ES-91	abbey	categories	0.0399211
Jan 21, 2016 6:28:48 AM edu.wayne.pfsdm.ParametrizedFSDMTraversal getUnigramNode
INFO: SemSearch_ES-91	abbey	outgoingentitynames	0.00000
Jan 21, 2016 6:28:49 AM edu.wayne.pfsdm.ParametrizedFSDMTraversal getBigramNodes
INFO: SemSearch_ES-91	westminster abbey	names	0.259699
Jan 21, 2016 6:28:49 AM edu.wayne.pfsdm.ParametrizedFSDMTraversal getBigramNodes
INFO: SemSearch_ES-91	westminster abbey	attributes	0.159023
Jan 21, 2016 6:28:49 AM edu.wayne.pfsdm.ParametrizedFSDMTraversal getBigramNodes
INFO: SemSearch_ES-91	westminster abbey	similarentitynames	0.503328
Jan 21, 2016 6:28:49 AM edu.wayne.pfsdm.ParametrizedFSDMTraversal getBigramNodes
INFO: SemSearch_ES-91	westminster abbey	categories	0.0779498
Jan 21, 2016 6:28:49 AM edu.wayne.pfsdm.ParametrizedFSDMTraversal getBigramNodes
INFO: SemSearch_ES-91	westminster abbey	outgoingentitynames	0.00000
Jan 21, 2016 6:28:49 AM edu.wayne.pfsdm.ParametrizedFSDMTraversal getUnigramNode
INFO: SemSearch_ES-55	marcu	names	0.267899
Jan 21, 2016 6:28:49 AM edu.wayne.pfsdm.ParametrizedFSDMTraversal getUnigramNode
INFO: SemSearch_ES-55	marcu	attributes	0.513128
Jan 21, 2016 6:28:49 AM edu.wayne.pfsdm.ParametrizedFSDMTraversal getUnigramNode
INFO: SemSearch_ES-55	marcu	similarentitynames	0.190168
Jan 21, 2016 6:28:49 AM edu.wayne.pfsdm.ParametrizedFSDMTraversal getUnigramNode
INFO: SemSearch_ES-55	marcu	categories	0.0288056
Jan 21, 2016 6:28:49 AM edu.wayne.pfsdm.ParametrizedFSDMTraversal getUnigramNode
INFO: SemSearch_ES-55	marcu	outgoingentitynames	0.00000
Jan 21, 2016 6:28:49 AM edu.wayne.pfsdm.ParametrizedFSDMTraversal getUnigramNode
INFO: SemSearch_ES-55	theater	names	0.275977
Jan 21, 2016 6:28:49 AM edu.wayne.pfsdm.ParametrizedFSDMTraversal getUnigramNode
INFO: SemSearch_ES-55	theater	attributes	0.393914
Jan 21, 2016 6:28:49 AM edu.wayne.pfsdm.ParametrizedFSDMTraversal getUnigramNode
INFO: SemSearch_ES-55	theater	similarentitynames	0.140074
Jan 21, 2016 6:28:49 AM edu.wayne.pfsdm.ParametrizedFSDMTraversal getUnigramNode
INFO: SemSearch_ES-55	theater	categories	0.0304240
Jan 21, 2016 6:28:49 AM edu.wayne.pfsdm.ParametrizedFSDMTraversal getUnigramNode
INFO: SemSearch_ES-55	theater	outgoingentitynames	0.159611
Jan 21, 2016 6:28:50 AM edu.wayne.pfsdm.ParametrizedFSDMTraversal getBigramNodes
INFO: SemSearch_ES-55	marcu theater	names	0.246100
Jan 21, 2016 6:28:50 AM edu.wayne.pfsdm.ParametrizedFSDMTraversal getBigramNodes
INFO: SemSearch_ES-55	marcu theater	attributes	0.131656
Jan 21, 2016 6:28:50 AM edu.wayne.pfsdm.ParametrizedFSDMTraversal getBigramNodes
INFO: SemSearch_ES-55	marcu theater	similarentitynames	0.409368
Jan 21, 2016 6:28:50 AM edu.wayne.pfsdm.ParametrizedFSDMTraversal getBigramNodes
INFO: SemSearch_ES-55	marcu theater	categories	0.212876
Jan 21, 2016 6:28:50 AM edu.wayne.pfsdm.ParametrizedFSDMTraversal getBigramNodes
INFO: SemSearch_ES-55	marcu theater	outgoingentitynames	0.00000
Jan 21, 2016 6:28:50 AM edu.wayne.pfsdm.ParametrizedFSDMTraversal getUnigramNode
INFO: SemSearch_ES-64	omeara	names	0.271637
Jan 21, 2016 6:28:50 AM edu.wayne.pfsdm.ParametrizedFSDMTraversal getUnigramNode
INFO: SemSearch_ES-64	omeara	attributes	0.505195
Jan 21, 2016 6:28:50 AM edu.wayne.pfsdm.ParametrizedFSDMTraversal getUnigramNode
INFO: SemSearch_ES-64	omeara	similarentitynames	0.199938
Jan 21, 2016 6:28:50 AM edu.wayne.pfsdm.ParametrizedFSDMTraversal getUnigramNode
INFO: SemSearch_ES-64	omeara	categories	0.0232297
Jan 21, 2016 6:28:50 AM edu.wayne.pfsdm.ParametrizedFSDMTraversal getUnigramNode
INFO: SemSearch_ES-64	omeara	outgoingentitynames	0.00000
Jan 21, 2016 6:28:50 AM edu.wayne.pfsdm.ParametrizedFSDMTraversal getUnigramNode
INFO: SemSearch_ES-64	ford	names	0.254064
Jan 21, 2016 6:28:50 AM edu.wayne.pfsdm.ParametrizedFSDMTraversal getUnigramNode
INFO: SemSearch_ES-64	ford	attributes	0.520010
Jan 21, 2016 6:28:50 AM edu.wayne.pfsdm.ParametrizedFSDMTraversal getUnigramNode
INFO: SemSearch_ES-64	ford	similarentitynames	0.184926
Jan 21, 2016 6:28:50 AM edu.wayne.pfsdm.ParametrizedFSDMTraversal getUnigramNode
INFO: SemSearch_ES-64	ford	categories	0.0410005
Jan 21, 2016 6:28:50 AM edu.wayne.pfsdm.ParametrizedFSDMTraversal getUnigramNode
INFO: SemSearch_ES-64	ford	outgoingentitynames	0.00000
Jan 21, 2016 6:28:51 AM edu.wayne.pfsdm.ParametrizedFSDMTraversal getBigramNodes
INFO: SemSearch_ES-64	omeara ford	names	0.275913
Jan 21, 2016 6:28:51 AM edu.wayne.pfsdm.ParametrizedFSDMTraversal getBigramNodes
INFO: SemSearch_ES-64	omeara ford	attributes	0.159532
Jan 21, 2016 6:28:51 AM edu.wayne.pfsdm.ParametrizedFSDMTraversal getBigramNodes
INFO: SemSearch_ES-64	omeara ford	similarentitynames	0.361125
Jan 21, 2016 6:28:51 AM edu.wayne.pfsdm.ParametrizedFSDMTraversal getBigramNodes
INFO: SemSearch_ES-64	omeara ford	categories	0.203429
Jan 21, 2016 6:28:51 AM edu.wayne.pfsdm.ParametrizedFSDMTraversal getBigramNodes
INFO: SemSearch_ES-64	omeara ford	outgoingentitynames	0.00000
Jan 21, 2016 6:28:51 AM edu.wayne.pfsdm.ParametrizedFSDMTraversal getUnigramNode
INFO: SemSearch_ES-93	08	names	0.177641
Jan 21, 2016 6:28:51 AM edu.wayne.pfsdm.ParametrizedFSDMTraversal getUnigramNode
INFO: SemSearch_ES-93	08	attributes	0.271342
Jan 21, 2016 6:28:51 AM edu.wayne.pfsdm.ParametrizedFSDMTraversal getUnigramNode
INFO: SemSearch_ES-93	08	similarentitynames	0.376224
Jan 21, 2016 6:28:51 AM edu.wayne.pfsdm.ParametrizedFSDMTraversal getUnigramNode
INFO: SemSearch_ES-93	08	categories	0.174793
Jan 21, 2016 6:28:51 AM edu.wayne.pfsdm.ParametrizedFSDMTraversal getUnigramNode
INFO: SemSearch_ES-93	08	outgoingentitynames	0.00000
Jan 21, 2016 6:28:51 AM edu.wayne.pfsdm.ParametrizedFSDMTraversal getUnigramNode
INFO: SemSearch_ES-93	toyota	names	0.181200
Jan 21, 2016 6:28:51 AM edu.wayne.pfsdm.ParametrizedFSDMTraversal getUnigramNode
INFO: SemSearch_ES-93	toyota	attributes	0.261259
Jan 21, 2016 6:28:51 AM edu.wayne.pfsdm.ParametrizedFSDMTraversal getUnigramNode
INFO: SemSearch_ES-93	toyota	similarentitynames	0.378671
Jan 21, 2016 6:28:51 AM edu.wayne.pfsdm.ParametrizedFSDMTraversal getUnigramNode
INFO: SemSearch_ES-93	toyota	categories	0.178871
Jan 21, 2016 6:28:51 AM edu.wayne.pfsdm.ParametrizedFSDMTraversal getUnigramNode
INFO: SemSearch_ES-93	toyota	outgoingentitynames	0.00000
Jan 21, 2016 6:28:51 AM edu.wayne.pfsdm.ParametrizedFSDMTraversal getUnigramNode
INFO: SemSearch_ES-93	tundra	names	0.173170
Jan 21, 2016 6:28:51 AM edu.wayne.pfsdm.ParametrizedFSDMTraversal getUnigramNode
INFO: SemSearch_ES-93	tundra	attributes	0.277157
Jan 21, 2016 6:28:51 AM edu.wayne.pfsdm.ParametrizedFSDMTraversal getUnigramNode
INFO: SemSearch_ES-93	tundra	similarentitynames	0.374171
Jan 21, 2016 6:28:51 AM edu.wayne.pfsdm.ParametrizedFSDMTraversal getUnigramNode
INFO: SemSearch_ES-93	tundra	categories	0.175502
Jan 21, 2016 6:28:51 AM edu.wayne.pfsdm.ParametrizedFSDMTraversal getUnigramNode
INFO: SemSearch_ES-93	tundra	outgoingentitynames	0.00000
Jan 21, 2016 6:28:52 AM edu.wayne.pfsdm.ParametrizedFSDMTraversal getBigramNodes
INFO: SemSearch_ES-93	08 toyota	names	0.279481
Jan 21, 2016 6:28:52 AM edu.wayne.pfsdm.ParametrizedFSDMTraversal getBigramNodes
INFO: SemSearch_ES-93	08 toyota	attributes	0.170828
Jan 21, 2016 6:28:52 AM edu.wayne.pfsdm.ParametrizedFSDMTraversal getBigramNodes
INFO: SemSearch_ES-93	08 toyota	similarentitynames	0.360770
Jan 21, 2016 6:28:52 AM edu.wayne.pfsdm.ParametrizedFSDMTraversal getBigramNodes
INFO: SemSearch_ES-93	08 toyota	categories	0.188922
Jan 21, 2016 6:28:52 AM edu.wayne.pfsdm.ParametrizedFSDMTraversal getBigramNodes
INFO: SemSearch_ES-93	08 toyota	outgoingentitynames	0.00000
Jan 21, 2016 6:28:54 AM edu.wayne.pfsdm.ParametrizedFSDMTraversal getBigramNodes
INFO: SemSearch_ES-93	toyota tundra	names	0.278490
Jan 21, 2016 6:28:54 AM edu.wayne.pfsdm.ParametrizedFSDMTraversal getBigramNodes
INFO: SemSearch_ES-93	toyota tundra	attributes	0.167970
Jan 21, 2016 6:28:54 AM edu.wayne.pfsdm.ParametrizedFSDMTraversal getBigramNodes
INFO: SemSearch_ES-93	toyota tundra	similarentitynames	0.372245
Jan 21, 2016 6:28:54 AM edu.wayne.pfsdm.ParametrizedFSDMTraversal getBigramNodes
INFO: SemSearch_ES-93	toyota tundra	categories	0.181295
Jan 21, 2016 6:28:54 AM edu.wayne.pfsdm.ParametrizedFSDMTraversal getBigramNodes
INFO: SemSearch_ES-93	toyota tundra	outgoingentitynames	0.00000
Jan 21, 2016 6:28:54 AM edu.wayne.pfsdm.ParametrizedFSDMTraversal getUnigramNode
INFO: SemSearch_ES-36	imdb	names	0.263018
Jan 21, 2016 6:28:54 AM edu.wayne.pfsdm.ParametrizedFSDMTraversal getUnigramNode
INFO: SemSearch_ES-36	imdb	attributes	0.583004
Jan 21, 2016 6:28:54 AM edu.wayne.pfsdm.ParametrizedFSDMTraversal getUnigramNode
INFO: SemSearch_ES-36	imdb	similarentitynames	0.153977
Jan 21, 2016 6:28:54 AM edu.wayne.pfsdm.ParametrizedFSDMTraversal getUnigramNode
INFO: SemSearch_ES-36	imdb	categories	0.00000
Jan 21, 2016 6:28:54 AM edu.wayne.pfsdm.ParametrizedFSDMTraversal getUnigramNode
INFO: SemSearch_ES-36	imdb	outgoingentitynames	0.00000
Jan 21, 2016 6:28:54 AM edu.wayne.pfsdm.ParametrizedFSDMTraversal getUnigramNode
INFO: SemSearch_ES-36	batman	names	0.253839
Jan 21, 2016 6:28:54 AM edu.wayne.pfsdm.ParametrizedFSDMTraversal getUnigramNode
INFO: SemSearch_ES-36	batman	attributes	0.518479
Jan 21, 2016 6:28:54 AM edu.wayne.pfsdm.ParametrizedFSDMTraversal getUnigramNode
INFO: SemSearch_ES-36	batman	similarentitynames	0.185140
Jan 21, 2016 6:28:54 AM edu.wayne.pfsdm.ParametrizedFSDMTraversal getUnigramNode
INFO: SemSearch_ES-36	batman	categories	0.0425414
Jan 21, 2016 6:28:54 AM edu.wayne.pfsdm.ParametrizedFSDMTraversal getUnigramNode
INFO: SemSearch_ES-36	batman	outgoingentitynames	0.00000
Jan 21, 2016 6:28:54 AM edu.wayne.pfsdm.ParametrizedFSDMTraversal getUnigramNode
INFO: SemSearch_ES-36	returns	names	0.275043
Jan 21, 2016 6:28:54 AM edu.wayne.pfsdm.ParametrizedFSDMTraversal getUnigramNode
INFO: SemSearch_ES-36	returns	attributes	0.425031
Jan 21, 2016 6:28:54 AM edu.wayne.pfsdm.ParametrizedFSDMTraversal getUnigramNode
INFO: SemSearch_ES-36	returns	similarentitynames	0.131368
Jan 21, 2016 6:28:54 AM edu.wayne.pfsdm.ParametrizedFSDMTraversal getUnigramNode
INFO: SemSearch_ES-36	returns	categories	0.00000
Jan 21, 2016 6:28:54 AM edu.wayne.pfsdm.ParametrizedFSDMTraversal getUnigramNode
INFO: SemSearch_ES-36	returns	outgoingentitynames	0.168557
Jan 21, 2016 6:28:54 AM edu.wayne.pfsdm.ParametrizedFSDMTraversal getBigramNodes
INFO: SemSearch_ES-36	imdb batman	names	0.272437
Jan 21, 2016 6:28:54 AM edu.wayne.pfsdm.ParametrizedFSDMTraversal getBigramNodes
INFO: SemSearch_ES-36	imdb batman	attributes	0.174864
Jan 21, 2016 6:28:54 AM edu.wayne.pfsdm.ParametrizedFSDMTraversal getBigramNodes
INFO: SemSearch_ES-36	imdb batman	similarentitynames	0.351421
Jan 21, 2016 6:28:54 AM edu.wayne.pfsdm.ParametrizedFSDMTraversal getBigramNodes
INFO: SemSearch_ES-36	imdb batman	categories	0.201278
Jan 21, 2016 6:28:54 AM edu.wayne.pfsdm.ParametrizedFSDMTraversal getBigramNodes
INFO: SemSearch_ES-36	imdb batman	outgoingentitynames	0.00000
Jan 21, 2016 6:28:55 AM edu.wayne.pfsdm.ParametrizedFSDMTraversal getBigramNodes
INFO: SemSearch_ES-36	batman returns	names	0.255137
Jan 21, 2016 6:28:55 AM edu.wayne.pfsdm.ParametrizedFSDMTraversal getBigramNodes
INFO: SemSearch_ES-36	batman returns	attributes	0.132096
Jan 21, 2016 6:28:55 AM edu.wayne.pfsdm.ParametrizedFSDMTraversal getBigramNodes
INFO: SemSearch_ES-36	batman returns	similarentitynames	0.416920
Jan 21, 2016 6:28:55 AM edu.wayne.pfsdm.ParametrizedFSDMTraversal getBigramNodes
INFO: SemSearch_ES-36	batman returns	categories	0.195847
Jan 21, 2016 6:28:55 AM edu.wayne.pfsdm.ParametrizedFSDMTraversal getBigramNodes
INFO: SemSearch_ES-36	batman returns	outgoingentitynames	0.00000
Jan 21, 2016 6:28:55 AM edu.wayne.pfsdm.ParametrizedFSDMTraversal getUnigramNode
INFO: SemSearch_ES-8	aloha	names	0.254128
Jan 21, 2016 6:28:55 AM edu.wayne.pfsdm.ParametrizedFSDMTraversal getUnigramNode
INFO: SemSearch_ES-8	aloha	attributes	0.519818
Jan 21, 2016 6:28:55 AM edu.wayne.pfsdm.ParametrizedFSDMTraversal getUnigramNode
INFO: SemSearch_ES-8	aloha	similarentitynames	0.189593
Jan 21, 2016 6:28:55 AM edu.wayne.pfsdm.ParametrizedFSDMTraversal getUnigramNode
INFO: SemSearch_ES-8	aloha	categories	0.0364614
Jan 21, 2016 6:28:55 AM edu.wayne.pfsdm.ParametrizedFSDMTraversal getUnigramNode
INFO: SemSearch_ES-8	aloha	outgoingentitynames	0.00000
Jan 21, 2016 6:28:55 AM edu.wayne.pfsdm.ParametrizedFSDMTraversal getUnigramNode
INFO: SemSearch_ES-8	sol	names	0.261570
Jan 21, 2016 6:28:55 AM edu.wayne.pfsdm.ParametrizedFSDMTraversal getUnigramNode
INFO: SemSearch_ES-8	sol	attributes	0.515458
Jan 21, 2016 6:28:55 AM edu.wayne.pfsdm.ParametrizedFSDMTraversal getUnigramNode
INFO: SemSearch_ES-8	sol	similarentitynames	0.185565
Jan 21, 2016 6:28:55 AM edu.wayne.pfsdm.ParametrizedFSDMTraversal getUnigramNode
INFO: SemSearch_ES-8	sol	categories	0.0374076
Jan 21, 2016 6:28:55 AM edu.wayne.pfsdm.ParametrizedFSDMTraversal getUnigramNode
INFO: SemSearch_ES-8	sol	outgoingentitynames	0.00000
Jan 21, 2016 6:28:55 AM edu.wayne.pfsdm.ParametrizedFSDMTraversal getBigramNodes
INFO: SemSearch_ES-8	aloha sol	names	0.273436
Jan 21, 2016 6:28:55 AM edu.wayne.pfsdm.ParametrizedFSDMTraversal getBigramNodes
INFO: SemSearch_ES-8	aloha sol	attributes	0.165697
Jan 21, 2016 6:28:55 AM edu.wayne.pfsdm.ParametrizedFSDMTraversal getBigramNodes
INFO: SemSearch_ES-8	aloha sol	similarentitynames	0.355396
Jan 21, 2016 6:28:55 AM edu.wayne.pfsdm.ParametrizedFSDMTraversal getBigramNodes
INFO: SemSearch_ES-8	aloha sol	categories	0.205470
Jan 21, 2016 6:28:55 AM edu.wayne.pfsdm.ParametrizedFSDMTraversal getBigramNodes
INFO: SemSearch_ES-8	aloha sol	outgoingentitynames	0.00000
Jan 21, 2016 6:28:55 AM edu.wayne.pfsdm.ParametrizedFSDMTraversal getUnigramNode
INFO: SemSearch_ES-71	richmond	names	0.246396
Jan 21, 2016 6:28:55 AM edu.wayne.pfsdm.ParametrizedFSDMTraversal getUnigramNode
INFO: SemSearch_ES-71	richmond	attributes	0.525043
Jan 21, 2016 6:28:55 AM edu.wayne.pfsdm.ParametrizedFSDMTraversal getUnigramNode
INFO: SemSearch_ES-71	richmond	similarentitynames	0.180117
Jan 21, 2016 6:28:55 AM edu.wayne.pfsdm.ParametrizedFSDMTraversal getUnigramNode
INFO: SemSearch_ES-71	richmond	categories	0.0484450
Jan 21, 2016 6:28:55 AM edu.wayne.pfsdm.ParametrizedFSDMTraversal getUnigramNode
INFO: SemSearch_ES-71	richmond	outgoingentitynames	0.00000
Jan 21, 2016 6:28:55 AM edu.wayne.pfsdm.ParametrizedFSDMTraversal getUnigramNode
INFO: SemSearch_ES-71	virginia	names	0.255077
Jan 21, 2016 6:28:55 AM edu.wayne.pfsdm.ParametrizedFSDMTraversal getUnigramNode
INFO: SemSearch_ES-71	virginia	attributes	0.512312
Jan 21, 2016 6:28:55 AM edu.wayne.pfsdm.ParametrizedFSDMTraversal getUnigramNode
INFO: SemSearch_ES-71	virginia	similarentitynames	0.180651
Jan 21, 2016 6:28:55 AM edu.wayne.pfsdm.ParametrizedFSDMTraversal getUnigramNode
INFO: SemSearch_ES-71	virginia	categories	0.0519596
Jan 21, 2016 6:28:55 AM edu.wayne.pfsdm.ParametrizedFSDMTraversal getUnigramNode
INFO: SemSearch_ES-71	virginia	outgoingentitynames	0.00000
Jan 21, 2016 6:28:56 AM edu.wayne.pfsdm.ParametrizedFSDMTraversal getBigramNodes
INFO: SemSearch_ES-71	richmond virginia	names	0.271563
Jan 21, 2016 6:28:56 AM edu.wayne.pfsdm.ParametrizedFSDMTraversal getBigramNodes
INFO: SemSearch_ES-71	richmond virginia	attributes	0.165999
Jan 21, 2016 6:28:56 AM edu.wayne.pfsdm.ParametrizedFSDMTraversal getBigramNodes
INFO: SemSearch_ES-71	richmond virginia	similarentitynames	0.369800
Jan 21, 2016 6:28:56 AM edu.wayne.pfsdm.ParametrizedFSDMTraversal getBigramNodes
INFO: SemSearch_ES-71	richmond virginia	categories	0.192639
Jan 21, 2016 6:28:56 AM edu.wayne.pfsdm.ParametrizedFSDMTraversal getBigramNodes
INFO: SemSearch_ES-71	richmond virginia	outgoingentitynames	0.00000
Jan 21, 2016 6:28:56 AM edu.wayne.pfsdm.ParametrizedFSDMTraversal getUnigramNode
INFO: SemSearch_ES-14	ben	names	0.266356
Jan 21, 2016 6:28:56 AM edu.wayne.pfsdm.ParametrizedFSDMTraversal getUnigramNode
INFO: SemSearch_ES-14	ben	attributes	0.509256
Jan 21, 2016 6:28:56 AM edu.wayne.pfsdm.ParametrizedFSDMTraversal getUnigramNode
INFO: SemSearch_ES-14	ben	similarentitynames	0.191378
Jan 21, 2016 6:28:56 AM edu.wayne.pfsdm.ParametrizedFSDMTraversal getUnigramNode
INFO: SemSearch_ES-14	ben	categories	0.0330095
Jan 21, 2016 6:28:56 AM edu.wayne.pfsdm.ParametrizedFSDMTraversal getUnigramNode
INFO: SemSearch_ES-14	ben	outgoingentitynames	0.00000
Jan 21, 2016 6:28:56 AM edu.wayne.pfsdm.ParametrizedFSDMTraversal getUnigramNode
INFO: SemSearch_ES-14	franklin	names	0.257909
Jan 21, 2016 6:28:56 AM edu.wayne.pfsdm.ParametrizedFSDMTraversal getUnigramNode
INFO: SemSearch_ES-14	franklin	attributes	0.510990
Jan 21, 2016 6:28:56 AM edu.wayne.pfsdm.ParametrizedFSDMTraversal getUnigramNode
INFO: SemSearch_ES-14	franklin	similarentitynames	0.186826
Jan 21, 2016 6:28:56 AM edu.wayne.pfsdm.ParametrizedFSDMTraversal getUnigramNode
INFO: SemSearch_ES-14	franklin	categories	0.0442750
Jan 21, 2016 6:28:56 AM edu.wayne.pfsdm.ParametrizedFSDMTraversal getUnigramNode
INFO: SemSearch_ES-14	franklin	outgoingentitynames	0.00000
Jan 21, 2016 6:28:57 AM edu.wayne.pfsdm.ParametrizedFSDMTraversal getBigramNodes
INFO: SemSearch_ES-14	ben franklin	names	0.277517
Jan 21, 2016 6:28:57 AM edu.wayne.pfsdm.ParametrizedFSDMTraversal getBigramNodes
INFO: SemSearch_ES-14	ben franklin	attributes	0.167313
Jan 21, 2016 6:28:57 AM edu.wayne.pfsdm.ParametrizedFSDMTraversal getBigramNodes
INFO: SemSearch_ES-14	ben franklin	similarentitynames	0.368830
Jan 21, 2016 6:28:57 AM edu.wayne.pfsdm.ParametrizedFSDMTraversal getBigramNodes
INFO: SemSearch_ES-14	ben franklin	categories	0.186340
Jan 21, 2016 6:28:57 AM edu.wayne.pfsdm.ParametrizedFSDMTraversal getBigramNodes
INFO: SemSearch_ES-14	ben franklin	outgoingentitynames	0.00000
Jan 21, 2016 6:28:58 AM edu.wayne.pfsdm.ParametrizedFSDMTraversal getUnigramNode
INFO: SemSearch_ES-16	brooklyn	names	0.233405
Jan 21, 2016 6:28:58 AM edu.wayne.pfsdm.ParametrizedFSDMTraversal getUnigramNode
INFO: SemSearch_ES-16	brooklyn	attributes	0.546317
Jan 21, 2016 6:28:58 AM edu.wayne.pfsdm.ParametrizedFSDMTraversal getUnigramNode
INFO: SemSearch_ES-16	brooklyn	similarentitynames	0.169063
Jan 21, 2016 6:28:58 AM edu.wayne.pfsdm.ParametrizedFSDMTraversal getUnigramNode
INFO: SemSearch_ES-16	brooklyn	categories	0.0512148
Jan 21, 2016 6:28:58 AM edu.wayne.pfsdm.ParametrizedFSDMTraversal getUnigramNode
INFO: SemSearch_ES-16	brooklyn	outgoingentitynames	0.00000
Jan 21, 2016 6:28:58 AM edu.wayne.pfsdm.ParametrizedFSDMTraversal getUnigramNode
INFO: SemSearch_ES-16	bridge	names	0.250432
Jan 21, 2016 6:28:58 AM edu.wayne.pfsdm.ParametrizedFSDMTraversal getUnigramNode
INFO: SemSearch_ES-16	bridge	attributes	0.524033
Jan 21, 2016 6:28:58 AM edu.wayne.pfsdm.ParametrizedFSDMTraversal getUnigramNode
INFO: SemSearch_ES-16	bridge	similarentitynames	0.178946
Jan 21, 2016 6:28:58 AM edu.wayne.pfsdm.ParametrizedFSDMTraversal getUnigramNode
INFO: SemSearch_ES-16	bridge	categories	0.0465879
Jan 21, 2016 6:28:58 AM edu.wayne.pfsdm.ParametrizedFSDMTraversal getUnigramNode
INFO: SemSearch_ES-16	bridge	outgoingentitynames	0.00000
Jan 21, 2016 6:28:58 AM edu.wayne.pfsdm.ParametrizedFSDMTraversal getBigramNodes
INFO: SemSearch_ES-16	brooklyn bridge	names	0.272156
Jan 21, 2016 6:28:58 AM edu.wayne.pfsdm.ParametrizedFSDMTraversal getBigramNodes
INFO: SemSearch_ES-16	brooklyn bridge	attributes	0.165922
Jan 21, 2016 6:28:58 AM edu.wayne.pfsdm.ParametrizedFSDMTraversal getBigramNodes
INFO: SemSearch_ES-16	brooklyn bridge	similarentitynames	0.371845
Jan 21, 2016 6:28:58 AM edu.wayne.pfsdm.ParametrizedFSDMTraversal getBigramNodes
INFO: SemSearch_ES-16	brooklyn bridge	categories	0.190077
Jan 21, 2016 6:28:58 AM edu.wayne.pfsdm.ParametrizedFSDMTraversal getBigramNodes
INFO: SemSearch_ES-16	brooklyn bridge	outgoingentitynames	0.00000
Jan 21, 2016 6:28:59 AM edu.wayne.pfsdm.ParametrizedFSDMTraversal getUnigramNode
INFO: SemSearch_ES-140	toledo	names	0.250540
Jan 21, 2016 6:28:59 AM edu.wayne.pfsdm.ParametrizedFSDMTraversal getUnigramNode
INFO: SemSearch_ES-140	toledo	attributes	0.515284
Jan 21, 2016 6:28:59 AM edu.wayne.pfsdm.ParametrizedFSDMTraversal getUnigramNode
INFO: SemSearch_ES-140	toledo	similarentitynames	0.184435
Jan 21, 2016 6:28:59 AM edu.wayne.pfsdm.ParametrizedFSDMTraversal getUnigramNode
INFO: SemSearch_ES-140	toledo	categories	0.0497404
Jan 21, 2016 6:28:59 AM edu.wayne.pfsdm.ParametrizedFSDMTraversal getUnigramNode
INFO: SemSearch_ES-140	toledo	outgoingentitynames	0.00000
Jan 21, 2016 6:28:59 AM edu.wayne.pfsdm.ParametrizedFSDMTraversal getUnigramNode
INFO: SemSearch_ES-140	bend	names	0.250167
Jan 21, 2016 6:28:59 AM edu.wayne.pfsdm.ParametrizedFSDMTraversal getUnigramNode
INFO: SemSearch_ES-140	bend	attributes	0.525367
Jan 21, 2016 6:28:59 AM edu.wayne.pfsdm.ParametrizedFSDMTraversal getUnigramNode
INFO: SemSearch_ES-140	bend	similarentitynames	0.181831
Jan 21, 2016 6:28:59 AM edu.wayne.pfsdm.ParametrizedFSDMTraversal getUnigramNode
INFO: SemSearch_ES-140	bend	categories	0.0426349
Jan 21, 2016 6:28:59 AM edu.wayne.pfsdm.ParametrizedFSDMTraversal getUnigramNode
INFO: SemSearch_ES-140	bend	outgoingentitynames	0.00000
Jan 21, 2016 6:28:59 AM edu.wayne.pfsdm.ParametrizedFSDMTraversal getUnigramNode
INFO: SemSearch_ES-140	realty	names	0.248230
Jan 21, 2016 6:28:59 AM edu.wayne.pfsdm.ParametrizedFSDMTraversal getUnigramNode
INFO: SemSearch_ES-140	realty	attributes	0.534790
Jan 21, 2016 6:28:59 AM edu.wayne.pfsdm.ParametrizedFSDMTraversal getUnigramNode
INFO: SemSearch_ES-140	realty	similarentitynames	0.181576
Jan 21, 2016 6:28:59 AM edu.wayne.pfsdm.ParametrizedFSDMTraversal getUnigramNode
INFO: SemSearch_ES-140	realty	categories	0.0354047
Jan 21, 2016 6:28:59 AM edu.wayne.pfsdm.ParametrizedFSDMTraversal getUnigramNode
INFO: SemSearch_ES-140	realty	outgoingentitynames	0.00000
Jan 21, 2016 6:28:59 AM edu.wayne.pfsdm.ParametrizedFSDMTraversal getBigramNodes
INFO: SemSearch_ES-140	toledo bend	names	0.281201
Jan 21, 2016 6:28:59 AM edu.wayne.pfsdm.ParametrizedFSDMTraversal getBigramNodes
INFO: SemSearch_ES-140	toledo bend	attributes	0.167724
Jan 21, 2016 6:28:59 AM edu.wayne.pfsdm.ParametrizedFSDMTraversal getBigramNodes
INFO: SemSearch_ES-140	toledo bend	similarentitynames	0.360841
Jan 21, 2016 6:28:59 AM edu.wayne.pfsdm.ParametrizedFSDMTraversal getBigramNodes
INFO: SemSearch_ES-140	toledo bend	categories	0.190234
Jan 21, 2016 6:28:59 AM edu.wayne.pfsdm.ParametrizedFSDMTraversal getBigramNodes
INFO: SemSearch_ES-140	toledo bend	outgoingentitynames	0.00000
Jan 21, 2016 6:29:00 AM edu.wayne.pfsdm.ParametrizedFSDMTraversal getBigramNodes
INFO: SemSearch_ES-140	bend realty	names	0.277397
Jan 21, 2016 6:29:00 AM edu.wayne.pfsdm.ParametrizedFSDMTraversal getBigramNodes
INFO: SemSearch_ES-140	bend realty	attributes	0.162820
Jan 21, 2016 6:29:00 AM edu.wayne.pfsdm.ParametrizedFSDMTraversal getBigramNodes
INFO: SemSearch_ES-140	bend realty	similarentitynames	0.350563
Jan 21, 2016 6:29:00 AM edu.wayne.pfsdm.ParametrizedFSDMTraversal getBigramNodes
INFO: SemSearch_ES-140	bend realty	categories	0.209219
Jan 21, 2016 6:29:00 AM edu.wayne.pfsdm.ParametrizedFSDMTraversal getBigramNodes
INFO: SemSearch_ES-140	bend realty	outgoingentitynames	0.00000
Jan 21, 2016 6:29:00 AM edu.wayne.pfsdm.ParametrizedFSDMTraversal getUnigramNode
INFO: SemSearch_ES-97	pink	names	0.175292
Jan 21, 2016 6:29:00 AM edu.wayne.pfsdm.ParametrizedFSDMTraversal getUnigramNode
INFO: SemSearch_ES-97	pink	attributes	0.271096
Jan 21, 2016 6:29:00 AM edu.wayne.pfsdm.ParametrizedFSDMTraversal getUnigramNode
INFO: SemSearch_ES-97	pink	similarentitynames	0.375642
Jan 21, 2016 6:29:00 AM edu.wayne.pfsdm.ParametrizedFSDMTraversal getUnigramNode
INFO: SemSearch_ES-97	pink	categories	0.177969
Jan 21, 2016 6:29:00 AM edu.wayne.pfsdm.ParametrizedFSDMTraversal getUnigramNode
INFO: SemSearch_ES-97	pink	outgoingentitynames	0.00000
Jan 21, 2016 6:29:00 AM edu.wayne.pfsdm.ParametrizedFSDMTraversal getUnigramNode
INFO: SemSearch_ES-97	panther	names	0.175170
Jan 21, 2016 6:29:00 AM edu.wayne.pfsdm.ParametrizedFSDMTraversal getUnigramNode
INFO: SemSearch_ES-97	panther	attributes	0.260053
Jan 21, 2016 6:29:00 AM edu.wayne.pfsdm.ParametrizedFSDMTraversal getUnigramNode
INFO: SemSearch_ES-97	panther	similarentitynames	0.379222
Jan 21, 2016 6:29:00 AM edu.wayne.pfsdm.ParametrizedFSDMTraversal getUnigramNode
INFO: SemSearch_ES-97	panther	categories	0.185555
Jan 21, 2016 6:29:00 AM edu.wayne.pfsdm.ParametrizedFSDMTraversal getUnigramNode
INFO: SemSearch_ES-97	panther	outgoingentitynames	0.00000
Jan 21, 2016 6:29:00 AM edu.wayne.pfsdm.ParametrizedFSDMTraversal getUnigramNode
INFO: SemSearch_ES-97	2	names	0.226682
Jan 21, 2016 6:29:00 AM edu.wayne.pfsdm.ParametrizedFSDMTraversal getUnigramNode
INFO: SemSearch_ES-97	2	attributes	0.571878
Jan 21, 2016 6:29:00 AM edu.wayne.pfsdm.ParametrizedFSDMTraversal getUnigramNode
INFO: SemSearch_ES-97	2	similarentitynames	0.166516
Jan 21, 2016 6:29:00 AM edu.wayne.pfsdm.ParametrizedFSDMTraversal getUnigramNode
INFO: SemSearch_ES-97	2	categories	0.0349231
Jan 21, 2016 6:29:00 AM edu.wayne.pfsdm.ParametrizedFSDMTraversal getUnigramNode
INFO: SemSearch_ES-97	2	outgoingentitynames	0.00000
Jan 21, 2016 6:29:01 AM edu.wayne.pfsdm.ParametrizedFSDMTraversal getBigramNodes
INFO: SemSearch_ES-97	pink panther	names	0.269667
Jan 21, 2016 6:29:01 AM edu.wayne.pfsdm.ParametrizedFSDMTraversal getBigramNodes
INFO: SemSearch_ES-97	pink panther	attributes	0.165492
Jan 21, 2016 6:29:01 AM edu.wayne.pfsdm.ParametrizedFSDMTraversal getBigramNodes
INFO: SemSearch_ES-97	pink panther	similarentitynames	0.378933
Jan 21, 2016 6:29:01 AM edu.wayne.pfsdm.ParametrizedFSDMTraversal getBigramNodes
INFO: SemSearch_ES-97	pink panther	categories	0.185909
Jan 21, 2016 6:29:01 AM edu.wayne.pfsdm.ParametrizedFSDMTraversal getBigramNodes
INFO: SemSearch_ES-97	pink panther	outgoingentitynames	0.00000
Jan 21, 2016 6:29:03 AM edu.wayne.pfsdm.ParametrizedFSDMTraversal getBigramNodes
INFO: SemSearch_ES-97	panther 2	names	0.274404
Jan 21, 2016 6:29:03 AM edu.wayne.pfsdm.ParametrizedFSDMTraversal getBigramNodes
INFO: SemSearch_ES-97	panther 2	attributes	0.161904
Jan 21, 2016 6:29:03 AM edu.wayne.pfsdm.ParametrizedFSDMTraversal getBigramNodes
INFO: SemSearch_ES-97	panther 2	similarentitynames	0.497321
Jan 21, 2016 6:29:03 AM edu.wayne.pfsdm.ParametrizedFSDMTraversal getBigramNodes
INFO: SemSearch_ES-97	panther 2	categories	0.0663708
Jan 21, 2016 6:29:03 AM edu.wayne.pfsdm.ParametrizedFSDMTraversal getBigramNodes
INFO: SemSearch_ES-97	panther 2	outgoingentitynames	0.00000
Jan 21, 2016 6:29:04 AM edu.wayne.pfsdm.ParametrizedFSDMTraversal getUnigramNode
INFO: SemSearch_ES-89	university	names	0.238327
Jan 21, 2016 6:29:04 AM edu.wayne.pfsdm.ParametrizedFSDMTraversal getUnigramNode
INFO: SemSearch_ES-89	university	attributes	0.537674
Jan 21, 2016 6:29:04 AM edu.wayne.pfsdm.ParametrizedFSDMTraversal getUnigramNode
INFO: SemSearch_ES-89	university	similarentitynames	0.170874
Jan 21, 2016 6:29:04 AM edu.wayne.pfsdm.ParametrizedFSDMTraversal getUnigramNode
INFO: SemSearch_ES-89	university	categories	0.0531245
Jan 21, 2016 6:29:04 AM edu.wayne.pfsdm.ParametrizedFSDMTraversal getUnigramNode
INFO: SemSearch_ES-89	university	outgoingentitynames	0.00000
Jan 21, 2016 6:29:04 AM edu.wayne.pfsdm.ParametrizedFSDMTraversal getUnigramNode
INFO: SemSearch_ES-89	north	names	0.233216
Jan 21, 2016 6:29:04 AM edu.wayne.pfsdm.ParametrizedFSDMTraversal getUnigramNode
INFO: SemSearch_ES-89	north	attributes	0.552150
Jan 21, 2016 6:29:04 AM edu.wayne.pfsdm.ParametrizedFSDMTraversal getUnigramNode
INFO: SemSearch_ES-89	north	similarentitynames	0.168008
Jan 21, 2016 6:29:04 AM edu.wayne.pfsdm.ParametrizedFSDMTraversal getUnigramNode
INFO: SemSearch_ES-89	north	categories	0.0466255
Jan 21, 2016 6:29:04 AM edu.wayne.pfsdm.ParametrizedFSDMTraversal getUnigramNode
INFO: SemSearch_ES-89	north	outgoingentitynames	0.00000
Jan 21, 2016 6:29:05 AM edu.wayne.pfsdm.ParametrizedFSDMTraversal getUnigramNode
INFO: SemSearch_ES-89	dakota	names	0.257868
Jan 21, 2016 6:29:05 AM edu.wayne.pfsdm.ParametrizedFSDMTraversal getUnigramNode
INFO: SemSearch_ES-89	dakota	attributes	0.506344
Jan 21, 2016 6:29:05 AM edu.wayne.pfsdm.ParametrizedFSDMTraversal getUnigramNode
INFO: SemSearch_ES-89	dakota	similarentitynames	0.185070
Jan 21, 2016 6:29:05 AM edu.wayne.pfsdm.ParametrizedFSDMTraversal getUnigramNode
INFO: SemSearch_ES-89	dakota	categories	0.0507174
Jan 21, 2016 6:29:05 AM edu.wayne.pfsdm.ParametrizedFSDMTraversal getUnigramNode
INFO: SemSearch_ES-89	dakota	outgoingentitynames	0.00000
Jan 21, 2016 6:29:09 AM edu.wayne.pfsdm.ParametrizedFSDMTraversal getBigramNodes
INFO: SemSearch_ES-89	university north	names	0.269855
Jan 21, 2016 6:29:09 AM edu.wayne.pfsdm.ParametrizedFSDMTraversal getBigramNodes
INFO: SemSearch_ES-89	university north	attributes	0.167986
Jan 21, 2016 6:29:09 AM edu.wayne.pfsdm.ParametrizedFSDMTraversal getBigramNodes
INFO: SemSearch_ES-89	university north	similarentitynames	0.479753
Jan 21, 2016 6:29:09 AM edu.wayne.pfsdm.ParametrizedFSDMTraversal getBigramNodes
INFO: SemSearch_ES-89	university north	categories	0.0824066
Jan 21, 2016 6:29:09 AM edu.wayne.pfsdm.ParametrizedFSDMTraversal getBigramNodes
INFO: SemSearch_ES-89	university north	outgoingentitynames	0.00000
Jan 21, 2016 6:29:10 AM edu.wayne.pfsdm.ParametrizedFSDMTraversal getBigramNodes
INFO: SemSearch_ES-89	north dakota	names	0.279899
Jan 21, 2016 6:29:10 AM edu.wayne.pfsdm.ParametrizedFSDMTraversal getBigramNodes
INFO: SemSearch_ES-89	north dakota	attributes	0.167515
Jan 21, 2016 6:29:10 AM edu.wayne.pfsdm.ParametrizedFSDMTraversal getBigramNodes
INFO: SemSearch_ES-89	north dakota	similarentitynames	0.365355
Jan 21, 2016 6:29:10 AM edu.wayne.pfsdm.ParametrizedFSDMTraversal getBigramNodes
INFO: SemSearch_ES-89	north dakota	categories	0.187231
Jan 21, 2016 6:29:10 AM edu.wayne.pfsdm.ParametrizedFSDMTraversal getBigramNodes
INFO: SemSearch_ES-89	north dakota	outgoingentitynames	0.00000
Jan 21, 2016 6:29:12 AM edu.wayne.pfsdm.ParametrizedFSDMTraversal getUnigramNode
INFO: SemSearch_ES-63	old	names	0.233405
Jan 21, 2016 6:29:12 AM edu.wayne.pfsdm.ParametrizedFSDMTraversal getUnigramNode
INFO: SemSearch_ES-63	old	attributes	0.551030
Jan 21, 2016 6:29:12 AM edu.wayne.pfsdm.ParametrizedFSDMTraversal getUnigramNode
INFO: SemSearch_ES-63	old	similarentitynames	0.168952
Jan 21, 2016 6:29:12 AM edu.wayne.pfsdm.ParametrizedFSDMTraversal getUnigramNode
INFO: SemSearch_ES-63	old	categories	0.0466129
Jan 21, 2016 6:29:12 AM edu.wayne.pfsdm.ParametrizedFSDMTraversal getUnigramNode
INFO: SemSearch_ES-63	old	outgoingentitynames	0.00000
Jan 21, 2016 6:29:12 AM edu.wayne.pfsdm.ParametrizedFSDMTraversal getUnigramNode
INFO: SemSearch_ES-63	winchester	names	0.246349
Jan 21, 2016 6:29:12 AM edu.wayne.pfsdm.ParametrizedFSDMTraversal getUnigramNode
INFO: SemSearch_ES-63	winchester	attributes	0.527050
Jan 21, 2016 6:29:12 AM edu.wayne.pfsdm.ParametrizedFSDMTraversal getUnigramNode
INFO: SemSearch_ES-63	winchester	similarentitynames	0.182169
Jan 21, 2016 6:29:12 AM edu.wayne.pfsdm.ParametrizedFSDMTraversal getUnigramNode
INFO: SemSearch_ES-63	winchester	categories	0.0444313
Jan 21, 2016 6:29:12 AM edu.wayne.pfsdm.ParametrizedFSDMTraversal getUnigramNode
INFO: SemSearch_ES-63	winchester	outgoingentitynames	0.00000
Jan 21, 2016 6:29:12 AM edu.wayne.pfsdm.ParametrizedFSDMTraversal getUnigramNode
INFO: SemSearch_ES-63	shotgun	names	0.282869
Jan 21, 2016 6:29:12 AM edu.wayne.pfsdm.ParametrizedFSDMTraversal getUnigramNode
INFO: SemSearch_ES-63	shotgun	attributes	0.383319
Jan 21, 2016 6:29:12 AM edu.wayne.pfsdm.ParametrizedFSDMTraversal getUnigramNode
INFO: SemSearch_ES-63	shotgun	similarentitynames	0.142286
Jan 21, 2016 6:29:12 AM edu.wayne.pfsdm.ParametrizedFSDMTraversal getUnigramNode
INFO: SemSearch_ES-63	shotgun	categories	0.0322096
Jan 21, 2016 6:29:12 AM edu.wayne.pfsdm.ParametrizedFSDMTraversal getUnigramNode
INFO: SemSearch_ES-63	shotgun	outgoingentitynames	0.159317
Jan 21, 2016 6:29:13 AM edu.wayne.pfsdm.ParametrizedFSDMTraversal getBigramNodes
INFO: SemSearch_ES-63	old winchester	names	0.279318
Jan 21, 2016 6:29:13 AM edu.wayne.pfsdm.ParametrizedFSDMTraversal getBigramNodes
INFO: SemSearch_ES-63	old winchester	attributes	0.170875
Jan 21, 2016 6:29:13 AM edu.wayne.pfsdm.ParametrizedFSDMTraversal getBigramNodes
INFO: SemSearch_ES-63	old winchester	similarentitynames	0.353807
Jan 21, 2016 6:29:13 AM edu.wayne.pfsdm.ParametrizedFSDMTraversal getBigramNodes
INFO: SemSearch_ES-63	old winchester	categories	0.196000
Jan 21, 2016 6:29:13 AM edu.wayne.pfsdm.ParametrizedFSDMTraversal getBigramNodes
INFO: SemSearch_ES-63	old winchester	outgoingentitynames	0.00000
Jan 21, 2016 6:29:14 AM edu.wayne.pfsdm.ParametrizedFSDMTraversal getBigramNodes
INFO: SemSearch_ES-63	winchester shotgun	names	0.251120
Jan 21, 2016 6:29:14 AM edu.wayne.pfsdm.ParametrizedFSDMTraversal getBigramNodes
INFO: SemSearch_ES-63	winchester shotgun	attributes	0.125825
Jan 21, 2016 6:29:14 AM edu.wayne.pfsdm.ParametrizedFSDMTraversal getBigramNodes
INFO: SemSearch_ES-63	winchester shotgun	similarentitynames	0.417045
Jan 21, 2016 6:29:14 AM edu.wayne.pfsdm.ParametrizedFSDMTraversal getBigramNodes
INFO: SemSearch_ES-63	winchester shotgun	categories	0.206010
Jan 21, 2016 6:29:14 AM edu.wayne.pfsdm.ParametrizedFSDMTraversal getBigramNodes
INFO: SemSearch_ES-63	winchester shotgun	outgoingentitynames	0.00000
Jan 21, 2016 6:29:14 AM edu.wayne.pfsdm.ParametrizedFSDMTraversal getUnigramNode
INFO: SemSearch_ES-2	b	names	0.173486
Jan 21, 2016 6:29:14 AM edu.wayne.pfsdm.ParametrizedFSDMTraversal getUnigramNode
INFO: SemSearch_ES-2	b	attributes	0.275632
Jan 21, 2016 6:29:14 AM edu.wayne.pfsdm.ParametrizedFSDMTraversal getUnigramNode
INFO: SemSearch_ES-2	b	similarentitynames	0.374134
Jan 21, 2016 6:29:14 AM edu.wayne.pfsdm.ParametrizedFSDMTraversal getUnigramNode
INFO: SemSearch_ES-2	b	categories	0.176748
Jan 21, 2016 6:29:14 AM edu.wayne.pfsdm.ParametrizedFSDMTraversal getUnigramNode
INFO: SemSearch_ES-2	b	outgoingentitynames	0.00000
Jan 21, 2016 6:29:14 AM edu.wayne.pfsdm.ParametrizedFSDMTraversal getUnigramNode
INFO: SemSearch_ES-2	f	names	0.175155
Jan 21, 2016 6:29:14 AM edu.wayne.pfsdm.ParametrizedFSDMTraversal getUnigramNode
INFO: SemSearch_ES-2	f	attributes	0.275419
Jan 21, 2016 6:29:14 AM edu.wayne.pfsdm.ParametrizedFSDMTraversal getUnigramNode
INFO: SemSearch_ES-2	f	similarentitynames	0.376075
Jan 21, 2016 6:29:14 AM edu.wayne.pfsdm.ParametrizedFSDMTraversal getUnigramNode
INFO: SemSearch_ES-2	f	categories	0.173350
Jan 21, 2016 6:29:14 AM edu.wayne.pfsdm.ParametrizedFSDMTraversal getUnigramNode
INFO: SemSearch_ES-2	f	outgoingentitynames	0.00000
Jan 21, 2016 6:29:14 AM edu.wayne.pfsdm.ParametrizedFSDMTraversal getUnigramNode
INFO: SemSearch_ES-2	skin	names	0.174615
Jan 21, 2016 6:29:14 AM edu.wayne.pfsdm.ParametrizedFSDMTraversal getUnigramNode
INFO: SemSearch_ES-2	skin	attributes	0.272297
Jan 21, 2016 6:29:14 AM edu.wayne.pfsdm.ParametrizedFSDMTraversal getUnigramNode
INFO: SemSearch_ES-2	skin	similarentitynames	0.375555
Jan 21, 2016 6:29:14 AM edu.wayne.pfsdm.ParametrizedFSDMTraversal getUnigramNode
INFO: SemSearch_ES-2	skin	categories	0.177533
Jan 21, 2016 6:29:14 AM edu.wayne.pfsdm.ParametrizedFSDMTraversal getUnigramNode
INFO: SemSearch_ES-2	skin	outgoingentitynames	0.00000
Jan 21, 2016 6:29:16 AM edu.wayne.pfsdm.ParametrizedFSDMTraversal getBigramNodes
INFO: SemSearch_ES-2	b f	names	0.280997
Jan 21, 2016 6:29:16 AM edu.wayne.pfsdm.ParametrizedFSDMTraversal getBigramNodes
INFO: SemSearch_ES-2	b f	attributes	0.168614
Jan 21, 2016 6:29:16 AM edu.wayne.pfsdm.ParametrizedFSDMTraversal getBigramNodes
INFO: SemSearch_ES-2	b f	similarentitynames	0.474104
Jan 21, 2016 6:29:16 AM edu.wayne.pfsdm.ParametrizedFSDMTraversal getBigramNodes
INFO: SemSearch_ES-2	b f	categories	0.0762854
Jan 21, 2016 6:29:16 AM edu.wayne.pfsdm.ParametrizedFSDMTraversal getBigramNodes
INFO: SemSearch_ES-2	b f	outgoingentitynames	0.00000
Jan 21, 2016 6:29:17 AM edu.wayne.pfsdm.ParametrizedFSDMTraversal getBigramNodes
INFO: SemSearch_ES-2	f skin	names	0.271234
Jan 21, 2016 6:29:17 AM edu.wayne.pfsdm.ParametrizedFSDMTraversal getBigramNodes
INFO: SemSearch_ES-2	f skin	attributes	0.152265
Jan 21, 2016 6:29:17 AM edu.wayne.pfsdm.ParametrizedFSDMTraversal getBigramNodes
INFO: SemSearch_ES-2	f skin	similarentitynames	0.501552
Jan 21, 2016 6:29:17 AM edu.wayne.pfsdm.ParametrizedFSDMTraversal getBigramNodes
INFO: SemSearch_ES-2	f skin	categories	0.0749496
Jan 21, 2016 6:29:17 AM edu.wayne.pfsdm.ParametrizedFSDMTraversal getBigramNodes
INFO: SemSearch_ES-2	f skin	outgoingentitynames	0.00000
Jan 21, 2016 6:29:18 AM edu.wayne.pfsdm.ParametrizedFSDMTraversal getUnigramNode
INFO: SemSearch_ES-131	scpa	names	0.177269
Jan 21, 2016 6:29:18 AM edu.wayne.pfsdm.ParametrizedFSDMTraversal getUnigramNode
INFO: SemSearch_ES-131	scpa	attributes	0.285648
Jan 21, 2016 6:29:18 AM edu.wayne.pfsdm.ParametrizedFSDMTraversal getUnigramNode
INFO: SemSearch_ES-131	scpa	similarentitynames	0.378807
Jan 21, 2016 6:29:18 AM edu.wayne.pfsdm.ParametrizedFSDMTraversal getUnigramNode
INFO: SemSearch_ES-131	scpa	categories	0.158276
Jan 21, 2016 6:29:18 AM edu.wayne.pfsdm.ParametrizedFSDMTraversal getUnigramNode
INFO: SemSearch_ES-131	scpa	outgoingentitynames	0.00000
Jan 21, 2016 6:29:18 AM edu.wayne.pfsdm.ParametrizedFSDMTraversal getUnigramNode
INFO: SemSearch_ES-131	san	names	0.174739
Jan 21, 2016 6:29:18 AM edu.wayne.pfsdm.ParametrizedFSDMTraversal getUnigramNode
INFO: SemSearch_ES-131	san	attributes	0.259282
Jan 21, 2016 6:29:18 AM edu.wayne.pfsdm.ParametrizedFSDMTraversal getUnigramNode
INFO: SemSearch_ES-131	san	similarentitynames	0.381913
Jan 21, 2016 6:29:18 AM edu.wayne.pfsdm.ParametrizedFSDMTraversal getUnigramNode
INFO: SemSearch_ES-131	san	categories	0.184066
Jan 21, 2016 6:29:18 AM edu.wayne.pfsdm.ParametrizedFSDMTraversal getUnigramNode
INFO: SemSearch_ES-131	san	outgoingentitynames	0.00000
Jan 21, 2016 6:29:18 AM edu.wayne.pfsdm.ParametrizedFSDMTraversal getUnigramNode
INFO: SemSearch_ES-131	diego	names	0.175604
Jan 21, 2016 6:29:18 AM edu.wayne.pfsdm.ParametrizedFSDMTraversal getUnigramNode
INFO: SemSearch_ES-131	diego	attributes	0.257556
Jan 21, 2016 6:29:18 AM edu.wayne.pfsdm.ParametrizedFSDMTraversal getUnigramNode
INFO: SemSearch_ES-131	diego	similarentitynames	0.381281
Jan 21, 2016 6:29:18 AM edu.wayne.pfsdm.ParametrizedFSDMTraversal getUnigramNode
INFO: SemSearch_ES-131	diego	categories	0.185559
Jan 21, 2016 6:29:18 AM edu.wayne.pfsdm.ParametrizedFSDMTraversal getUnigramNode
INFO: SemSearch_ES-131	diego	outgoingentitynames	0.00000
Jan 21, 2016 6:29:19 AM edu.wayne.pfsdm.ParametrizedFSDMTraversal getBigramNodes
INFO: SemSearch_ES-131	scpa san	names	0.274707
Jan 21, 2016 6:29:19 AM edu.wayne.pfsdm.ParametrizedFSDMTraversal getBigramNodes
INFO: SemSearch_ES-131	scpa san	attributes	0.172946
Jan 21, 2016 6:29:19 AM edu.wayne.pfsdm.ParametrizedFSDMTraversal getBigramNodes
INFO: SemSearch_ES-131	scpa san	similarentitynames	0.356875
Jan 21, 2016 6:29:19 AM edu.wayne.pfsdm.ParametrizedFSDMTraversal getBigramNodes
INFO: SemSearch_ES-131	scpa san	categories	0.195472
Jan 21, 2016 6:29:19 AM edu.wayne.pfsdm.ParametrizedFSDMTraversal getBigramNodes
INFO: SemSearch_ES-131	scpa san	outgoingentitynames	0.00000
Jan 21, 2016 6:29:20 AM edu.wayne.pfsdm.ParametrizedFSDMTraversal getBigramNodes
INFO: SemSearch_ES-131	san diego	names	0.273010
Jan 21, 2016 6:29:20 AM edu.wayne.pfsdm.ParametrizedFSDMTraversal getBigramNodes
INFO: SemSearch_ES-131	san diego	attributes	0.164787
Jan 21, 2016 6:29:20 AM edu.wayne.pfsdm.ParametrizedFSDMTraversal getBigramNodes
INFO: SemSearch_ES-131	san diego	similarentitynames	0.376414
Jan 21, 2016 6:29:20 AM edu.wayne.pfsdm.ParametrizedFSDMTraversal getBigramNodes
INFO: SemSearch_ES-131	san diego	categories	0.185789
Jan 21, 2016 6:29:20 AM edu.wayne.pfsdm.ParametrizedFSDMTraversal getBigramNodes
INFO: SemSearch_ES-131	san diego	outgoingentitynames	0.00000
Jan 21, 2016 6:29:20 AM edu.wayne.pfsdm.ParametrizedFSDMTraversal getUnigramNode
INFO: SemSearch_ES-49	laura	names	0.265391
Jan 21, 2016 6:29:20 AM edu.wayne.pfsdm.ParametrizedFSDMTraversal getUnigramNode
INFO: SemSearch_ES-49	laura	attributes	0.515330
Jan 21, 2016 6:29:20 AM edu.wayne.pfsdm.ParametrizedFSDMTraversal getUnigramNode
INFO: SemSearch_ES-49	laura	similarentitynames	0.186328
Jan 21, 2016 6:29:20 AM edu.wayne.pfsdm.ParametrizedFSDMTraversal getUnigramNode
INFO: SemSearch_ES-49	laura	categories	0.0329516
Jan 21, 2016 6:29:20 AM edu.wayne.pfsdm.ParametrizedFSDMTraversal getUnigramNode
INFO: SemSearch_ES-49	laura	outgoingentitynames	0.00000
Jan 21, 2016 6:29:20 AM edu.wayne.pfsdm.ParametrizedFSDMTraversal getUnigramNode
INFO: SemSearch_ES-49	bush	names	0.249477
Jan 21, 2016 6:29:20 AM edu.wayne.pfsdm.ParametrizedFSDMTraversal getUnigramNode
INFO: SemSearch_ES-49	bush	attributes	0.523023
Jan 21, 2016 6:29:20 AM edu.wayne.pfsdm.ParametrizedFSDMTraversal getUnigramNode
INFO: SemSearch_ES-49	bush	similarentitynames	0.184913
Jan 21, 2016 6:29:20 AM edu.wayne.pfsdm.ParametrizedFSDMTraversal getUnigramNode
INFO: SemSearch_ES-49	bush	categories	0.0425871
Jan 21, 2016 6:29:20 AM edu.wayne.pfsdm.ParametrizedFSDMTraversal getUnigramNode
INFO: SemSearch_ES-49	bush	outgoingentitynames	0.00000
Jan 21, 2016 6:29:21 AM edu.wayne.pfsdm.ParametrizedFSDMTraversal getBigramNodes
INFO: SemSearch_ES-49	laura bush	names	0.278201
Jan 21, 2016 6:29:21 AM edu.wayne.pfsdm.ParametrizedFSDMTraversal getBigramNodes
INFO: SemSearch_ES-49	laura bush	attributes	0.167288
Jan 21, 2016 6:29:21 AM edu.wayne.pfsdm.ParametrizedFSDMTraversal getBigramNodes
INFO: SemSearch_ES-49	laura bush	similarentitynames	0.364418
Jan 21, 2016 6:29:21 AM edu.wayne.pfsdm.ParametrizedFSDMTraversal getBigramNodes
INFO: SemSearch_ES-49	laura bush	categories	0.190093
Jan 21, 2016 6:29:21 AM edu.wayne.pfsdm.ParametrizedFSDMTraversal getBigramNodes
INFO: SemSearch_ES-49	laura bush	outgoingentitynames	0.00000
Jan 21, 2016 6:29:21 AM edu.wayne.pfsdm.ParametrizedFSDMTraversal getUnigramNode
INFO: SemSearch_ES-127	palm	names	0.245169
Jan 21, 2016 6:29:21 AM edu.wayne.pfsdm.ParametrizedFSDMTraversal getUnigramNode
INFO: SemSearch_ES-127	palm	attributes	0.530111
Jan 21, 2016 6:29:21 AM edu.wayne.pfsdm.ParametrizedFSDMTraversal getUnigramNode
INFO: SemSearch_ES-127	palm	similarentitynames	0.181517
Jan 21, 2016 6:29:21 AM edu.wayne.pfsdm.ParametrizedFSDMTraversal getUnigramNode
INFO: SemSearch_ES-127	palm	categories	0.0432035
Jan 21, 2016 6:29:21 AM edu.wayne.pfsdm.ParametrizedFSDMTraversal getUnigramNode
INFO: SemSearch_ES-127	palm	outgoingentitynames	0.00000
Jan 21, 2016 6:29:21 AM edu.wayne.pfsdm.ParametrizedFSDMTraversal getUnigramNode
INFO: SemSearch_ES-127	tungsten	names	0.254148
Jan 21, 2016 6:29:21 AM edu.wayne.pfsdm.ParametrizedFSDMTraversal getUnigramNode
INFO: SemSearch_ES-127	tungsten	attributes	0.522356
Jan 21, 2016 6:29:21 AM edu.wayne.pfsdm.ParametrizedFSDMTraversal getUnigramNode
INFO: SemSearch_ES-127	tungsten	similarentitynames	0.179667
Jan 21, 2016 6:29:21 AM edu.wayne.pfsdm.ParametrizedFSDMTraversal getUnigramNode
INFO: SemSearch_ES-127	tungsten	categories	0.0438285
Jan 21, 2016 6:29:21 AM edu.wayne.pfsdm.ParametrizedFSDMTraversal getUnigramNode
INFO: SemSearch_ES-127	tungsten	outgoingentitynames	0.00000
Jan 21, 2016 6:29:21 AM edu.wayne.pfsdm.ParametrizedFSDMTraversal getUnigramNode
INFO: SemSearch_ES-127	e2	names	0.249664
Jan 21, 2016 6:29:21 AM edu.wayne.pfsdm.ParametrizedFSDMTraversal getUnigramNode
INFO: SemSearch_ES-127	e2	attributes	0.566820
Jan 21, 2016 6:29:21 AM edu.wayne.pfsdm.ParametrizedFSDMTraversal getUnigramNode
INFO: SemSearch_ES-127	e2	similarentitynames	0.183516
Jan 21, 2016 6:29:21 AM edu.wayne.pfsdm.ParametrizedFSDMTraversal getUnigramNode
INFO: SemSearch_ES-127	e2	categories	0.00000
Jan 21, 2016 6:29:21 AM edu.wayne.pfsdm.ParametrizedFSDMTraversal getUnigramNode
INFO: SemSearch_ES-127	e2	outgoingentitynames	0.00000
Jan 21, 2016 6:29:21 AM edu.wayne.pfsdm.ParametrizedFSDMTraversal getUnigramNode
INFO: SemSearch_ES-127	handheld	names	0.271002
Jan 21, 2016 6:29:21 AM edu.wayne.pfsdm.ParametrizedFSDMTraversal getUnigramNode
INFO: SemSearch_ES-127	handheld	attributes	0.398271
Jan 21, 2016 6:29:21 AM edu.wayne.pfsdm.ParametrizedFSDMTraversal getUnigramNode
INFO: SemSearch_ES-127	handheld	similarentitynames	0.137563
Jan 21, 2016 6:29:21 AM edu.wayne.pfsdm.ParametrizedFSDMTraversal getUnigramNode
INFO: SemSearch_ES-127	handheld	categories	0.0317846
Jan 21, 2016 6:29:21 AM edu.wayne.pfsdm.ParametrizedFSDMTraversal getUnigramNode
INFO: SemSearch_ES-127	handheld	outgoingentitynames	0.161379
Jan 21, 2016 6:29:21 AM edu.wayne.pfsdm.ParametrizedFSDMTraversal getBigramNodes
INFO: SemSearch_ES-127	palm tungsten	names	0.277139
Jan 21, 2016 6:29:21 AM edu.wayne.pfsdm.ParametrizedFSDMTraversal getBigramNodes
INFO: SemSearch_ES-127	palm tungsten	attributes	0.165419
Jan 21, 2016 6:29:21 AM edu.wayne.pfsdm.ParametrizedFSDMTraversal getBigramNodes
INFO: SemSearch_ES-127	palm tungsten	similarentitynames	0.369533
Jan 21, 2016 6:29:21 AM edu.wayne.pfsdm.ParametrizedFSDMTraversal getBigramNodes
INFO: SemSearch_ES-127	palm tungsten	categories	0.187909
Jan 21, 2016 6:29:21 AM edu.wayne.pfsdm.ParametrizedFSDMTraversal getBigramNodes
INFO: SemSearch_ES-127	palm tungsten	outgoingentitynames	0.00000
Jan 21, 2016 6:29:22 AM edu.wayne.pfsdm.ParametrizedFSDMTraversal getBigramNodes
INFO: SemSearch_ES-127	tungsten e2	names	0.297412
Jan 21, 2016 6:29:22 AM edu.wayne.pfsdm.ParametrizedFSDMTraversal getBigramNodes
INFO: SemSearch_ES-127	tungsten e2	attributes	0.184319
Jan 21, 2016 6:29:22 AM edu.wayne.pfsdm.ParametrizedFSDMTraversal getBigramNodes
INFO: SemSearch_ES-127	tungsten e2	similarentitynames	0.324701
Jan 21, 2016 6:29:22 AM edu.wayne.pfsdm.ParametrizedFSDMTraversal getBigramNodes
INFO: SemSearch_ES-127	tungsten e2	categories	0.193568
Jan 21, 2016 6:29:22 AM edu.wayne.pfsdm.ParametrizedFSDMTraversal getBigramNodes
INFO: SemSearch_ES-127	tungsten e2	outgoingentitynames	0.00000
Jan 21, 2016 6:29:23 AM edu.wayne.pfsdm.ParametrizedFSDMTraversal getBigramNodes
INFO: SemSearch_ES-127	e2 handheld	names	0.245707
Jan 21, 2016 6:29:23 AM edu.wayne.pfsdm.ParametrizedFSDMTraversal getBigramNodes
INFO: SemSearch_ES-127	e2 handheld	attributes	0.134809
Jan 21, 2016 6:29:23 AM edu.wayne.pfsdm.ParametrizedFSDMTraversal getBigramNodes
INFO: SemSearch_ES-127	e2 handheld	similarentitynames	0.408415
Jan 21, 2016 6:29:23 AM edu.wayne.pfsdm.ParametrizedFSDMTraversal getBigramNodes
INFO: SemSearch_ES-127	e2 handheld	categories	0.211068
Jan 21, 2016 6:29:23 AM edu.wayne.pfsdm.ParametrizedFSDMTraversal getBigramNodes
INFO: SemSearch_ES-127	e2 handheld	outgoingentitynames	0.00000
Jan 21, 2016 6:29:23 AM edu.wayne.pfsdm.ParametrizedFSDMTraversal getUnigramNode
INFO: SemSearch_ES-115	goodwill	names	0.246383
Jan 21, 2016 6:29:23 AM edu.wayne.pfsdm.ParametrizedFSDMTraversal getUnigramNode
INFO: SemSearch_ES-115	goodwill	attributes	0.536052
Jan 21, 2016 6:29:23 AM edu.wayne.pfsdm.ParametrizedFSDMTraversal getUnigramNode
INFO: SemSearch_ES-115	goodwill	similarentitynames	0.177084
Jan 21, 2016 6:29:23 AM edu.wayne.pfsdm.ParametrizedFSDMTraversal getUnigramNode
INFO: SemSearch_ES-115	goodwill	categories	0.0404815
Jan 21, 2016 6:29:23 AM edu.wayne.pfsdm.ParametrizedFSDMTraversal getUnigramNode
INFO: SemSearch_ES-115	goodwill	outgoingentitynames	0.00000
Jan 21, 2016 6:29:23 AM edu.wayne.pfsdm.ParametrizedFSDMTraversal getUnigramNode
INFO: SemSearch_ES-115	michigan	names	0.251145
Jan 21, 2016 6:29:23 AM edu.wayne.pfsdm.ParametrizedFSDMTraversal getUnigramNode
INFO: SemSearch_ES-115	michigan	attributes	0.509118
Jan 21, 2016 6:29:23 AM edu.wayne.pfsdm.ParametrizedFSDMTraversal getUnigramNode
INFO: SemSearch_ES-115	michigan	similarentitynames	0.188028
Jan 21, 2016 6:29:23 AM edu.wayne.pfsdm.ParametrizedFSDMTraversal getUnigramNode
INFO: SemSearch_ES-115	michigan	categories	0.0517088
Jan 21, 2016 6:29:23 AM edu.wayne.pfsdm.ParametrizedFSDMTraversal getUnigramNode
INFO: SemSearch_ES-115	michigan	outgoingentitynames	0.00000
Jan 21, 2016 6:29:24 AM edu.wayne.pfsdm.ParametrizedFSDMTraversal getBigramNodes
INFO: SemSearch_ES-115	goodwill michigan	names	0.273575
Jan 21, 2016 6:29:24 AM edu.wayne.pfsdm.ParametrizedFSDMTraversal getBigramNodes
INFO: SemSearch_ES-115	goodwill michigan	attributes	0.146669
Jan 21, 2016 6:29:24 AM edu.wayne.pfsdm.ParametrizedFSDMTraversal getBigramNodes
INFO: SemSearch_ES-115	goodwill michigan	similarentitynames	0.500812
Jan 21, 2016 6:29:24 AM edu.wayne.pfsdm.ParametrizedFSDMTraversal getBigramNodes
INFO: SemSearch_ES-115	goodwill michigan	categories	0.0789440
Jan 21, 2016 6:29:24 AM edu.wayne.pfsdm.ParametrizedFSDMTraversal getBigramNodes
INFO: SemSearch_ES-115	goodwill michigan	outgoingentitynames	0.00000
