Jan 21, 2016 6:28:12 AM edu.wayne.pfsdm.ParametrizedFSDMTraversal <init>
INFO: Initializing ParametrizedFSDMTraversal
Jan 21, 2016 6:28:12 AM edu.wayne.pfsdm.ParametrizedFSDMTraversal <init>
INFO: Initializing featuresScaling
Jan 21, 2016 6:28:12 AM edu.wayne.pfsdm.ParametrizedFSDMTraversal <init>
INFO: Param /nnp max value not specified using 1.0
Jan 21, 2016 6:28:12 AM edu.wayne.pfsdm.ParametrizedFSDMTraversal <init>
INFO: Param /nnp min value not specified using 0.0
Jan 21, 2016 6:28:12 AM edu.wayne.pfsdm.ParametrizedFSDMTraversal <init>
INFO: Param /nns max value not specified using 1.0
Jan 21, 2016 6:28:12 AM edu.wayne.pfsdm.ParametrizedFSDMTraversal <init>
INFO: Param /nns min value not specified using 0.0
Jan 21, 2016 6:28:12 AM edu.wayne.pfsdm.ParametrizedFSDMTraversal <init>
INFO: Param /np-exact max value not specified using 1.0
Jan 21, 2016 6:28:12 AM edu.wayne.pfsdm.ParametrizedFSDMTraversal <init>
INFO: Param /np-exact min value not specified using 0.0
Jan 21, 2016 6:28:12 AM edu.wayne.pfsdm.ParametrizedFSDMTraversal <init>
INFO: Param /np-part max value not specified using 1.0
Jan 21, 2016 6:28:12 AM edu.wayne.pfsdm.ParametrizedFSDMTraversal <init>
INFO: Param /np-part min value not specified using 0.0
Jan 21, 2016 6:28:12 AM edu.wayne.pfsdm.ParametrizedFSDMTraversal <init>
INFO: Param /nn-only max value not specified using 1.0
Jan 21, 2016 6:28:12 AM edu.wayne.pfsdm.ParametrizedFSDMTraversal <init>
INFO: Param /nn-only min value not specified using 0.0
Jan 21, 2016 6:28:12 AM edu.wayne.pfsdm.ParametrizedFSDMTraversal <init>
INFO: Param /nns-only max value not specified using 1.0
Jan 21, 2016 6:28:12 AM edu.wayne.pfsdm.ParametrizedFSDMTraversal <init>
INFO: Param /nns-only min value not specified using 0.0
Jan 21, 2016 6:28:12 AM edu.wayne.pfsdm.ParametrizedFSDMTraversal <init>
INFO: Param /question-dep max value not specified using 1.0
Jan 21, 2016 6:28:12 AM edu.wayne.pfsdm.ParametrizedFSDMTraversal <init>
INFO: Param /question-dep min value not specified using 0.0
Jan 21, 2016 6:28:13 AM edu.wayne.pfsdm.ParametrizedFSDMTraversal <init>
INFO: Param /wiki-titles-word-presence max value not specified using 1.0
Jan 21, 2016 6:28:13 AM edu.wayne.pfsdm.ParametrizedFSDMTraversal <init>
INFO: Param /wiki-titles-word-presence min value not specified using 0.0
Jan 21, 2016 6:28:13 AM edu.wayne.pfsdm.ParametrizedFSDMTraversal <init>
INFO: Param /wiki-infobox-word-presence max value not specified using 1.0
Jan 21, 2016 6:28:13 AM edu.wayne.pfsdm.ParametrizedFSDMTraversal <init>
INFO: Param /wiki-infobox-word-presence min value not specified using 0.0
Jan 21, 2016 6:28:13 AM edu.wayne.pfsdm.ParametrizedFSDMTraversal <init>
INFO: Param /wiki-categories-word-presence max value not specified using 1.0
Jan 21, 2016 6:28:13 AM edu.wayne.pfsdm.ParametrizedFSDMTraversal <init>
INFO: Param /wiki-categories-word-presence min value not specified using 0.0
Jan 21, 2016 6:28:13 AM edu.wayne.pfsdm.ParametrizedFSDMTraversal <init>
INFO: Param /google-ngrams-word-presence max value not specified using 1.0
Jan 21, 2016 6:28:13 AM edu.wayne.pfsdm.ParametrizedFSDMTraversal <init>
INFO: Param /google-ngrams-word-presence min value not specified using 0.0
Jan 21, 2016 6:28:13 AM edu.wayne.pfsdm.ParametrizedFSDMTraversal <init>
INFO: Param /const max value not specified using 1.0
Jan 21, 2016 6:28:13 AM edu.wayne.pfsdm.ParametrizedFSDMTraversal <init>
INFO: Param /const min value not specified using 0.0
Jan 21, 2016 6:28:13 AM edu.wayne.pfsdm.ParametrizedFSDMTraversal <init>
INFO: Param /dep-leaf max value not specified using 1.0
Jan 21, 2016 6:28:13 AM edu.wayne.pfsdm.ParametrizedFSDMTraversal <init>
INFO: Param /dep-leaf min value not specified using 0.0
Jan 21, 2016 6:28:13 AM edu.wayne.pfsdm.ParametrizedFSDMTraversal <init>
INFO: Param /nn max value not specified using 1.0
Jan 21, 2016 6:28:13 AM edu.wayne.pfsdm.ParametrizedFSDMTraversal <init>
INFO: Param /nn min value not specified using 0.0
Jan 21, 2016 6:28:13 AM edu.wayne.pfsdm.ParametrizedFSDMTraversal <init>
INFO: Param /jjs max value not specified using 1.0
Jan 21, 2016 6:28:13 AM edu.wayne.pfsdm.ParametrizedFSDMTraversal <init>
INFO: Param /jjs min value not specified using 0.0
Jan 21, 2016 6:28:13 AM edu.wayne.pfsdm.ParametrizedFSDMTraversal <init>
INFO: Param /jj max value not specified using 1.0
Jan 21, 2016 6:28:13 AM edu.wayne.pfsdm.ParametrizedFSDMTraversal <init>
INFO: Param /jj min value not specified using 0.0
Jan 21, 2016 6:28:16 AM edu.wayne.pfsdm.ParametrizedFSDMTraversal <init>
INFO: Done initializing ParametrizedFSDMTraversal
Jan 21, 2016 6:28:16 AM edu.wayne.pfsdm.ParametrizedFSDMTraversal <init>
INFO: Initializing ParametrizedFSDMTraversal
Jan 21, 2016 6:28:16 AM edu.wayne.pfsdm.ParametrizedFSDMTraversal <init>
INFO: Initializing featuresScaling
Jan 21, 2016 6:28:16 AM edu.wayne.pfsdm.ParametrizedFSDMTraversal <init>
INFO: Param /nnp max value not specified using 1.0
Jan 21, 2016 6:28:16 AM edu.wayne.pfsdm.ParametrizedFSDMTraversal <init>
INFO: Param /nnp min value not specified using 0.0
Jan 21, 2016 6:28:16 AM edu.wayne.pfsdm.ParametrizedFSDMTraversal <init>
INFO: Param /nns max value not specified using 1.0
Jan 21, 2016 6:28:16 AM edu.wayne.pfsdm.ParametrizedFSDMTraversal <init>
INFO: Param /nns min value not specified using 0.0
Jan 21, 2016 6:28:16 AM edu.wayne.pfsdm.ParametrizedFSDMTraversal <init>
INFO: Param /np-exact max value not specified using 1.0
Jan 21, 2016 6:28:16 AM edu.wayne.pfsdm.ParametrizedFSDMTraversal <init>
INFO: Param /np-exact min value not specified using 0.0
Jan 21, 2016 6:28:16 AM edu.wayne.pfsdm.ParametrizedFSDMTraversal <init>
INFO: Param /np-part max value not specified using 1.0
Jan 21, 2016 6:28:16 AM edu.wayne.pfsdm.ParametrizedFSDMTraversal <init>
INFO: Param /np-part min value not specified using 0.0
Jan 21, 2016 6:28:16 AM edu.wayne.pfsdm.ParametrizedFSDMTraversal <init>
INFO: Param /nn-only max value not specified using 1.0
Jan 21, 2016 6:28:16 AM edu.wayne.pfsdm.ParametrizedFSDMTraversal <init>
INFO: Param /nn-only min value not specified using 0.0
Jan 21, 2016 6:28:16 AM edu.wayne.pfsdm.ParametrizedFSDMTraversal <init>
INFO: Param /nns-only max value not specified using 1.0
Jan 21, 2016 6:28:16 AM edu.wayne.pfsdm.ParametrizedFSDMTraversal <init>
INFO: Param /nns-only min value not specified using 0.0
Jan 21, 2016 6:28:16 AM edu.wayne.pfsdm.ParametrizedFSDMTraversal <init>
INFO: Param /question-dep max value not specified using 1.0
Jan 21, 2016 6:28:16 AM edu.wayne.pfsdm.ParametrizedFSDMTraversal <init>
INFO: Param /question-dep min value not specified using 0.0
Jan 21, 2016 6:28:16 AM edu.wayne.pfsdm.ParametrizedFSDMTraversal <init>
INFO: Param /wiki-titles-word-presence max value not specified using 1.0
Jan 21, 2016 6:28:16 AM edu.wayne.pfsdm.ParametrizedFSDMTraversal <init>
INFO: Param /wiki-titles-word-presence min value not specified using 0.0
Jan 21, 2016 6:28:16 AM edu.wayne.pfsdm.ParametrizedFSDMTraversal <init>
INFO: Param /wiki-infobox-word-presence max value not specified using 1.0
Jan 21, 2016 6:28:16 AM edu.wayne.pfsdm.ParametrizedFSDMTraversal <init>
INFO: Param /wiki-infobox-word-presence min value not specified using 0.0
Jan 21, 2016 6:28:16 AM edu.wayne.pfsdm.ParametrizedFSDMTraversal <init>
INFO: Param /wiki-categories-word-presence max value not specified using 1.0
Jan 21, 2016 6:28:16 AM edu.wayne.pfsdm.ParametrizedFSDMTraversal <init>
INFO: Param /wiki-categories-word-presence min value not specified using 0.0
Jan 21, 2016 6:28:16 AM edu.wayne.pfsdm.ParametrizedFSDMTraversal <init>
INFO: Param /google-ngrams-word-presence max value not specified using 1.0
Jan 21, 2016 6:28:16 AM edu.wayne.pfsdm.ParametrizedFSDMTraversal <init>
INFO: Param /google-ngrams-word-presence min value not specified using 0.0
Jan 21, 2016 6:28:16 AM edu.wayne.pfsdm.ParametrizedFSDMTraversal <init>
INFO: Param /const max value not specified using 1.0
Jan 21, 2016 6:28:16 AM edu.wayne.pfsdm.ParametrizedFSDMTraversal <init>
INFO: Param /const min value not specified using 0.0
Jan 21, 2016 6:28:16 AM edu.wayne.pfsdm.ParametrizedFSDMTraversal <init>
INFO: Param /dep-leaf max value not specified using 1.0
Jan 21, 2016 6:28:16 AM edu.wayne.pfsdm.ParametrizedFSDMTraversal <init>
INFO: Param /dep-leaf min value not specified using 0.0
Jan 21, 2016 6:28:16 AM edu.wayne.pfsdm.ParametrizedFSDMTraversal <init>
INFO: Param /nn max value not specified using 1.0
Jan 21, 2016 6:28:16 AM edu.wayne.pfsdm.ParametrizedFSDMTraversal <init>
INFO: Param /nn min value not specified using 0.0
Jan 21, 2016 6:28:16 AM edu.wayne.pfsdm.ParametrizedFSDMTraversal <init>
INFO: Param /jjs max value not specified using 1.0
Jan 21, 2016 6:28:16 AM edu.wayne.pfsdm.ParametrizedFSDMTraversal <init>
INFO: Param /jjs min value not specified using 0.0
Jan 21, 2016 6:28:16 AM edu.wayne.pfsdm.ParametrizedFSDMTraversal <init>
INFO: Param /jj max value not specified using 1.0
Jan 21, 2016 6:28:16 AM edu.wayne.pfsdm.ParametrizedFSDMTraversal <init>
INFO: Param /jj min value not specified using 0.0
Jan 21, 2016 6:28:18 AM edu.wayne.pfsdm.ParametrizedFSDMTraversal <init>
INFO: Done initializing ParametrizedFSDMTraversal
Jan 21, 2016 6:28:19 AM edu.wayne.pfsdm.WPFSDMTraversal <init>
INFO: Done initializing WPFSDMTraversal
Jan 21, 2016 6:28:23 AM edu.wayne.models.WSDMTraversal <init>
INFO: Initializing featuresScaling
Jan 21, 2016 6:28:23 AM edu.wayne.models.WSDMTraversal <init>
INFO: Param /nnp max value not specified using 1.0
Jan 21, 2016 6:28:23 AM edu.wayne.models.WSDMTraversal <init>
INFO: Param /nnp min value not specified using 0.0
Jan 21, 2016 6:28:23 AM edu.wayne.models.WSDMTraversal <init>
INFO: Param /nns max value not specified using 1.0
Jan 21, 2016 6:28:23 AM edu.wayne.models.WSDMTraversal <init>
INFO: Param /nns min value not specified using 0.0
Jan 21, 2016 6:28:23 AM edu.wayne.models.WSDMTraversal <init>
INFO: Param /np-exact max value not specified using 1.0
Jan 21, 2016 6:28:23 AM edu.wayne.models.WSDMTraversal <init>
INFO: Param /np-exact min value not specified using 0.0
Jan 21, 2016 6:28:23 AM edu.wayne.models.WSDMTraversal <init>
INFO: Param /np-part max value not specified using 1.0
Jan 21, 2016 6:28:23 AM edu.wayne.models.WSDMTraversal <init>
INFO: Param /np-part min value not specified using 0.0
Jan 21, 2016 6:28:23 AM edu.wayne.models.WSDMTraversal <init>
INFO: Param /nn-only max value not specified using 1.0
Jan 21, 2016 6:28:23 AM edu.wayne.models.WSDMTraversal <init>
INFO: Param /nn-only min value not specified using 0.0
Jan 21, 2016 6:28:23 AM edu.wayne.models.WSDMTraversal <init>
INFO: Param /nns-only max value not specified using 1.0
Jan 21, 2016 6:28:23 AM edu.wayne.models.WSDMTraversal <init>
INFO: Param /nns-only min value not specified using 0.0
Jan 21, 2016 6:28:23 AM edu.wayne.models.WSDMTraversal <init>
INFO: Param /question-dep max value not specified using 1.0
Jan 21, 2016 6:28:23 AM edu.wayne.models.WSDMTraversal <init>
INFO: Param /question-dep min value not specified using 0.0
Jan 21, 2016 6:28:23 AM edu.wayne.models.WSDMTraversal <init>
INFO: Param /wiki-titles-word-presence max value not specified using 1.0
Jan 21, 2016 6:28:23 AM edu.wayne.models.WSDMTraversal <init>
INFO: Param /wiki-titles-word-presence min value not specified using 0.0
Jan 21, 2016 6:28:23 AM edu.wayne.models.WSDMTraversal <init>
INFO: Param /wiki-infobox-word-presence max value not specified using 1.0
Jan 21, 2016 6:28:23 AM edu.wayne.models.WSDMTraversal <init>
INFO: Param /wiki-infobox-word-presence min value not specified using 0.0
Jan 21, 2016 6:28:23 AM edu.wayne.models.WSDMTraversal <init>
INFO: Param /wiki-categories-word-presence max value not specified using 1.0
Jan 21, 2016 6:28:23 AM edu.wayne.models.WSDMTraversal <init>
INFO: Param /wiki-categories-word-presence min value not specified using 0.0
Jan 21, 2016 6:28:23 AM edu.wayne.models.WSDMTraversal <init>
INFO: Param /google-ngrams-word-presence max value not specified using 1.0
Jan 21, 2016 6:28:23 AM edu.wayne.models.WSDMTraversal <init>
INFO: Param /google-ngrams-word-presence min value not specified using 0.0
Jan 21, 2016 6:28:23 AM edu.wayne.models.WSDMTraversal <init>
INFO: Param /const max value not specified using 1.0
Jan 21, 2016 6:28:23 AM edu.wayne.models.WSDMTraversal <init>
INFO: Param /const min value not specified using 0.0
Jan 21, 2016 6:28:23 AM edu.wayne.models.WSDMTraversal <init>
INFO: Param /dep-leaf max value not specified using 1.0
Jan 21, 2016 6:28:23 AM edu.wayne.models.WSDMTraversal <init>
INFO: Param /dep-leaf min value not specified using 0.0
Jan 21, 2016 6:28:23 AM edu.wayne.models.WSDMTraversal <init>
INFO: Param /nn max value not specified using 1.0
Jan 21, 2016 6:28:23 AM edu.wayne.models.WSDMTraversal <init>
INFO: Param /nn min value not specified using 0.0
Jan 21, 2016 6:28:23 AM edu.wayne.models.WSDMTraversal <init>
INFO: Param /jjs max value not specified using 1.0
Jan 21, 2016 6:28:23 AM edu.wayne.models.WSDMTraversal <init>
INFO: Param /jjs min value not specified using 0.0
Jan 21, 2016 6:28:23 AM edu.wayne.models.WSDMTraversal <init>
INFO: Param /jj max value not specified using 1.0
Jan 21, 2016 6:28:23 AM edu.wayne.models.WSDMTraversal <init>
INFO: Param /jj min value not specified using 0.0
Jan 21, 2016 6:28:24 AM edu.wayne.pfsdm.ParametrizedFSDMTraversal getUnigramNode
INFO: SemSearch_ES-130	plymouth	names	0.320546
Jan 21, 2016 6:28:24 AM edu.wayne.pfsdm.ParametrizedFSDMTraversal getUnigramNode
INFO: SemSearch_ES-130	plymouth	attributes	0.442752
Jan 21, 2016 6:28:24 AM edu.wayne.pfsdm.ParametrizedFSDMTraversal getUnigramNode
INFO: SemSearch_ES-130	plymouth	similarentitynames	0.236702
Jan 21, 2016 6:28:24 AM edu.wayne.pfsdm.ParametrizedFSDMTraversal getUnigramNode
INFO: SemSearch_ES-130	plymouth	categories	0.00000
Jan 21, 2016 6:28:24 AM edu.wayne.pfsdm.ParametrizedFSDMTraversal getUnigramNode
INFO: SemSearch_ES-130	plymouth	outgoingentitynames	0.00000
Jan 21, 2016 6:28:24 AM edu.wayne.pfsdm.ParametrizedFSDMTraversal getUnigramNode
INFO: SemSearch_ES-130	police	names	0.311927
Jan 21, 2016 6:28:24 AM edu.wayne.pfsdm.ParametrizedFSDMTraversal getUnigramNode
INFO: SemSearch_ES-130	police	attributes	0.462198
Jan 21, 2016 6:28:24 AM edu.wayne.pfsdm.ParametrizedFSDMTraversal getUnigramNode
INFO: SemSearch_ES-130	police	similarentitynames	0.225875
Jan 21, 2016 6:28:24 AM edu.wayne.pfsdm.ParametrizedFSDMTraversal getUnigramNode
INFO: SemSearch_ES-130	police	categories	0.00000
Jan 21, 2016 6:28:24 AM edu.wayne.pfsdm.ParametrizedFSDMTraversal getUnigramNode
INFO: SemSearch_ES-130	police	outgoingentitynames	0.00000
Jan 21, 2016 6:28:24 AM edu.wayne.pfsdm.ParametrizedFSDMTraversal getUnigramNode
INFO: SemSearch_ES-130	department	names	0.299369
Jan 21, 2016 6:28:24 AM edu.wayne.pfsdm.ParametrizedFSDMTraversal getUnigramNode
INFO: SemSearch_ES-130	department	attributes	0.484705
Jan 21, 2016 6:28:24 AM edu.wayne.pfsdm.ParametrizedFSDMTraversal getUnigramNode
INFO: SemSearch_ES-130	department	similarentitynames	0.215925
Jan 21, 2016 6:28:24 AM edu.wayne.pfsdm.ParametrizedFSDMTraversal getUnigramNode
INFO: SemSearch_ES-130	department	categories	0.00000
Jan 21, 2016 6:28:24 AM edu.wayne.pfsdm.ParametrizedFSDMTraversal getUnigramNode
INFO: SemSearch_ES-130	department	outgoingentitynames	0.00000
Jan 21, 2016 6:28:26 AM edu.wayne.pfsdm.ParametrizedFSDMTraversal getBigramNodes
INFO: SemSearch_ES-130	plymouth police	names	0.274033
Jan 21, 2016 6:28:26 AM edu.wayne.pfsdm.ParametrizedFSDMTraversal getBigramNodes
INFO: SemSearch_ES-130	plymouth police	attributes	0.312660
Jan 21, 2016 6:28:26 AM edu.wayne.pfsdm.ParametrizedFSDMTraversal getBigramNodes
INFO: SemSearch_ES-130	plymouth police	similarentitynames	0.413308
Jan 21, 2016 6:28:26 AM edu.wayne.pfsdm.ParametrizedFSDMTraversal getBigramNodes
INFO: SemSearch_ES-130	plymouth police	categories	0.00000
Jan 21, 2016 6:28:26 AM edu.wayne.pfsdm.ParametrizedFSDMTraversal getBigramNodes
INFO: SemSearch_ES-130	plymouth police	outgoingentitynames	0.00000
Jan 21, 2016 6:28:27 AM edu.wayne.pfsdm.ParametrizedFSDMTraversal getBigramNodes
INFO: SemSearch_ES-130	police department	names	0.160414
Jan 21, 2016 6:28:27 AM edu.wayne.pfsdm.ParametrizedFSDMTraversal getBigramNodes
INFO: SemSearch_ES-130	police department	attributes	0.290434
Jan 21, 2016 6:28:27 AM edu.wayne.pfsdm.ParametrizedFSDMTraversal getBigramNodes
INFO: SemSearch_ES-130	police department	similarentitynames	0.407609
Jan 21, 2016 6:28:27 AM edu.wayne.pfsdm.ParametrizedFSDMTraversal getBigramNodes
INFO: SemSearch_ES-130	police department	categories	0.141543
Jan 21, 2016 6:28:27 AM edu.wayne.pfsdm.ParametrizedFSDMTraversal getBigramNodes
INFO: SemSearch_ES-130	police department	outgoingentitynames	0.00000
Jan 21, 2016 6:28:28 AM edu.wayne.pfsdm.ParametrizedFSDMTraversal getUnigramNode
INFO: SemSearch_ES-86	morning	names	0.311647
Jan 21, 2016 6:28:28 AM edu.wayne.pfsdm.ParametrizedFSDMTraversal getUnigramNode
INFO: SemSearch_ES-86	morning	attributes	0.463131
Jan 21, 2016 6:28:28 AM edu.wayne.pfsdm.ParametrizedFSDMTraversal getUnigramNode
INFO: SemSearch_ES-86	morning	similarentitynames	0.225222
Jan 21, 2016 6:28:28 AM edu.wayne.pfsdm.ParametrizedFSDMTraversal getUnigramNode
INFO: SemSearch_ES-86	morning	categories	0.00000
Jan 21, 2016 6:28:28 AM edu.wayne.pfsdm.ParametrizedFSDMTraversal getUnigramNode
INFO: SemSearch_ES-86	morning	outgoingentitynames	0.00000
Jan 21, 2016 6:28:28 AM edu.wayne.pfsdm.ParametrizedFSDMTraversal getUnigramNode
INFO: SemSearch_ES-86	call	names	0.278697
Jan 21, 2016 6:28:28 AM edu.wayne.pfsdm.ParametrizedFSDMTraversal getUnigramNode
INFO: SemSearch_ES-86	call	attributes	0.518401
Jan 21, 2016 6:28:28 AM edu.wayne.pfsdm.ParametrizedFSDMTraversal getUnigramNode
INFO: SemSearch_ES-86	call	similarentitynames	0.202902
Jan 21, 2016 6:28:28 AM edu.wayne.pfsdm.ParametrizedFSDMTraversal getUnigramNode
INFO: SemSearch_ES-86	call	categories	0.00000
Jan 21, 2016 6:28:28 AM edu.wayne.pfsdm.ParametrizedFSDMTraversal getUnigramNode
INFO: SemSearch_ES-86	call	outgoingentitynames	0.00000
Jan 21, 2016 6:28:28 AM edu.wayne.pfsdm.ParametrizedFSDMTraversal getUnigramNode
INFO: SemSearch_ES-86	lehigh	names	0.326660
Jan 21, 2016 6:28:28 AM edu.wayne.pfsdm.ParametrizedFSDMTraversal getUnigramNode
INFO: SemSearch_ES-86	lehigh	attributes	0.443532
Jan 21, 2016 6:28:28 AM edu.wayne.pfsdm.ParametrizedFSDMTraversal getUnigramNode
INFO: SemSearch_ES-86	lehigh	similarentitynames	0.229808
Jan 21, 2016 6:28:28 AM edu.wayne.pfsdm.ParametrizedFSDMTraversal getUnigramNode
INFO: SemSearch_ES-86	lehigh	categories	0.00000
Jan 21, 2016 6:28:28 AM edu.wayne.pfsdm.ParametrizedFSDMTraversal getUnigramNode
INFO: SemSearch_ES-86	lehigh	outgoingentitynames	0.00000
Jan 21, 2016 6:28:28 AM edu.wayne.pfsdm.ParametrizedFSDMTraversal getUnigramNode
INFO: SemSearch_ES-86	valley	names	0.318724
Jan 21, 2016 6:28:28 AM edu.wayne.pfsdm.ParametrizedFSDMTraversal getUnigramNode
INFO: SemSearch_ES-86	valley	attributes	0.449736
Jan 21, 2016 6:28:28 AM edu.wayne.pfsdm.ParametrizedFSDMTraversal getUnigramNode
INFO: SemSearch_ES-86	valley	similarentitynames	0.231540
Jan 21, 2016 6:28:28 AM edu.wayne.pfsdm.ParametrizedFSDMTraversal getUnigramNode
INFO: SemSearch_ES-86	valley	categories	0.00000
Jan 21, 2016 6:28:28 AM edu.wayne.pfsdm.ParametrizedFSDMTraversal getUnigramNode
INFO: SemSearch_ES-86	valley	outgoingentitynames	0.00000
Jan 21, 2016 6:28:28 AM edu.wayne.pfsdm.ParametrizedFSDMTraversal getUnigramNode
INFO: SemSearch_ES-86	pa	names	0.329260
Jan 21, 2016 6:28:28 AM edu.wayne.pfsdm.ParametrizedFSDMTraversal getUnigramNode
INFO: SemSearch_ES-86	pa	attributes	0.418579
Jan 21, 2016 6:28:28 AM edu.wayne.pfsdm.ParametrizedFSDMTraversal getUnigramNode
INFO: SemSearch_ES-86	pa	similarentitynames	0.252162
Jan 21, 2016 6:28:28 AM edu.wayne.pfsdm.ParametrizedFSDMTraversal getUnigramNode
INFO: SemSearch_ES-86	pa	categories	0.00000
Jan 21, 2016 6:28:28 AM edu.wayne.pfsdm.ParametrizedFSDMTraversal getUnigramNode
INFO: SemSearch_ES-86	pa	outgoingentitynames	0.00000
Jan 21, 2016 6:28:31 AM edu.wayne.pfsdm.ParametrizedFSDMTraversal getBigramNodes
INFO: SemSearch_ES-86	morning call	names	0.277179
Jan 21, 2016 6:28:31 AM edu.wayne.pfsdm.ParametrizedFSDMTraversal getBigramNodes
INFO: SemSearch_ES-86	morning call	attributes	0.292490
Jan 21, 2016 6:28:31 AM edu.wayne.pfsdm.ParametrizedFSDMTraversal getBigramNodes
INFO: SemSearch_ES-86	morning call	similarentitynames	0.430331
Jan 21, 2016 6:28:31 AM edu.wayne.pfsdm.ParametrizedFSDMTraversal getBigramNodes
INFO: SemSearch_ES-86	morning call	categories	0.00000
Jan 21, 2016 6:28:31 AM edu.wayne.pfsdm.ParametrizedFSDMTraversal getBigramNodes
INFO: SemSearch_ES-86	morning call	outgoingentitynames	0.00000
Jan 21, 2016 6:28:33 AM edu.wayne.pfsdm.ParametrizedFSDMTraversal getBigramNodes
INFO: SemSearch_ES-86	call lehigh	names	0.242547
Jan 21, 2016 6:28:33 AM edu.wayne.pfsdm.ParametrizedFSDMTraversal getBigramNodes
INFO: SemSearch_ES-86	call lehigh	attributes	0.374554
Jan 21, 2016 6:28:33 AM edu.wayne.pfsdm.ParametrizedFSDMTraversal getBigramNodes
INFO: SemSearch_ES-86	call lehigh	similarentitynames	0.382900
Jan 21, 2016 6:28:33 AM edu.wayne.pfsdm.ParametrizedFSDMTraversal getBigramNodes
INFO: SemSearch_ES-86	call lehigh	categories	0.00000
Jan 21, 2016 6:28:33 AM edu.wayne.pfsdm.ParametrizedFSDMTraversal getBigramNodes
INFO: SemSearch_ES-86	call lehigh	outgoingentitynames	0.00000
Jan 21, 2016 6:28:36 AM edu.wayne.pfsdm.ParametrizedFSDMTraversal getBigramNodes
INFO: SemSearch_ES-86	lehigh valley	names	0.166117
Jan 21, 2016 6:28:36 AM edu.wayne.pfsdm.ParametrizedFSDMTraversal getBigramNodes
INFO: SemSearch_ES-86	lehigh valley	attributes	0.284446
Jan 21, 2016 6:28:36 AM edu.wayne.pfsdm.ParametrizedFSDMTraversal getBigramNodes
INFO: SemSearch_ES-86	lehigh valley	similarentitynames	0.409493
Jan 21, 2016 6:28:36 AM edu.wayne.pfsdm.ParametrizedFSDMTraversal getBigramNodes
INFO: SemSearch_ES-86	lehigh valley	categories	0.139944
Jan 21, 2016 6:28:36 AM edu.wayne.pfsdm.ParametrizedFSDMTraversal getBigramNodes
INFO: SemSearch_ES-86	lehigh valley	outgoingentitynames	0.00000
Jan 21, 2016 6:28:38 AM edu.wayne.pfsdm.ParametrizedFSDMTraversal getBigramNodes
INFO: SemSearch_ES-86	valley pa	names	0.160914
Jan 21, 2016 6:28:38 AM edu.wayne.pfsdm.ParametrizedFSDMTraversal getBigramNodes
INFO: SemSearch_ES-86	valley pa	attributes	0.289793
Jan 21, 2016 6:28:38 AM edu.wayne.pfsdm.ParametrizedFSDMTraversal getBigramNodes
INFO: SemSearch_ES-86	valley pa	similarentitynames	0.402032
Jan 21, 2016 6:28:38 AM edu.wayne.pfsdm.ParametrizedFSDMTraversal getBigramNodes
INFO: SemSearch_ES-86	valley pa	categories	0.147262
Jan 21, 2016 6:28:38 AM edu.wayne.pfsdm.ParametrizedFSDMTraversal getBigramNodes
INFO: SemSearch_ES-86	valley pa	outgoingentitynames	0.00000
Jan 21, 2016 6:28:40 AM edu.wayne.pfsdm.ParametrizedFSDMTraversal getUnigramNode
INFO: SemSearch_ES-129	pizza	names	0.324740
Jan 21, 2016 6:28:40 AM edu.wayne.pfsdm.ParametrizedFSDMTraversal getUnigramNode
INFO: SemSearch_ES-129	pizza	attributes	0.437099
Jan 21, 2016 6:28:40 AM edu.wayne.pfsdm.ParametrizedFSDMTraversal getUnigramNode
INFO: SemSearch_ES-129	pizza	similarentitynames	0.238161
Jan 21, 2016 6:28:40 AM edu.wayne.pfsdm.ParametrizedFSDMTraversal getUnigramNode
INFO: SemSearch_ES-129	pizza	categories	0.00000
Jan 21, 2016 6:28:40 AM edu.wayne.pfsdm.ParametrizedFSDMTraversal getUnigramNode
INFO: SemSearch_ES-129	pizza	outgoingentitynames	0.00000
Jan 21, 2016 6:28:40 AM edu.wayne.pfsdm.ParametrizedFSDMTraversal getUnigramNode
INFO: SemSearch_ES-129	populous	names	0.274462
Jan 21, 2016 6:28:40 AM edu.wayne.pfsdm.ParametrizedFSDMTraversal getUnigramNode
INFO: SemSearch_ES-129	populous	attributes	0.518909
Jan 21, 2016 6:28:40 AM edu.wayne.pfsdm.ParametrizedFSDMTraversal getUnigramNode
INFO: SemSearch_ES-129	populous	similarentitynames	0.206629
Jan 21, 2016 6:28:40 AM edu.wayne.pfsdm.ParametrizedFSDMTraversal getUnigramNode
INFO: SemSearch_ES-129	populous	categories	0.00000
Jan 21, 2016 6:28:40 AM edu.wayne.pfsdm.ParametrizedFSDMTraversal getUnigramNode
INFO: SemSearch_ES-129	populous	outgoingentitynames	0.00000
Jan 21, 2016 6:28:40 AM edu.wayne.pfsdm.ParametrizedFSDMTraversal getUnigramNode
INFO: SemSearch_ES-129	detroit	names	0.311007
Jan 21, 2016 6:28:40 AM edu.wayne.pfsdm.ParametrizedFSDMTraversal getUnigramNode
INFO: SemSearch_ES-129	detroit	attributes	0.466852
Jan 21, 2016 6:28:40 AM edu.wayne.pfsdm.ParametrizedFSDMTraversal getUnigramNode
INFO: SemSearch_ES-129	detroit	similarentitynames	0.222141
Jan 21, 2016 6:28:40 AM edu.wayne.pfsdm.ParametrizedFSDMTraversal getUnigramNode
INFO: SemSearch_ES-129	detroit	categories	0.00000
Jan 21, 2016 6:28:40 AM edu.wayne.pfsdm.ParametrizedFSDMTraversal getUnigramNode
INFO: SemSearch_ES-129	detroit	outgoingentitynames	0.00000
Jan 21, 2016 6:28:40 AM edu.wayne.pfsdm.ParametrizedFSDMTraversal getUnigramNode
INFO: SemSearch_ES-129	mi	names	0.272115
Jan 21, 2016 6:28:40 AM edu.wayne.pfsdm.ParametrizedFSDMTraversal getUnigramNode
INFO: SemSearch_ES-129	mi	attributes	0.519031
Jan 21, 2016 6:28:40 AM edu.wayne.pfsdm.ParametrizedFSDMTraversal getUnigramNode
INFO: SemSearch_ES-129	mi	similarentitynames	0.208854
Jan 21, 2016 6:28:40 AM edu.wayne.pfsdm.ParametrizedFSDMTraversal getUnigramNode
INFO: SemSearch_ES-129	mi	categories	0.00000
Jan 21, 2016 6:28:40 AM edu.wayne.pfsdm.ParametrizedFSDMTraversal getUnigramNode
INFO: SemSearch_ES-129	mi	outgoingentitynames	0.00000
Jan 21, 2016 6:28:41 AM edu.wayne.pfsdm.ParametrizedFSDMTraversal getBigramNodes
INFO: SemSearch_ES-129	pizza populous	names	0.277038
Jan 21, 2016 6:28:41 AM edu.wayne.pfsdm.ParametrizedFSDMTraversal getBigramNodes
INFO: SemSearch_ES-129	pizza populous	attributes	0.291750
Jan 21, 2016 6:28:41 AM edu.wayne.pfsdm.ParametrizedFSDMTraversal getBigramNodes
INFO: SemSearch_ES-129	pizza populous	similarentitynames	0.431211
Jan 21, 2016 6:28:41 AM edu.wayne.pfsdm.ParametrizedFSDMTraversal getBigramNodes
INFO: SemSearch_ES-129	pizza populous	categories	0.00000
Jan 21, 2016 6:28:41 AM edu.wayne.pfsdm.ParametrizedFSDMTraversal getBigramNodes
INFO: SemSearch_ES-129	pizza populous	outgoingentitynames	0.00000
Jan 21, 2016 6:28:41 AM edu.wayne.pfsdm.ParametrizedFSDMTraversal getBigramNodes
INFO: SemSearch_ES-129	populous detroit	names	0.251614
Jan 21, 2016 6:28:41 AM edu.wayne.pfsdm.ParametrizedFSDMTraversal getBigramNodes
INFO: SemSearch_ES-129	populous detroit	attributes	0.361075
Jan 21, 2016 6:28:41 AM edu.wayne.pfsdm.ParametrizedFSDMTraversal getBigramNodes
INFO: SemSearch_ES-129	populous detroit	similarentitynames	0.387311
Jan 21, 2016 6:28:41 AM edu.wayne.pfsdm.ParametrizedFSDMTraversal getBigramNodes
INFO: SemSearch_ES-129	populous detroit	categories	0.00000
Jan 21, 2016 6:28:41 AM edu.wayne.pfsdm.ParametrizedFSDMTraversal getBigramNodes
INFO: SemSearch_ES-129	populous detroit	outgoingentitynames	0.00000
Jan 21, 2016 6:28:43 AM edu.wayne.pfsdm.ParametrizedFSDMTraversal getBigramNodes
INFO: SemSearch_ES-129	detroit mi	names	0.268329
Jan 21, 2016 6:28:43 AM edu.wayne.pfsdm.ParametrizedFSDMTraversal getBigramNodes
INFO: SemSearch_ES-129	detroit mi	attributes	0.313881
Jan 21, 2016 6:28:43 AM edu.wayne.pfsdm.ParametrizedFSDMTraversal getBigramNodes
INFO: SemSearch_ES-129	detroit mi	similarentitynames	0.417790
Jan 21, 2016 6:28:43 AM edu.wayne.pfsdm.ParametrizedFSDMTraversal getBigramNodes
INFO: SemSearch_ES-129	detroit mi	categories	0.00000
Jan 21, 2016 6:28:43 AM edu.wayne.pfsdm.ParametrizedFSDMTraversal getBigramNodes
INFO: SemSearch_ES-129	detroit mi	outgoingentitynames	0.00000
Jan 21, 2016 6:28:43 AM edu.wayne.pfsdm.ParametrizedFSDMTraversal getUnigramNode
INFO: SemSearch_ES-65	orlando	names	0.328937
Jan 21, 2016 6:28:43 AM edu.wayne.pfsdm.ParametrizedFSDMTraversal getUnigramNode
INFO: SemSearch_ES-65	orlando	attributes	0.436321
Jan 21, 2016 6:28:43 AM edu.wayne.pfsdm.ParametrizedFSDMTraversal getUnigramNode
INFO: SemSearch_ES-65	orlando	similarentitynames	0.234742
Jan 21, 2016 6:28:43 AM edu.wayne.pfsdm.ParametrizedFSDMTraversal getUnigramNode
INFO: SemSearch_ES-65	orlando	categories	0.00000
Jan 21, 2016 6:28:43 AM edu.wayne.pfsdm.ParametrizedFSDMTraversal getUnigramNode
INFO: SemSearch_ES-65	orlando	outgoingentitynames	0.00000
Jan 21, 2016 6:28:43 AM edu.wayne.pfsdm.ParametrizedFSDMTraversal getUnigramNode
INFO: SemSearch_ES-65	florida	names	0.326355
Jan 21, 2016 6:28:43 AM edu.wayne.pfsdm.ParametrizedFSDMTraversal getUnigramNode
INFO: SemSearch_ES-65	florida	attributes	0.444357
Jan 21, 2016 6:28:43 AM edu.wayne.pfsdm.ParametrizedFSDMTraversal getUnigramNode
INFO: SemSearch_ES-65	florida	similarentitynames	0.229288
Jan 21, 2016 6:28:43 AM edu.wayne.pfsdm.ParametrizedFSDMTraversal getUnigramNode
INFO: SemSearch_ES-65	florida	categories	0.00000
Jan 21, 2016 6:28:43 AM edu.wayne.pfsdm.ParametrizedFSDMTraversal getUnigramNode
INFO: SemSearch_ES-65	florida	outgoingentitynames	0.00000
Jan 21, 2016 6:28:44 AM edu.wayne.pfsdm.ParametrizedFSDMTraversal getBigramNodes
INFO: SemSearch_ES-65	orlando florida	names	0.161490
Jan 21, 2016 6:28:44 AM edu.wayne.pfsdm.ParametrizedFSDMTraversal getBigramNodes
INFO: SemSearch_ES-65	orlando florida	attributes	0.295883
Jan 21, 2016 6:28:44 AM edu.wayne.pfsdm.ParametrizedFSDMTraversal getBigramNodes
INFO: SemSearch_ES-65	orlando florida	similarentitynames	0.401462
Jan 21, 2016 6:28:44 AM edu.wayne.pfsdm.ParametrizedFSDMTraversal getBigramNodes
INFO: SemSearch_ES-65	orlando florida	categories	0.141165
Jan 21, 2016 6:28:44 AM edu.wayne.pfsdm.ParametrizedFSDMTraversal getBigramNodes
INFO: SemSearch_ES-65	orlando florida	outgoingentitynames	0.00000
Jan 21, 2016 6:28:44 AM edu.wayne.pfsdm.ParametrizedFSDMTraversal getUnigramNode
INFO: SemSearch_ES-85	longest	names	0.290555
Jan 21, 2016 6:28:44 AM edu.wayne.pfsdm.ParametrizedFSDMTraversal getUnigramNode
INFO: SemSearch_ES-85	longest	attributes	0.503177
Jan 21, 2016 6:28:44 AM edu.wayne.pfsdm.ParametrizedFSDMTraversal getUnigramNode
INFO: SemSearch_ES-85	longest	similarentitynames	0.206268
Jan 21, 2016 6:28:44 AM edu.wayne.pfsdm.ParametrizedFSDMTraversal getUnigramNode
INFO: SemSearch_ES-85	longest	categories	0.00000
Jan 21, 2016 6:28:44 AM edu.wayne.pfsdm.ParametrizedFSDMTraversal getUnigramNode
INFO: SemSearch_ES-85	longest	outgoingentitynames	0.00000
Jan 21, 2016 6:28:44 AM edu.wayne.pfsdm.ParametrizedFSDMTraversal getUnigramNode
INFO: SemSearch_ES-85	yard	names	0.295746
Jan 21, 2016 6:28:44 AM edu.wayne.pfsdm.ParametrizedFSDMTraversal getUnigramNode
INFO: SemSearch_ES-85	yard	attributes	0.487451
Jan 21, 2016 6:28:44 AM edu.wayne.pfsdm.ParametrizedFSDMTraversal getUnigramNode
INFO: SemSearch_ES-85	yard	similarentitynames	0.216802
Jan 21, 2016 6:28:44 AM edu.wayne.pfsdm.ParametrizedFSDMTraversal getUnigramNode
INFO: SemSearch_ES-85	yard	categories	0.00000
Jan 21, 2016 6:28:44 AM edu.wayne.pfsdm.ParametrizedFSDMTraversal getUnigramNode
INFO: SemSearch_ES-85	yard	outgoingentitynames	0.00000
Jan 21, 2016 6:28:44 AM edu.wayne.pfsdm.ParametrizedFSDMTraversal getUnigramNode
INFO: SemSearch_ES-85	sale	names	0.304220
Jan 21, 2016 6:28:44 AM edu.wayne.pfsdm.ParametrizedFSDMTraversal getUnigramNode
INFO: SemSearch_ES-85	sale	attributes	0.475804
Jan 21, 2016 6:28:44 AM edu.wayne.pfsdm.ParametrizedFSDMTraversal getUnigramNode
INFO: SemSearch_ES-85	sale	similarentitynames	0.219977
Jan 21, 2016 6:28:44 AM edu.wayne.pfsdm.ParametrizedFSDMTraversal getUnigramNode
INFO: SemSearch_ES-85	sale	categories	0.00000
Jan 21, 2016 6:28:44 AM edu.wayne.pfsdm.ParametrizedFSDMTraversal getUnigramNode
INFO: SemSearch_ES-85	sale	outgoingentitynames	0.00000
Jan 21, 2016 6:28:45 AM edu.wayne.pfsdm.ParametrizedFSDMTraversal getBigramNodes
INFO: SemSearch_ES-85	longest yard	names	0.166187
Jan 21, 2016 6:28:45 AM edu.wayne.pfsdm.ParametrizedFSDMTraversal getBigramNodes
INFO: SemSearch_ES-85	longest yard	attributes	0.291404
Jan 21, 2016 6:28:45 AM edu.wayne.pfsdm.ParametrizedFSDMTraversal getBigramNodes
INFO: SemSearch_ES-85	longest yard	similarentitynames	0.398308
Jan 21, 2016 6:28:45 AM edu.wayne.pfsdm.ParametrizedFSDMTraversal getBigramNodes
INFO: SemSearch_ES-85	longest yard	categories	0.144101
Jan 21, 2016 6:28:45 AM edu.wayne.pfsdm.ParametrizedFSDMTraversal getBigramNodes
INFO: SemSearch_ES-85	longest yard	outgoingentitynames	0.00000
Jan 21, 2016 6:28:46 AM edu.wayne.pfsdm.ParametrizedFSDMTraversal getBigramNodes
INFO: SemSearch_ES-85	yard sale	names	0.259765
Jan 21, 2016 6:28:46 AM edu.wayne.pfsdm.ParametrizedFSDMTraversal getBigramNodes
INFO: SemSearch_ES-85	yard sale	attributes	0.306083
Jan 21, 2016 6:28:46 AM edu.wayne.pfsdm.ParametrizedFSDMTraversal getBigramNodes
INFO: SemSearch_ES-85	yard sale	similarentitynames	0.434152
Jan 21, 2016 6:28:46 AM edu.wayne.pfsdm.ParametrizedFSDMTraversal getBigramNodes
INFO: SemSearch_ES-85	yard sale	categories	0.00000
Jan 21, 2016 6:28:46 AM edu.wayne.pfsdm.ParametrizedFSDMTraversal getBigramNodes
INFO: SemSearch_ES-85	yard sale	outgoingentitynames	0.00000
Jan 21, 2016 6:28:46 AM edu.wayne.pfsdm.ParametrizedFSDMTraversal getUnigramNode
INFO: SemSearch_ES-15	bradley	names	0.337741
Jan 21, 2016 6:28:46 AM edu.wayne.pfsdm.ParametrizedFSDMTraversal getUnigramNode
INFO: SemSearch_ES-15	bradley	attributes	0.418263
Jan 21, 2016 6:28:46 AM edu.wayne.pfsdm.ParametrizedFSDMTraversal getUnigramNode
INFO: SemSearch_ES-15	bradley	similarentitynames	0.243996
Jan 21, 2016 6:28:46 AM edu.wayne.pfsdm.ParametrizedFSDMTraversal getUnigramNode
INFO: SemSearch_ES-15	bradley	categories	0.00000
Jan 21, 2016 6:28:46 AM edu.wayne.pfsdm.ParametrizedFSDMTraversal getUnigramNode
INFO: SemSearch_ES-15	bradley	outgoingentitynames	0.00000
Jan 21, 2016 6:28:46 AM edu.wayne.pfsdm.ParametrizedFSDMTraversal getUnigramNode
INFO: SemSearch_ES-15	center	names	0.314470
Jan 21, 2016 6:28:46 AM edu.wayne.pfsdm.ParametrizedFSDMTraversal getUnigramNode
INFO: SemSearch_ES-15	center	attributes	0.456898
Jan 21, 2016 6:28:46 AM edu.wayne.pfsdm.ParametrizedFSDMTraversal getUnigramNode
INFO: SemSearch_ES-15	center	similarentitynames	0.228633
Jan 21, 2016 6:28:46 AM edu.wayne.pfsdm.ParametrizedFSDMTraversal getUnigramNode
INFO: SemSearch_ES-15	center	categories	0.00000
Jan 21, 2016 6:28:46 AM edu.wayne.pfsdm.ParametrizedFSDMTraversal getUnigramNode
INFO: SemSearch_ES-15	center	outgoingentitynames	0.00000
Jan 21, 2016 6:28:47 AM edu.wayne.pfsdm.ParametrizedFSDMTraversal getBigramNodes
INFO: SemSearch_ES-15	bradley center	names	0.165394
Jan 21, 2016 6:28:47 AM edu.wayne.pfsdm.ParametrizedFSDMTraversal getBigramNodes
INFO: SemSearch_ES-15	bradley center	attributes	0.302457
Jan 21, 2016 6:28:47 AM edu.wayne.pfsdm.ParametrizedFSDMTraversal getBigramNodes
INFO: SemSearch_ES-15	bradley center	similarentitynames	0.386482
Jan 21, 2016 6:28:47 AM edu.wayne.pfsdm.ParametrizedFSDMTraversal getBigramNodes
INFO: SemSearch_ES-15	bradley center	categories	0.145667
Jan 21, 2016 6:28:47 AM edu.wayne.pfsdm.ParametrizedFSDMTraversal getBigramNodes
INFO: SemSearch_ES-15	bradley center	outgoingentitynames	0.00000
Jan 21, 2016 6:28:47 AM edu.wayne.pfsdm.ParametrizedFSDMTraversal getUnigramNode
INFO: SemSearch_ES-9	america	names	0.308783
Jan 21, 2016 6:28:47 AM edu.wayne.pfsdm.ParametrizedFSDMTraversal getUnigramNode
INFO: SemSearch_ES-9	america	attributes	0.473763
Jan 21, 2016 6:28:47 AM edu.wayne.pfsdm.ParametrizedFSDMTraversal getUnigramNode
INFO: SemSearch_ES-9	america	similarentitynames	0.217454
Jan 21, 2016 6:28:47 AM edu.wayne.pfsdm.ParametrizedFSDMTraversal getUnigramNode
INFO: SemSearch_ES-9	america	categories	0.00000
Jan 21, 2016 6:28:47 AM edu.wayne.pfsdm.ParametrizedFSDMTraversal getUnigramNode
INFO: SemSearch_ES-9	america	outgoingentitynames	0.00000
Jan 21, 2016 6:28:47 AM edu.wayne.pfsdm.ParametrizedFSDMTraversal getUnigramNode
INFO: SemSearch_ES-9	embassy	names	0.319854
Jan 21, 2016 6:28:47 AM edu.wayne.pfsdm.ParametrizedFSDMTraversal getUnigramNode
INFO: SemSearch_ES-9	embassy	attributes	0.444774
Jan 21, 2016 6:28:47 AM edu.wayne.pfsdm.ParametrizedFSDMTraversal getUnigramNode
INFO: SemSearch_ES-9	embassy	similarentitynames	0.235372
Jan 21, 2016 6:28:47 AM edu.wayne.pfsdm.ParametrizedFSDMTraversal getUnigramNode
INFO: SemSearch_ES-9	embassy	categories	0.00000
Jan 21, 2016 6:28:47 AM edu.wayne.pfsdm.ParametrizedFSDMTraversal getUnigramNode
INFO: SemSearch_ES-9	embassy	outgoingentitynames	0.00000
Jan 21, 2016 6:28:47 AM edu.wayne.pfsdm.ParametrizedFSDMTraversal getUnigramNode
INFO: SemSearch_ES-9	nairobi	names	0.216871
Jan 21, 2016 6:28:47 AM edu.wayne.pfsdm.ParametrizedFSDMTraversal getUnigramNode
INFO: SemSearch_ES-9	nairobi	attributes	0.458267
Jan 21, 2016 6:28:47 AM edu.wayne.pfsdm.ParametrizedFSDMTraversal getUnigramNode
INFO: SemSearch_ES-9	nairobi	similarentitynames	0.169953
Jan 21, 2016 6:28:47 AM edu.wayne.pfsdm.ParametrizedFSDMTraversal getUnigramNode
INFO: SemSearch_ES-9	nairobi	categories	0.154909
Jan 21, 2016 6:28:47 AM edu.wayne.pfsdm.ParametrizedFSDMTraversal getUnigramNode
INFO: SemSearch_ES-9	nairobi	outgoingentitynames	0.00000
Jan 21, 2016 6:28:52 AM edu.wayne.pfsdm.ParametrizedFSDMTraversal getBigramNodes
INFO: SemSearch_ES-9	america embassy	names	0.166234
Jan 21, 2016 6:28:52 AM edu.wayne.pfsdm.ParametrizedFSDMTraversal getBigramNodes
INFO: SemSearch_ES-9	america embassy	attributes	0.287569
Jan 21, 2016 6:28:52 AM edu.wayne.pfsdm.ParametrizedFSDMTraversal getBigramNodes
INFO: SemSearch_ES-9	america embassy	similarentitynames	0.403624
Jan 21, 2016 6:28:52 AM edu.wayne.pfsdm.ParametrizedFSDMTraversal getBigramNodes
INFO: SemSearch_ES-9	america embassy	categories	0.142573
Jan 21, 2016 6:28:52 AM edu.wayne.pfsdm.ParametrizedFSDMTraversal getBigramNodes
INFO: SemSearch_ES-9	america embassy	outgoingentitynames	0.00000
Jan 21, 2016 6:28:53 AM edu.wayne.pfsdm.ParametrizedFSDMTraversal getBigramNodes
INFO: SemSearch_ES-9	embassy nairobi	names	0.141857
Jan 21, 2016 6:28:53 AM edu.wayne.pfsdm.ParametrizedFSDMTraversal getBigramNodes
INFO: SemSearch_ES-9	embassy nairobi	attributes	0.229667
Jan 21, 2016 6:28:53 AM edu.wayne.pfsdm.ParametrizedFSDMTraversal getBigramNodes
INFO: SemSearch_ES-9	embassy nairobi	similarentitynames	0.406894
Jan 21, 2016 6:28:53 AM edu.wayne.pfsdm.ParametrizedFSDMTraversal getBigramNodes
INFO: SemSearch_ES-9	embassy nairobi	categories	0.181979
Jan 21, 2016 6:28:53 AM edu.wayne.pfsdm.ParametrizedFSDMTraversal getBigramNodes
INFO: SemSearch_ES-9	embassy nairobi	outgoingentitynames	0.0396025
Jan 21, 2016 6:28:59 AM edu.wayne.pfsdm.ParametrizedFSDMTraversal getUnigramNode
INFO: SemSearch_ES-112	espresso	names	0.314688
Jan 21, 2016 6:28:59 AM edu.wayne.pfsdm.ParametrizedFSDMTraversal getUnigramNode
INFO: SemSearch_ES-112	espresso	attributes	0.460182
Jan 21, 2016 6:28:59 AM edu.wayne.pfsdm.ParametrizedFSDMTraversal getUnigramNode
INFO: SemSearch_ES-112	espresso	similarentitynames	0.225129
Jan 21, 2016 6:28:59 AM edu.wayne.pfsdm.ParametrizedFSDMTraversal getUnigramNode
INFO: SemSearch_ES-112	espresso	categories	0.00000
Jan 21, 2016 6:28:59 AM edu.wayne.pfsdm.ParametrizedFSDMTraversal getUnigramNode
INFO: SemSearch_ES-112	espresso	outgoingentitynames	0.00000
Jan 21, 2016 6:28:59 AM edu.wayne.pfsdm.ParametrizedFSDMTraversal getUnigramNode
INFO: SemSearch_ES-112	tv	names	0.321044
Jan 21, 2016 6:28:59 AM edu.wayne.pfsdm.ParametrizedFSDMTraversal getUnigramNode
INFO: SemSearch_ES-112	tv	attributes	0.440475
Jan 21, 2016 6:28:59 AM edu.wayne.pfsdm.ParametrizedFSDMTraversal getUnigramNode
INFO: SemSearch_ES-112	tv	similarentitynames	0.238480
Jan 21, 2016 6:28:59 AM edu.wayne.pfsdm.ParametrizedFSDMTraversal getUnigramNode
INFO: SemSearch_ES-112	tv	categories	0.00000
Jan 21, 2016 6:28:59 AM edu.wayne.pfsdm.ParametrizedFSDMTraversal getUnigramNode
INFO: SemSearch_ES-112	tv	outgoingentitynames	0.00000
Jan 21, 2016 6:28:59 AM edu.wayne.pfsdm.ParametrizedFSDMTraversal getUnigramNode
INFO: SemSearch_ES-112	stand	names	0.292017
Jan 21, 2016 6:28:59 AM edu.wayne.pfsdm.ParametrizedFSDMTraversal getUnigramNode
INFO: SemSearch_ES-112	stand	attributes	0.497113
Jan 21, 2016 6:28:59 AM edu.wayne.pfsdm.ParametrizedFSDMTraversal getUnigramNode
INFO: SemSearch_ES-112	stand	similarentitynames	0.210870
Jan 21, 2016 6:28:59 AM edu.wayne.pfsdm.ParametrizedFSDMTraversal getUnigramNode
INFO: SemSearch_ES-112	stand	categories	0.00000
Jan 21, 2016 6:28:59 AM edu.wayne.pfsdm.ParametrizedFSDMTraversal getUnigramNode
INFO: SemSearch_ES-112	stand	outgoingentitynames	0.00000
Jan 21, 2016 6:29:01 AM edu.wayne.pfsdm.ParametrizedFSDMTraversal getBigramNodes
INFO: SemSearch_ES-112	espresso tv	names	0.144322
Jan 21, 2016 6:29:01 AM edu.wayne.pfsdm.ParametrizedFSDMTraversal getBigramNodes
INFO: SemSearch_ES-112	espresso tv	attributes	0.305023
Jan 21, 2016 6:29:01 AM edu.wayne.pfsdm.ParametrizedFSDMTraversal getBigramNodes
INFO: SemSearch_ES-112	espresso tv	similarentitynames	0.387674
Jan 21, 2016 6:29:01 AM edu.wayne.pfsdm.ParametrizedFSDMTraversal getBigramNodes
INFO: SemSearch_ES-112	espresso tv	categories	0.162981
Jan 21, 2016 6:29:01 AM edu.wayne.pfsdm.ParametrizedFSDMTraversal getBigramNodes
INFO: SemSearch_ES-112	espresso tv	outgoingentitynames	0.00000
Jan 21, 2016 6:29:03 AM edu.wayne.pfsdm.ParametrizedFSDMTraversal getBigramNodes
INFO: SemSearch_ES-112	tv stand	names	0.268746
Jan 21, 2016 6:29:03 AM edu.wayne.pfsdm.ParametrizedFSDMTraversal getBigramNodes
INFO: SemSearch_ES-112	tv stand	attributes	0.307611
Jan 21, 2016 6:29:03 AM edu.wayne.pfsdm.ParametrizedFSDMTraversal getBigramNodes
INFO: SemSearch_ES-112	tv stand	similarentitynames	0.423643
Jan 21, 2016 6:29:03 AM edu.wayne.pfsdm.ParametrizedFSDMTraversal getBigramNodes
INFO: SemSearch_ES-112	tv stand	categories	0.00000
Jan 21, 2016 6:29:03 AM edu.wayne.pfsdm.ParametrizedFSDMTraversal getBigramNodes
INFO: SemSearch_ES-112	tv stand	outgoingentitynames	0.00000
Jan 21, 2016 6:29:04 AM edu.wayne.pfsdm.ParametrizedFSDMTraversal getUnigramNode
INFO: SemSearch_ES-70	radio	names	0.164069
Jan 21, 2016 6:29:04 AM edu.wayne.pfsdm.ParametrizedFSDMTraversal getUnigramNode
INFO: SemSearch_ES-70	radio	attributes	0.302162
Jan 21, 2016 6:29:04 AM edu.wayne.pfsdm.ParametrizedFSDMTraversal getUnigramNode
INFO: SemSearch_ES-70	radio	similarentitynames	0.370122
Jan 21, 2016 6:29:04 AM edu.wayne.pfsdm.ParametrizedFSDMTraversal getUnigramNode
INFO: SemSearch_ES-70	radio	categories	0.163647
Jan 21, 2016 6:29:04 AM edu.wayne.pfsdm.ParametrizedFSDMTraversal getUnigramNode
INFO: SemSearch_ES-70	radio	outgoingentitynames	0.00000
Jan 21, 2016 6:29:04 AM edu.wayne.pfsdm.ParametrizedFSDMTraversal getUnigramNode
INFO: SemSearch_ES-70	italia	names	0.172224
Jan 21, 2016 6:29:04 AM edu.wayne.pfsdm.ParametrizedFSDMTraversal getUnigramNode
INFO: SemSearch_ES-70	italia	attributes	0.295675
Jan 21, 2016 6:29:04 AM edu.wayne.pfsdm.ParametrizedFSDMTraversal getUnigramNode
INFO: SemSearch_ES-70	italia	similarentitynames	0.372436
Jan 21, 2016 6:29:04 AM edu.wayne.pfsdm.ParametrizedFSDMTraversal getUnigramNode
INFO: SemSearch_ES-70	italia	categories	0.159664
Jan 21, 2016 6:29:04 AM edu.wayne.pfsdm.ParametrizedFSDMTraversal getUnigramNode
INFO: SemSearch_ES-70	italia	outgoingentitynames	0.00000
Jan 21, 2016 6:29:04 AM edu.wayne.pfsdm.ParametrizedFSDMTraversal getUnigramNode
INFO: SemSearch_ES-70	online	names	0.162796
Jan 21, 2016 6:29:04 AM edu.wayne.pfsdm.ParametrizedFSDMTraversal getUnigramNode
INFO: SemSearch_ES-70	online	attributes	0.303862
Jan 21, 2016 6:29:04 AM edu.wayne.pfsdm.ParametrizedFSDMTraversal getUnigramNode
INFO: SemSearch_ES-70	online	similarentitynames	0.370833
Jan 21, 2016 6:29:04 AM edu.wayne.pfsdm.ParametrizedFSDMTraversal getUnigramNode
INFO: SemSearch_ES-70	online	categories	0.162509
Jan 21, 2016 6:29:04 AM edu.wayne.pfsdm.ParametrizedFSDMTraversal getUnigramNode
INFO: SemSearch_ES-70	online	outgoingentitynames	0.00000
Jan 21, 2016 6:29:06 AM edu.wayne.pfsdm.ParametrizedFSDMTraversal getBigramNodes
INFO: SemSearch_ES-70	radio italia	names	0.178107
Jan 21, 2016 6:29:06 AM edu.wayne.pfsdm.ParametrizedFSDMTraversal getBigramNodes
INFO: SemSearch_ES-70	radio italia	attributes	0.303721
Jan 21, 2016 6:29:06 AM edu.wayne.pfsdm.ParametrizedFSDMTraversal getBigramNodes
INFO: SemSearch_ES-70	radio italia	similarentitynames	0.367017
Jan 21, 2016 6:29:06 AM edu.wayne.pfsdm.ParametrizedFSDMTraversal getBigramNodes
INFO: SemSearch_ES-70	radio italia	categories	0.151156
Jan 21, 2016 6:29:06 AM edu.wayne.pfsdm.ParametrizedFSDMTraversal getBigramNodes
INFO: SemSearch_ES-70	radio italia	outgoingentitynames	0.00000
Jan 21, 2016 6:29:07 AM edu.wayne.pfsdm.ParametrizedFSDMTraversal getBigramNodes
INFO: SemSearch_ES-70	italia online	names	0.143217
Jan 21, 2016 6:29:07 AM edu.wayne.pfsdm.ParametrizedFSDMTraversal getBigramNodes
INFO: SemSearch_ES-70	italia online	attributes	0.299128
Jan 21, 2016 6:29:07 AM edu.wayne.pfsdm.ParametrizedFSDMTraversal getBigramNodes
INFO: SemSearch_ES-70	italia online	similarentitynames	0.393015
Jan 21, 2016 6:29:07 AM edu.wayne.pfsdm.ParametrizedFSDMTraversal getBigramNodes
INFO: SemSearch_ES-70	italia online	categories	0.164640
Jan 21, 2016 6:29:07 AM edu.wayne.pfsdm.ParametrizedFSDMTraversal getBigramNodes
INFO: SemSearch_ES-70	italia online	outgoingentitynames	0.00000
Jan 21, 2016 6:29:07 AM edu.wayne.pfsdm.ParametrizedFSDMTraversal getUnigramNode
INFO: SemSearch_ES-41	joan	names	0.335930
Jan 21, 2016 6:29:07 AM edu.wayne.pfsdm.ParametrizedFSDMTraversal getUnigramNode
INFO: SemSearch_ES-41	joan	attributes	0.425910
Jan 21, 2016 6:29:07 AM edu.wayne.pfsdm.ParametrizedFSDMTraversal getUnigramNode
INFO: SemSearch_ES-41	joan	similarentitynames	0.238160
Jan 21, 2016 6:29:07 AM edu.wayne.pfsdm.ParametrizedFSDMTraversal getUnigramNode
INFO: SemSearch_ES-41	joan	categories	0.00000
Jan 21, 2016 6:29:07 AM edu.wayne.pfsdm.ParametrizedFSDMTraversal getUnigramNode
INFO: SemSearch_ES-41	joan	outgoingentitynames	0.00000
Jan 21, 2016 6:29:07 AM edu.wayne.pfsdm.ParametrizedFSDMTraversal getUnigramNode
INFO: SemSearch_ES-41	arc	names	0.315368
Jan 21, 2016 6:29:07 AM edu.wayne.pfsdm.ParametrizedFSDMTraversal getUnigramNode
INFO: SemSearch_ES-41	arc	attributes	0.450338
Jan 21, 2016 6:29:07 AM edu.wayne.pfsdm.ParametrizedFSDMTraversal getUnigramNode
INFO: SemSearch_ES-41	arc	similarentitynames	0.234294
Jan 21, 2016 6:29:07 AM edu.wayne.pfsdm.ParametrizedFSDMTraversal getUnigramNode
INFO: SemSearch_ES-41	arc	categories	0.00000
Jan 21, 2016 6:29:07 AM edu.wayne.pfsdm.ParametrizedFSDMTraversal getUnigramNode
INFO: SemSearch_ES-41	arc	outgoingentitynames	0.00000
Jan 21, 2016 6:29:08 AM edu.wayne.pfsdm.ParametrizedFSDMTraversal getBigramNodes
INFO: SemSearch_ES-41	joan arc	names	0.267087
Jan 21, 2016 6:29:08 AM edu.wayne.pfsdm.ParametrizedFSDMTraversal getBigramNodes
INFO: SemSearch_ES-41	joan arc	attributes	0.292250
Jan 21, 2016 6:29:08 AM edu.wayne.pfsdm.ParametrizedFSDMTraversal getBigramNodes
INFO: SemSearch_ES-41	joan arc	similarentitynames	0.440663
Jan 21, 2016 6:29:08 AM edu.wayne.pfsdm.ParametrizedFSDMTraversal getBigramNodes
INFO: SemSearch_ES-41	joan arc	categories	0.00000
Jan 21, 2016 6:29:08 AM edu.wayne.pfsdm.ParametrizedFSDMTraversal getBigramNodes
INFO: SemSearch_ES-41	joan arc	outgoingentitynames	0.00000
Jan 21, 2016 6:29:08 AM edu.wayne.pfsdm.ParametrizedFSDMTraversal getUnigramNode
INFO: SemSearch_ES-111	eagle	names	0.324745
Jan 21, 2016 6:29:08 AM edu.wayne.pfsdm.ParametrizedFSDMTraversal getUnigramNode
INFO: SemSearch_ES-111	eagle	attributes	0.441366
Jan 21, 2016 6:29:08 AM edu.wayne.pfsdm.ParametrizedFSDMTraversal getUnigramNode
INFO: SemSearch_ES-111	eagle	similarentitynames	0.233889
Jan 21, 2016 6:29:08 AM edu.wayne.pfsdm.ParametrizedFSDMTraversal getUnigramNode
INFO: SemSearch_ES-111	eagle	categories	0.00000
Jan 21, 2016 6:29:08 AM edu.wayne.pfsdm.ParametrizedFSDMTraversal getUnigramNode
INFO: SemSearch_ES-111	eagle	outgoingentitynames	0.00000
Jan 21, 2016 6:29:08 AM edu.wayne.pfsdm.ParametrizedFSDMTraversal getUnigramNode
INFO: SemSearch_ES-111	rock	names	0.311430
Jan 21, 2016 6:29:08 AM edu.wayne.pfsdm.ParametrizedFSDMTraversal getUnigramNode
INFO: SemSearch_ES-111	rock	attributes	0.466631
Jan 21, 2016 6:29:08 AM edu.wayne.pfsdm.ParametrizedFSDMTraversal getUnigramNode
INFO: SemSearch_ES-111	rock	similarentitynames	0.221938
Jan 21, 2016 6:29:08 AM edu.wayne.pfsdm.ParametrizedFSDMTraversal getUnigramNode
INFO: SemSearch_ES-111	rock	categories	0.00000
Jan 21, 2016 6:29:08 AM edu.wayne.pfsdm.ParametrizedFSDMTraversal getUnigramNode
INFO: SemSearch_ES-111	rock	outgoingentitynames	0.00000
Jan 21, 2016 6:29:08 AM edu.wayne.pfsdm.ParametrizedFSDMTraversal getUnigramNode
INFO: SemSearch_ES-111	ca	names	0.314576
Jan 21, 2016 6:29:08 AM edu.wayne.pfsdm.ParametrizedFSDMTraversal getUnigramNode
INFO: SemSearch_ES-111	ca	attributes	0.445302
Jan 21, 2016 6:29:08 AM edu.wayne.pfsdm.ParametrizedFSDMTraversal getUnigramNode
INFO: SemSearch_ES-111	ca	similarentitynames	0.240121
Jan 21, 2016 6:29:08 AM edu.wayne.pfsdm.ParametrizedFSDMTraversal getUnigramNode
INFO: SemSearch_ES-111	ca	categories	0.00000
Jan 21, 2016 6:29:08 AM edu.wayne.pfsdm.ParametrizedFSDMTraversal getUnigramNode
INFO: SemSearch_ES-111	ca	outgoingentitynames	0.00000
Jan 21, 2016 6:29:09 AM edu.wayne.pfsdm.ParametrizedFSDMTraversal getBigramNodes
INFO: SemSearch_ES-111	eagle rock	names	0.271202
Jan 21, 2016 6:29:09 AM edu.wayne.pfsdm.ParametrizedFSDMTraversal getBigramNodes
INFO: SemSearch_ES-111	eagle rock	attributes	0.296878
Jan 21, 2016 6:29:09 AM edu.wayne.pfsdm.ParametrizedFSDMTraversal getBigramNodes
INFO: SemSearch_ES-111	eagle rock	similarentitynames	0.431921
Jan 21, 2016 6:29:09 AM edu.wayne.pfsdm.ParametrizedFSDMTraversal getBigramNodes
INFO: SemSearch_ES-111	eagle rock	categories	0.00000
Jan 21, 2016 6:29:09 AM edu.wayne.pfsdm.ParametrizedFSDMTraversal getBigramNodes
INFO: SemSearch_ES-111	eagle rock	outgoingentitynames	0.00000
Jan 21, 2016 6:29:10 AM edu.wayne.pfsdm.ParametrizedFSDMTraversal getBigramNodes
INFO: SemSearch_ES-111	rock ca	names	0.268878
Jan 21, 2016 6:29:10 AM edu.wayne.pfsdm.ParametrizedFSDMTraversal getBigramNodes
INFO: SemSearch_ES-111	rock ca	attributes	0.301527
Jan 21, 2016 6:29:10 AM edu.wayne.pfsdm.ParametrizedFSDMTraversal getBigramNodes
INFO: SemSearch_ES-111	rock ca	similarentitynames	0.429595
Jan 21, 2016 6:29:10 AM edu.wayne.pfsdm.ParametrizedFSDMTraversal getBigramNodes
INFO: SemSearch_ES-111	rock ca	categories	0.00000
Jan 21, 2016 6:29:10 AM edu.wayne.pfsdm.ParametrizedFSDMTraversal getBigramNodes
INFO: SemSearch_ES-111	rock ca	outgoingentitynames	0.00000
Jan 21, 2016 6:29:11 AM edu.wayne.pfsdm.ParametrizedFSDMTraversal getUnigramNode
INFO: SemSearch_ES-102	beach	names	0.320821
Jan 21, 2016 6:29:11 AM edu.wayne.pfsdm.ParametrizedFSDMTraversal getUnigramNode
INFO: SemSearch_ES-102	beach	attributes	0.447584
Jan 21, 2016 6:29:11 AM edu.wayne.pfsdm.ParametrizedFSDMTraversal getUnigramNode
INFO: SemSearch_ES-102	beach	similarentitynames	0.231595
Jan 21, 2016 6:29:11 AM edu.wayne.pfsdm.ParametrizedFSDMTraversal getUnigramNode
INFO: SemSearch_ES-102	beach	categories	0.00000
Jan 21, 2016 6:29:11 AM edu.wayne.pfsdm.ParametrizedFSDMTraversal getUnigramNode
INFO: SemSearch_ES-102	beach	outgoingentitynames	0.00000
Jan 21, 2016 6:29:11 AM edu.wayne.pfsdm.ParametrizedFSDMTraversal getUnigramNode
INFO: SemSearch_ES-102	flower	names	0.221012
Jan 21, 2016 6:29:11 AM edu.wayne.pfsdm.ParametrizedFSDMTraversal getUnigramNode
INFO: SemSearch_ES-102	flower	attributes	0.454679
Jan 21, 2016 6:29:11 AM edu.wayne.pfsdm.ParametrizedFSDMTraversal getUnigramNode
INFO: SemSearch_ES-102	flower	similarentitynames	0.173784
Jan 21, 2016 6:29:11 AM edu.wayne.pfsdm.ParametrizedFSDMTraversal getUnigramNode
INFO: SemSearch_ES-102	flower	categories	0.150525
Jan 21, 2016 6:29:11 AM edu.wayne.pfsdm.ParametrizedFSDMTraversal getUnigramNode
INFO: SemSearch_ES-102	flower	outgoingentitynames	0.00000
Jan 21, 2016 6:29:12 AM edu.wayne.pfsdm.ParametrizedFSDMTraversal getBigramNodes
INFO: SemSearch_ES-102	beach flower	names	0.134219
Jan 21, 2016 6:29:12 AM edu.wayne.pfsdm.ParametrizedFSDMTraversal getBigramNodes
INFO: SemSearch_ES-102	beach flower	attributes	0.237282
Jan 21, 2016 6:29:12 AM edu.wayne.pfsdm.ParametrizedFSDMTraversal getBigramNodes
INFO: SemSearch_ES-102	beach flower	similarentitynames	0.398177
Jan 21, 2016 6:29:12 AM edu.wayne.pfsdm.ParametrizedFSDMTraversal getBigramNodes
INFO: SemSearch_ES-102	beach flower	categories	0.189157
Jan 21, 2016 6:29:12 AM edu.wayne.pfsdm.ParametrizedFSDMTraversal getBigramNodes
INFO: SemSearch_ES-102	beach flower	outgoingentitynames	0.0411646
Jan 21, 2016 6:29:12 AM edu.wayne.pfsdm.ParametrizedFSDMTraversal getUnigramNode
INFO: SemSearch_ES-98	university	names	0.164624
Jan 21, 2016 6:29:12 AM edu.wayne.pfsdm.ParametrizedFSDMTraversal getUnigramNode
INFO: SemSearch_ES-98	university	attributes	0.298417
Jan 21, 2016 6:29:12 AM edu.wayne.pfsdm.ParametrizedFSDMTraversal getUnigramNode
INFO: SemSearch_ES-98	university	similarentitynames	0.372411
Jan 21, 2016 6:29:12 AM edu.wayne.pfsdm.ParametrizedFSDMTraversal getUnigramNode
INFO: SemSearch_ES-98	university	categories	0.164547
Jan 21, 2016 6:29:12 AM edu.wayne.pfsdm.ParametrizedFSDMTraversal getUnigramNode
INFO: SemSearch_ES-98	university	outgoingentitynames	0.00000
Jan 21, 2016 6:29:12 AM edu.wayne.pfsdm.ParametrizedFSDMTraversal getUnigramNode
INFO: SemSearch_ES-98	texas	names	0.167999
Jan 21, 2016 6:29:12 AM edu.wayne.pfsdm.ParametrizedFSDMTraversal getUnigramNode
INFO: SemSearch_ES-98	texas	attributes	0.293216
Jan 21, 2016 6:29:12 AM edu.wayne.pfsdm.ParametrizedFSDMTraversal getUnigramNode
INFO: SemSearch_ES-98	texas	similarentitynames	0.374666
Jan 21, 2016 6:29:12 AM edu.wayne.pfsdm.ParametrizedFSDMTraversal getUnigramNode
INFO: SemSearch_ES-98	texas	categories	0.164120
Jan 21, 2016 6:29:12 AM edu.wayne.pfsdm.ParametrizedFSDMTraversal getUnigramNode
INFO: SemSearch_ES-98	texas	outgoingentitynames	0.00000
Jan 21, 2016 6:29:12 AM edu.wayne.pfsdm.ParametrizedFSDMTraversal getUnigramNode
INFO: SemSearch_ES-98	austin	names	0.170583
Jan 21, 2016 6:29:12 AM edu.wayne.pfsdm.ParametrizedFSDMTraversal getUnigramNode
INFO: SemSearch_ES-98	austin	attributes	0.292963
Jan 21, 2016 6:29:12 AM edu.wayne.pfsdm.ParametrizedFSDMTraversal getUnigramNode
INFO: SemSearch_ES-98	austin	similarentitynames	0.373949
Jan 21, 2016 6:29:12 AM edu.wayne.pfsdm.ParametrizedFSDMTraversal getUnigramNode
INFO: SemSearch_ES-98	austin	categories	0.162504
Jan 21, 2016 6:29:12 AM edu.wayne.pfsdm.ParametrizedFSDMTraversal getUnigramNode
INFO: SemSearch_ES-98	austin	outgoingentitynames	0.00000
Jan 21, 2016 6:29:14 AM edu.wayne.pfsdm.ParametrizedFSDMTraversal getBigramNodes
INFO: SemSearch_ES-98	university texas	names	0.270672
Jan 21, 2016 6:29:14 AM edu.wayne.pfsdm.ParametrizedFSDMTraversal getBigramNodes
INFO: SemSearch_ES-98	university texas	attributes	0.305765
Jan 21, 2016 6:29:14 AM edu.wayne.pfsdm.ParametrizedFSDMTraversal getBigramNodes
INFO: SemSearch_ES-98	university texas	similarentitynames	0.423563
Jan 21, 2016 6:29:14 AM edu.wayne.pfsdm.ParametrizedFSDMTraversal getBigramNodes
INFO: SemSearch_ES-98	university texas	categories	0.00000
Jan 21, 2016 6:29:14 AM edu.wayne.pfsdm.ParametrizedFSDMTraversal getBigramNodes
INFO: SemSearch_ES-98	university texas	outgoingentitynames	0.00000
Jan 21, 2016 6:29:15 AM edu.wayne.pfsdm.ParametrizedFSDMTraversal getBigramNodes
INFO: SemSearch_ES-98	texas austin	names	0.266486
Jan 21, 2016 6:29:15 AM edu.wayne.pfsdm.ParametrizedFSDMTraversal getBigramNodes
INFO: SemSearch_ES-98	texas austin	attributes	0.300621
Jan 21, 2016 6:29:15 AM edu.wayne.pfsdm.ParametrizedFSDMTraversal getBigramNodes
INFO: SemSearch_ES-98	texas austin	similarentitynames	0.432892
Jan 21, 2016 6:29:15 AM edu.wayne.pfsdm.ParametrizedFSDMTraversal getBigramNodes
INFO: SemSearch_ES-98	texas austin	categories	0.00000
Jan 21, 2016 6:29:15 AM edu.wayne.pfsdm.ParametrizedFSDMTraversal getBigramNodes
INFO: SemSearch_ES-98	texas austin	outgoingentitynames	0.00000
Jan 21, 2016 6:29:16 AM edu.wayne.pfsdm.ParametrizedFSDMTraversal getUnigramNode
INFO: SemSearch_ES-105	cedar	names	0.325603
Jan 21, 2016 6:29:16 AM edu.wayne.pfsdm.ParametrizedFSDMTraversal getUnigramNode
INFO: SemSearch_ES-105	cedar	attributes	0.431127
Jan 21, 2016 6:29:16 AM edu.wayne.pfsdm.ParametrizedFSDMTraversal getUnigramNode
INFO: SemSearch_ES-105	cedar	similarentitynames	0.243270
Jan 21, 2016 6:29:16 AM edu.wayne.pfsdm.ParametrizedFSDMTraversal getUnigramNode
INFO: SemSearch_ES-105	cedar	categories	0.00000
Jan 21, 2016 6:29:16 AM edu.wayne.pfsdm.ParametrizedFSDMTraversal getUnigramNode
INFO: SemSearch_ES-105	cedar	outgoingentitynames	0.00000
Jan 21, 2016 6:29:16 AM edu.wayne.pfsdm.ParametrizedFSDMTraversal getUnigramNode
INFO: SemSearch_ES-105	garden	names	0.319960
Jan 21, 2016 6:29:16 AM edu.wayne.pfsdm.ParametrizedFSDMTraversal getUnigramNode
INFO: SemSearch_ES-105	garden	attributes	0.450698
Jan 21, 2016 6:29:16 AM edu.wayne.pfsdm.ParametrizedFSDMTraversal getUnigramNode
INFO: SemSearch_ES-105	garden	similarentitynames	0.229343
Jan 21, 2016 6:29:16 AM edu.wayne.pfsdm.ParametrizedFSDMTraversal getUnigramNode
INFO: SemSearch_ES-105	garden	categories	0.00000
Jan 21, 2016 6:29:16 AM edu.wayne.pfsdm.ParametrizedFSDMTraversal getUnigramNode
INFO: SemSearch_ES-105	garden	outgoingentitynames	0.00000
Jan 21, 2016 6:29:16 AM edu.wayne.pfsdm.ParametrizedFSDMTraversal getUnigramNode
INFO: SemSearch_ES-105	apartments	names	0.226571
Jan 21, 2016 6:29:16 AM edu.wayne.pfsdm.ParametrizedFSDMTraversal getUnigramNode
INFO: SemSearch_ES-105	apartments	attributes	0.451055
Jan 21, 2016 6:29:16 AM edu.wayne.pfsdm.ParametrizedFSDMTraversal getUnigramNode
INFO: SemSearch_ES-105	apartments	similarentitynames	0.173021
Jan 21, 2016 6:29:16 AM edu.wayne.pfsdm.ParametrizedFSDMTraversal getUnigramNode
INFO: SemSearch_ES-105	apartments	categories	0.149353
Jan 21, 2016 6:29:16 AM edu.wayne.pfsdm.ParametrizedFSDMTraversal getUnigramNode
INFO: SemSearch_ES-105	apartments	outgoingentitynames	0.00000
Jan 21, 2016 6:29:17 AM edu.wayne.pfsdm.ParametrizedFSDMTraversal getBigramNodes
INFO: SemSearch_ES-105	cedar garden	names	0.159382
Jan 21, 2016 6:29:17 AM edu.wayne.pfsdm.ParametrizedFSDMTraversal getBigramNodes
INFO: SemSearch_ES-105	cedar garden	attributes	0.288981
Jan 21, 2016 6:29:17 AM edu.wayne.pfsdm.ParametrizedFSDMTraversal getBigramNodes
INFO: SemSearch_ES-105	cedar garden	similarentitynames	0.397795
Jan 21, 2016 6:29:17 AM edu.wayne.pfsdm.ParametrizedFSDMTraversal getBigramNodes
INFO: SemSearch_ES-105	cedar garden	categories	0.153841
Jan 21, 2016 6:29:17 AM edu.wayne.pfsdm.ParametrizedFSDMTraversal getBigramNodes
INFO: SemSearch_ES-105	cedar garden	outgoingentitynames	0.00000
Jan 21, 2016 6:29:17 AM edu.wayne.pfsdm.ParametrizedFSDMTraversal getBigramNodes
INFO: SemSearch_ES-105	garden apartments	names	0.150444
Jan 21, 2016 6:29:17 AM edu.wayne.pfsdm.ParametrizedFSDMTraversal getBigramNodes
INFO: SemSearch_ES-105	garden apartments	attributes	0.228603
Jan 21, 2016 6:29:17 AM edu.wayne.pfsdm.ParametrizedFSDMTraversal getBigramNodes
INFO: SemSearch_ES-105	garden apartments	similarentitynames	0.403255
Jan 21, 2016 6:29:17 AM edu.wayne.pfsdm.ParametrizedFSDMTraversal getBigramNodes
INFO: SemSearch_ES-105	garden apartments	categories	0.178789
Jan 21, 2016 6:29:17 AM edu.wayne.pfsdm.ParametrizedFSDMTraversal getBigramNodes
INFO: SemSearch_ES-105	garden apartments	outgoingentitynames	0.0389084
Jan 21, 2016 6:29:18 AM edu.wayne.pfsdm.ParametrizedFSDMTraversal getUnigramNode
INFO: SemSearch_ES-139	big	names	0.321633
Jan 21, 2016 6:29:18 AM edu.wayne.pfsdm.ParametrizedFSDMTraversal getUnigramNode
INFO: SemSearch_ES-139	big	attributes	0.444390
Jan 21, 2016 6:29:18 AM edu.wayne.pfsdm.ParametrizedFSDMTraversal getUnigramNode
INFO: SemSearch_ES-139	big	similarentitynames	0.233977
Jan 21, 2016 6:29:18 AM edu.wayne.pfsdm.ParametrizedFSDMTraversal getUnigramNode
INFO: SemSearch_ES-139	big	categories	0.00000
Jan 21, 2016 6:29:18 AM edu.wayne.pfsdm.ParametrizedFSDMTraversal getUnigramNode
INFO: SemSearch_ES-139	big	outgoingentitynames	0.00000
Jan 21, 2016 6:29:18 AM edu.wayne.pfsdm.ParametrizedFSDMTraversal getUnigramNode
INFO: SemSearch_ES-139	texas	names	0.325111
Jan 21, 2016 6:29:18 AM edu.wayne.pfsdm.ParametrizedFSDMTraversal getUnigramNode
INFO: SemSearch_ES-139	texas	attributes	0.441938
Jan 21, 2016 6:29:18 AM edu.wayne.pfsdm.ParametrizedFSDMTraversal getUnigramNode
INFO: SemSearch_ES-139	texas	similarentitynames	0.232951
Jan 21, 2016 6:29:18 AM edu.wayne.pfsdm.ParametrizedFSDMTraversal getUnigramNode
INFO: SemSearch_ES-139	texas	categories	0.00000
Jan 21, 2016 6:29:18 AM edu.wayne.pfsdm.ParametrizedFSDMTraversal getUnigramNode
INFO: SemSearch_ES-139	texas	outgoingentitynames	0.00000
Jan 21, 2016 6:29:18 AM edu.wayne.pfsdm.ParametrizedFSDMTraversal getUnigramNode
INFO: SemSearch_ES-139	steak	names	0.323578
Jan 21, 2016 6:29:18 AM edu.wayne.pfsdm.ParametrizedFSDMTraversal getUnigramNode
INFO: SemSearch_ES-139	steak	attributes	0.436154
Jan 21, 2016 6:29:18 AM edu.wayne.pfsdm.ParametrizedFSDMTraversal getUnigramNode
INFO: SemSearch_ES-139	steak	similarentitynames	0.240268
Jan 21, 2016 6:29:18 AM edu.wayne.pfsdm.ParametrizedFSDMTraversal getUnigramNode
INFO: SemSearch_ES-139	steak	categories	0.00000
Jan 21, 2016 6:29:18 AM edu.wayne.pfsdm.ParametrizedFSDMTraversal getUnigramNode
INFO: SemSearch_ES-139	steak	outgoingentitynames	0.00000
Jan 21, 2016 6:29:18 AM edu.wayne.pfsdm.ParametrizedFSDMTraversal getUnigramNode
INFO: SemSearch_ES-139	house	names	0.320041
Jan 21, 2016 6:29:18 AM edu.wayne.pfsdm.ParametrizedFSDMTraversal getUnigramNode
INFO: SemSearch_ES-139	house	attributes	0.450219
Jan 21, 2016 6:29:18 AM edu.wayne.pfsdm.ParametrizedFSDMTraversal getUnigramNode
INFO: SemSearch_ES-139	house	similarentitynames	0.229740
Jan 21, 2016 6:29:18 AM edu.wayne.pfsdm.ParametrizedFSDMTraversal getUnigramNode
INFO: SemSearch_ES-139	house	categories	0.00000
Jan 21, 2016 6:29:18 AM edu.wayne.pfsdm.ParametrizedFSDMTraversal getUnigramNode
INFO: SemSearch_ES-139	house	outgoingentitynames	0.00000
Jan 21, 2016 6:29:18 AM edu.wayne.pfsdm.ParametrizedFSDMTraversal getBigramNodes
INFO: SemSearch_ES-139	big texas	names	0.166620
Jan 21, 2016 6:29:18 AM edu.wayne.pfsdm.ParametrizedFSDMTraversal getBigramNodes
INFO: SemSearch_ES-139	big texas	attributes	0.285256
Jan 21, 2016 6:29:18 AM edu.wayne.pfsdm.ParametrizedFSDMTraversal getBigramNodes
INFO: SemSearch_ES-139	big texas	similarentitynames	0.403602
Jan 21, 2016 6:29:18 AM edu.wayne.pfsdm.ParametrizedFSDMTraversal getBigramNodes
INFO: SemSearch_ES-139	big texas	categories	0.144521
Jan 21, 2016 6:29:18 AM edu.wayne.pfsdm.ParametrizedFSDMTraversal getBigramNodes
INFO: SemSearch_ES-139	big texas	outgoingentitynames	0.00000
Jan 21, 2016 6:29:19 AM edu.wayne.pfsdm.ParametrizedFSDMTraversal getBigramNodes
INFO: SemSearch_ES-139	texas steak	names	0.267805
Jan 21, 2016 6:29:19 AM edu.wayne.pfsdm.ParametrizedFSDMTraversal getBigramNodes
INFO: SemSearch_ES-139	texas steak	attributes	0.302308
Jan 21, 2016 6:29:19 AM edu.wayne.pfsdm.ParametrizedFSDMTraversal getBigramNodes
INFO: SemSearch_ES-139	texas steak	similarentitynames	0.429887
Jan 21, 2016 6:29:19 AM edu.wayne.pfsdm.ParametrizedFSDMTraversal getBigramNodes
INFO: SemSearch_ES-139	texas steak	categories	0.00000
Jan 21, 2016 6:29:19 AM edu.wayne.pfsdm.ParametrizedFSDMTraversal getBigramNodes
INFO: SemSearch_ES-139	texas steak	outgoingentitynames	0.00000
Jan 21, 2016 6:29:20 AM edu.wayne.pfsdm.ParametrizedFSDMTraversal getBigramNodes
INFO: SemSearch_ES-139	steak house	names	0.166211
Jan 21, 2016 6:29:20 AM edu.wayne.pfsdm.ParametrizedFSDMTraversal getBigramNodes
INFO: SemSearch_ES-139	steak house	attributes	0.289631
Jan 21, 2016 6:29:20 AM edu.wayne.pfsdm.ParametrizedFSDMTraversal getBigramNodes
INFO: SemSearch_ES-139	steak house	similarentitynames	0.401298
Jan 21, 2016 6:29:20 AM edu.wayne.pfsdm.ParametrizedFSDMTraversal getBigramNodes
INFO: SemSearch_ES-139	steak house	categories	0.142860
Jan 21, 2016 6:29:20 AM edu.wayne.pfsdm.ParametrizedFSDMTraversal getBigramNodes
INFO: SemSearch_ES-139	steak house	outgoingentitynames	0.00000
Jan 21, 2016 6:29:22 AM edu.wayne.pfsdm.ParametrizedFSDMTraversal getUnigramNode
INFO: SemSearch_ES-69	piosenki	names	0.316324
Jan 21, 2016 6:29:22 AM edu.wayne.pfsdm.ParametrizedFSDMTraversal getUnigramNode
INFO: SemSearch_ES-69	piosenki	attributes	0.455211
Jan 21, 2016 6:29:22 AM edu.wayne.pfsdm.ParametrizedFSDMTraversal getUnigramNode
INFO: SemSearch_ES-69	piosenki	similarentitynames	0.228464
Jan 21, 2016 6:29:22 AM edu.wayne.pfsdm.ParametrizedFSDMTraversal getUnigramNode
INFO: SemSearch_ES-69	piosenki	categories	0.00000
Jan 21, 2016 6:29:22 AM edu.wayne.pfsdm.ParametrizedFSDMTraversal getUnigramNode
INFO: SemSearch_ES-69	piosenki	outgoingentitynames	0.00000
Jan 21, 2016 6:29:22 AM edu.wayne.pfsdm.ParametrizedFSDMTraversal getUnigramNode
INFO: SemSearch_ES-69	mp3	names	0.214747
Jan 21, 2016 6:29:22 AM edu.wayne.pfsdm.ParametrizedFSDMTraversal getUnigramNode
INFO: SemSearch_ES-69	mp3	attributes	0.461312
Jan 21, 2016 6:29:22 AM edu.wayne.pfsdm.ParametrizedFSDMTraversal getUnigramNode
INFO: SemSearch_ES-69	mp3	similarentitynames	0.172276
Jan 21, 2016 6:29:22 AM edu.wayne.pfsdm.ParametrizedFSDMTraversal getUnigramNode
INFO: SemSearch_ES-69	mp3	categories	0.151665
Jan 21, 2016 6:29:22 AM edu.wayne.pfsdm.ParametrizedFSDMTraversal getUnigramNode
INFO: SemSearch_ES-69	mp3	outgoingentitynames	0.00000
Jan 21, 2016 6:29:23 AM edu.wayne.pfsdm.ParametrizedFSDMTraversal getBigramNodes
INFO: SemSearch_ES-69	piosenki mp3	names	0.131066
Jan 21, 2016 6:29:23 AM edu.wayne.pfsdm.ParametrizedFSDMTraversal getBigramNodes
INFO: SemSearch_ES-69	piosenki mp3	attributes	0.214437
Jan 21, 2016 6:29:23 AM edu.wayne.pfsdm.ParametrizedFSDMTraversal getBigramNodes
INFO: SemSearch_ES-69	piosenki mp3	similarentitynames	0.405503
Jan 21, 2016 6:29:23 AM edu.wayne.pfsdm.ParametrizedFSDMTraversal getBigramNodes
INFO: SemSearch_ES-69	piosenki mp3	categories	0.204493
Jan 21, 2016 6:29:23 AM edu.wayne.pfsdm.ParametrizedFSDMTraversal getBigramNodes
INFO: SemSearch_ES-69	piosenki mp3	outgoingentitynames	0.0445020
Jan 21, 2016 6:29:23 AM edu.wayne.pfsdm.ParametrizedFSDMTraversal getUnigramNode
INFO: SemSearch_ES-77	savannah	names	0.319684
Jan 21, 2016 6:29:23 AM edu.wayne.pfsdm.ParametrizedFSDMTraversal getUnigramNode
INFO: SemSearch_ES-77	savannah	attributes	0.450188
Jan 21, 2016 6:29:23 AM edu.wayne.pfsdm.ParametrizedFSDMTraversal getUnigramNode
INFO: SemSearch_ES-77	savannah	similarentitynames	0.230128
Jan 21, 2016 6:29:23 AM edu.wayne.pfsdm.ParametrizedFSDMTraversal getUnigramNode
INFO: SemSearch_ES-77	savannah	categories	0.00000
Jan 21, 2016 6:29:23 AM edu.wayne.pfsdm.ParametrizedFSDMTraversal getUnigramNode
INFO: SemSearch_ES-77	savannah	outgoingentitynames	0.00000
Jan 21, 2016 6:29:23 AM edu.wayne.pfsdm.ParametrizedFSDMTraversal getUnigramNode
INFO: SemSearch_ES-77	tech	names	0.327087
Jan 21, 2016 6:29:23 AM edu.wayne.pfsdm.ParametrizedFSDMTraversal getUnigramNode
INFO: SemSearch_ES-77	tech	attributes	0.442781
Jan 21, 2016 6:29:23 AM edu.wayne.pfsdm.ParametrizedFSDMTraversal getUnigramNode
INFO: SemSearch_ES-77	tech	similarentitynames	0.230132
Jan 21, 2016 6:29:23 AM edu.wayne.pfsdm.ParametrizedFSDMTraversal getUnigramNode
INFO: SemSearch_ES-77	tech	categories	0.00000
Jan 21, 2016 6:29:23 AM edu.wayne.pfsdm.ParametrizedFSDMTraversal getUnigramNode
INFO: SemSearch_ES-77	tech	outgoingentitynames	0.00000
Jan 21, 2016 6:29:24 AM edu.wayne.pfsdm.ParametrizedFSDMTraversal getBigramNodes
INFO: SemSearch_ES-77	savannah tech	names	0.169852
Jan 21, 2016 6:29:24 AM edu.wayne.pfsdm.ParametrizedFSDMTraversal getBigramNodes
INFO: SemSearch_ES-77	savannah tech	attributes	0.307204
Jan 21, 2016 6:29:24 AM edu.wayne.pfsdm.ParametrizedFSDMTraversal getBigramNodes
INFO: SemSearch_ES-77	savannah tech	similarentitynames	0.368386
Jan 21, 2016 6:29:24 AM edu.wayne.pfsdm.ParametrizedFSDMTraversal getBigramNodes
INFO: SemSearch_ES-77	savannah tech	categories	0.154558
Jan 21, 2016 6:29:24 AM edu.wayne.pfsdm.ParametrizedFSDMTraversal getBigramNodes
INFO: SemSearch_ES-77	savannah tech	outgoingentitynames	0.00000
Jan 21, 2016 6:29:24 AM edu.wayne.pfsdm.ParametrizedFSDMTraversal getUnigramNode
INFO: SemSearch_ES-75	sagemont	names	0.349750
Jan 21, 2016 6:29:24 AM edu.wayne.pfsdm.ParametrizedFSDMTraversal getUnigramNode
INFO: SemSearch_ES-75	sagemont	attributes	0.420436
Jan 21, 2016 6:29:24 AM edu.wayne.pfsdm.ParametrizedFSDMTraversal getUnigramNode
INFO: SemSearch_ES-75	sagemont	similarentitynames	0.229814
Jan 21, 2016 6:29:24 AM edu.wayne.pfsdm.ParametrizedFSDMTraversal getUnigramNode
INFO: SemSearch_ES-75	sagemont	categories	0.00000
Jan 21, 2016 6:29:24 AM edu.wayne.pfsdm.ParametrizedFSDMTraversal getUnigramNode
INFO: SemSearch_ES-75	sagemont	outgoingentitynames	0.00000
Jan 21, 2016 6:29:24 AM edu.wayne.pfsdm.ParametrizedFSDMTraversal getUnigramNode
INFO: SemSearch_ES-75	church	names	0.323009
Jan 21, 2016 6:29:24 AM edu.wayne.pfsdm.ParametrizedFSDMTraversal getUnigramNode
INFO: SemSearch_ES-75	church	attributes	0.445634
Jan 21, 2016 6:29:24 AM edu.wayne.pfsdm.ParametrizedFSDMTraversal getUnigramNode
INFO: SemSearch_ES-75	church	similarentitynames	0.231357
Jan 21, 2016 6:29:24 AM edu.wayne.pfsdm.ParametrizedFSDMTraversal getUnigramNode
INFO: SemSearch_ES-75	church	categories	0.00000
Jan 21, 2016 6:29:24 AM edu.wayne.pfsdm.ParametrizedFSDMTraversal getUnigramNode
INFO: SemSearch_ES-75	church	outgoingentitynames	0.00000
Jan 21, 2016 6:29:24 AM edu.wayne.pfsdm.ParametrizedFSDMTraversal getUnigramNode
INFO: SemSearch_ES-75	houston	names	0.322537
Jan 21, 2016 6:29:24 AM edu.wayne.pfsdm.ParametrizedFSDMTraversal getUnigramNode
INFO: SemSearch_ES-75	houston	attributes	0.449028
Jan 21, 2016 6:29:24 AM edu.wayne.pfsdm.ParametrizedFSDMTraversal getUnigramNode
INFO: SemSearch_ES-75	houston	similarentitynames	0.228435
Jan 21, 2016 6:29:24 AM edu.wayne.pfsdm.ParametrizedFSDMTraversal getUnigramNode
INFO: SemSearch_ES-75	houston	categories	0.00000
Jan 21, 2016 6:29:24 AM edu.wayne.pfsdm.ParametrizedFSDMTraversal getUnigramNode
INFO: SemSearch_ES-75	houston	outgoingentitynames	0.00000
Jan 21, 2016 6:29:24 AM edu.wayne.pfsdm.ParametrizedFSDMTraversal getUnigramNode
INFO: SemSearch_ES-75	tx	names	0.232058
Jan 21, 2016 6:29:24 AM edu.wayne.pfsdm.ParametrizedFSDMTraversal getUnigramNode
INFO: SemSearch_ES-75	tx	attributes	0.434648
Jan 21, 2016 6:29:24 AM edu.wayne.pfsdm.ParametrizedFSDMTraversal getUnigramNode
INFO: SemSearch_ES-75	tx	similarentitynames	0.186682
Jan 21, 2016 6:29:24 AM edu.wayne.pfsdm.ParametrizedFSDMTraversal getUnigramNode
INFO: SemSearch_ES-75	tx	categories	0.146612
Jan 21, 2016 6:29:24 AM edu.wayne.pfsdm.ParametrizedFSDMTraversal getUnigramNode
INFO: SemSearch_ES-75	tx	outgoingentitynames	0.00000
Jan 21, 2016 6:29:25 AM edu.wayne.pfsdm.ParametrizedFSDMTraversal getBigramNodes
INFO: SemSearch_ES-75	sagemont church	names	0.292586
Jan 21, 2016 6:29:25 AM edu.wayne.pfsdm.ParametrizedFSDMTraversal getBigramNodes
INFO: SemSearch_ES-75	sagemont church	attributes	0.283822
Jan 21, 2016 6:29:25 AM edu.wayne.pfsdm.ParametrizedFSDMTraversal getBigramNodes
INFO: SemSearch_ES-75	sagemont church	similarentitynames	0.423592
Jan 21, 2016 6:29:25 AM edu.wayne.pfsdm.ParametrizedFSDMTraversal getBigramNodes
INFO: SemSearch_ES-75	sagemont church	categories	0.00000
Jan 21, 2016 6:29:25 AM edu.wayne.pfsdm.ParametrizedFSDMTraversal getBigramNodes
INFO: SemSearch_ES-75	sagemont church	outgoingentitynames	0.00000
Jan 21, 2016 6:29:26 AM edu.wayne.pfsdm.ParametrizedFSDMTraversal getBigramNodes
INFO: SemSearch_ES-75	church houston	names	0.275419
Jan 21, 2016 6:29:26 AM edu.wayne.pfsdm.ParametrizedFSDMTraversal getBigramNodes
INFO: SemSearch_ES-75	church houston	attributes	0.306216
Jan 21, 2016 6:29:26 AM edu.wayne.pfsdm.ParametrizedFSDMTraversal getBigramNodes
INFO: SemSearch_ES-75	church houston	similarentitynames	0.418365
Jan 21, 2016 6:29:26 AM edu.wayne.pfsdm.ParametrizedFSDMTraversal getBigramNodes
INFO: SemSearch_ES-75	church houston	categories	0.00000
Jan 21, 2016 6:29:26 AM edu.wayne.pfsdm.ParametrizedFSDMTraversal getBigramNodes
INFO: SemSearch_ES-75	church houston	outgoingentitynames	0.00000
Jan 21, 2016 6:29:26 AM edu.wayne.pfsdm.ParametrizedFSDMTraversal getBigramNodes
INFO: SemSearch_ES-75	houston tx	names	0.180572
Jan 21, 2016 6:29:26 AM edu.wayne.pfsdm.ParametrizedFSDMTraversal getBigramNodes
INFO: SemSearch_ES-75	houston tx	attributes	0.207008
Jan 21, 2016 6:29:26 AM edu.wayne.pfsdm.ParametrizedFSDMTraversal getBigramNodes
INFO: SemSearch_ES-75	houston tx	similarentitynames	0.422159
Jan 21, 2016 6:29:26 AM edu.wayne.pfsdm.ParametrizedFSDMTraversal getBigramNodes
INFO: SemSearch_ES-75	houston tx	categories	0.132871
Jan 21, 2016 6:29:26 AM edu.wayne.pfsdm.ParametrizedFSDMTraversal getBigramNodes
INFO: SemSearch_ES-75	houston tx	outgoingentitynames	0.0573895
Jan 21, 2016 6:29:27 AM edu.wayne.pfsdm.ParametrizedFSDMTraversal getUnigramNode
INFO: SemSearch_ES-79	shobana	names	0.322712
Jan 21, 2016 6:29:27 AM edu.wayne.pfsdm.ParametrizedFSDMTraversal getUnigramNode
INFO: SemSearch_ES-79	shobana	attributes	0.470989
Jan 21, 2016 6:29:27 AM edu.wayne.pfsdm.ParametrizedFSDMTraversal getUnigramNode
INFO: SemSearch_ES-79	shobana	similarentitynames	0.206299
Jan 21, 2016 6:29:27 AM edu.wayne.pfsdm.ParametrizedFSDMTraversal getUnigramNode
INFO: SemSearch_ES-79	shobana	categories	0.00000
Jan 21, 2016 6:29:27 AM edu.wayne.pfsdm.ParametrizedFSDMTraversal getUnigramNode
INFO: SemSearch_ES-79	shobana	outgoingentitynames	0.00000
Jan 21, 2016 6:29:27 AM edu.wayne.pfsdm.ParametrizedFSDMTraversal getUnigramNode
INFO: SemSearch_ES-79	masala	names	0.324092
Jan 21, 2016 6:29:27 AM edu.wayne.pfsdm.ParametrizedFSDMTraversal getUnigramNode
INFO: SemSearch_ES-79	masala	attributes	0.435630
Jan 21, 2016 6:29:27 AM edu.wayne.pfsdm.ParametrizedFSDMTraversal getUnigramNode
INFO: SemSearch_ES-79	masala	similarentitynames	0.240278
Jan 21, 2016 6:29:27 AM edu.wayne.pfsdm.ParametrizedFSDMTraversal getUnigramNode
INFO: SemSearch_ES-79	masala	categories	0.00000
Jan 21, 2016 6:29:27 AM edu.wayne.pfsdm.ParametrizedFSDMTraversal getUnigramNode
INFO: SemSearch_ES-79	masala	outgoingentitynames	0.00000
Jan 21, 2016 6:29:27 AM edu.wayne.pfsdm.ParametrizedFSDMTraversal getBigramNodes
INFO: SemSearch_ES-79	shobana masala	names	0.143069
Jan 21, 2016 6:29:27 AM edu.wayne.pfsdm.ParametrizedFSDMTraversal getBigramNodes
INFO: SemSearch_ES-79	shobana masala	attributes	0.275974
Jan 21, 2016 6:29:27 AM edu.wayne.pfsdm.ParametrizedFSDMTraversal getBigramNodes
INFO: SemSearch_ES-79	shobana masala	similarentitynames	0.397822
Jan 21, 2016 6:29:27 AM edu.wayne.pfsdm.ParametrizedFSDMTraversal getBigramNodes
INFO: SemSearch_ES-79	shobana masala	categories	0.183135
Jan 21, 2016 6:29:27 AM edu.wayne.pfsdm.ParametrizedFSDMTraversal getBigramNodes
INFO: SemSearch_ES-79	shobana masala	outgoingentitynames	0.00000
Jan 21, 2016 6:29:27 AM edu.wayne.pfsdm.ParametrizedFSDMTraversal getUnigramNode
INFO: SemSearch_ES-35	hospice	names	0.311986
Jan 21, 2016 6:29:27 AM edu.wayne.pfsdm.ParametrizedFSDMTraversal getUnigramNode
INFO: SemSearch_ES-35	hospice	attributes	0.452237
Jan 21, 2016 6:29:27 AM edu.wayne.pfsdm.ParametrizedFSDMTraversal getUnigramNode
INFO: SemSearch_ES-35	hospice	similarentitynames	0.235776
Jan 21, 2016 6:29:27 AM edu.wayne.pfsdm.ParametrizedFSDMTraversal getUnigramNode
INFO: SemSearch_ES-35	hospice	categories	0.00000
Jan 21, 2016 6:29:27 AM edu.wayne.pfsdm.ParametrizedFSDMTraversal getUnigramNode
INFO: SemSearch_ES-35	hospice	outgoingentitynames	0.00000
Jan 21, 2016 6:29:27 AM edu.wayne.pfsdm.ParametrizedFSDMTraversal getUnigramNode
INFO: SemSearch_ES-35	cincinnati	names	0.221175
Jan 21, 2016 6:29:27 AM edu.wayne.pfsdm.ParametrizedFSDMTraversal getUnigramNode
INFO: SemSearch_ES-35	cincinnati	attributes	0.451745
Jan 21, 2016 6:29:27 AM edu.wayne.pfsdm.ParametrizedFSDMTraversal getUnigramNode
INFO: SemSearch_ES-35	cincinnati	similarentitynames	0.173239
Jan 21, 2016 6:29:27 AM edu.wayne.pfsdm.ParametrizedFSDMTraversal getUnigramNode
INFO: SemSearch_ES-35	cincinnati	categories	0.153841
Jan 21, 2016 6:29:27 AM edu.wayne.pfsdm.ParametrizedFSDMTraversal getUnigramNode
INFO: SemSearch_ES-35	cincinnati	outgoingentitynames	0.00000
Jan 21, 2016 6:29:28 AM edu.wayne.pfsdm.ParametrizedFSDMTraversal getBigramNodes
INFO: SemSearch_ES-35	hospice cincinnati	names	0.170867
Jan 21, 2016 6:29:28 AM edu.wayne.pfsdm.ParametrizedFSDMTraversal getBigramNodes
INFO: SemSearch_ES-35	hospice cincinnati	attributes	0.183912
Jan 21, 2016 6:29:28 AM edu.wayne.pfsdm.ParametrizedFSDMTraversal getBigramNodes
INFO: SemSearch_ES-35	hospice cincinnati	similarentitynames	0.421718
Jan 21, 2016 6:29:28 AM edu.wayne.pfsdm.ParametrizedFSDMTraversal getBigramNodes
INFO: SemSearch_ES-35	hospice cincinnati	categories	0.156086
Jan 21, 2016 6:29:28 AM edu.wayne.pfsdm.ParametrizedFSDMTraversal getBigramNodes
INFO: SemSearch_ES-35	hospice cincinnati	outgoingentitynames	0.0674166
Jan 21, 2016 6:29:28 AM edu.wayne.pfsdm.ParametrizedFSDMTraversal getUnigramNode
INFO: SemSearch_ES-90	university	names	0.315252
Jan 21, 2016 6:29:28 AM edu.wayne.pfsdm.ParametrizedFSDMTraversal getUnigramNode
INFO: SemSearch_ES-90	university	attributes	0.460523
Jan 21, 2016 6:29:28 AM edu.wayne.pfsdm.ParametrizedFSDMTraversal getUnigramNode
INFO: SemSearch_ES-90	university	similarentitynames	0.224225
Jan 21, 2016 6:29:28 AM edu.wayne.pfsdm.ParametrizedFSDMTraversal getUnigramNode
INFO: SemSearch_ES-90	university	categories	0.00000
Jan 21, 2016 6:29:28 AM edu.wayne.pfsdm.ParametrizedFSDMTraversal getUnigramNode
INFO: SemSearch_ES-90	university	outgoingentitynames	0.00000
Jan 21, 2016 6:29:28 AM edu.wayne.pfsdm.ParametrizedFSDMTraversal getUnigramNode
INFO: SemSearch_ES-90	phoenix	names	0.323440
Jan 21, 2016 6:29:28 AM edu.wayne.pfsdm.ParametrizedFSDMTraversal getUnigramNode
INFO: SemSearch_ES-90	phoenix	attributes	0.445152
Jan 21, 2016 6:29:28 AM edu.wayne.pfsdm.ParametrizedFSDMTraversal getUnigramNode
INFO: SemSearch_ES-90	phoenix	similarentitynames	0.231407
Jan 21, 2016 6:29:28 AM edu.wayne.pfsdm.ParametrizedFSDMTraversal getUnigramNode
INFO: SemSearch_ES-90	phoenix	categories	0.00000
Jan 21, 2016 6:29:28 AM edu.wayne.pfsdm.ParametrizedFSDMTraversal getUnigramNode
INFO: SemSearch_ES-90	phoenix	outgoingentitynames	0.00000
Jan 21, 2016 6:29:29 AM edu.wayne.pfsdm.ParametrizedFSDMTraversal getBigramNodes
INFO: SemSearch_ES-90	university phoenix	names	0.270241
Jan 21, 2016 6:29:29 AM edu.wayne.pfsdm.ParametrizedFSDMTraversal getBigramNodes
INFO: SemSearch_ES-90	university phoenix	attributes	0.300393
Jan 21, 2016 6:29:29 AM edu.wayne.pfsdm.ParametrizedFSDMTraversal getBigramNodes
INFO: SemSearch_ES-90	university phoenix	similarentitynames	0.429367
Jan 21, 2016 6:29:29 AM edu.wayne.pfsdm.ParametrizedFSDMTraversal getBigramNodes
INFO: SemSearch_ES-90	university phoenix	categories	0.00000
Jan 21, 2016 6:29:29 AM edu.wayne.pfsdm.ParametrizedFSDMTraversal getBigramNodes
INFO: SemSearch_ES-90	university phoenix	outgoingentitynames	0.00000
Jan 21, 2016 6:29:30 AM edu.wayne.pfsdm.ParametrizedFSDMTraversal getUnigramNode
INFO: SemSearch_ES-17	butte	names	0.327555
Jan 21, 2016 6:29:30 AM edu.wayne.pfsdm.ParametrizedFSDMTraversal getUnigramNode
INFO: SemSearch_ES-17	butte	attributes	0.435733
Jan 21, 2016 6:29:30 AM edu.wayne.pfsdm.ParametrizedFSDMTraversal getUnigramNode
INFO: SemSearch_ES-17	butte	similarentitynames	0.236712
Jan 21, 2016 6:29:30 AM edu.wayne.pfsdm.ParametrizedFSDMTraversal getUnigramNode
INFO: SemSearch_ES-17	butte	categories	0.00000
Jan 21, 2016 6:29:30 AM edu.wayne.pfsdm.ParametrizedFSDMTraversal getUnigramNode
INFO: SemSearch_ES-17	butte	outgoingentitynames	0.00000
Jan 21, 2016 6:29:30 AM edu.wayne.pfsdm.ParametrizedFSDMTraversal getUnigramNode
INFO: SemSearch_ES-17	montana	names	0.334140
Jan 21, 2016 6:29:30 AM edu.wayne.pfsdm.ParametrizedFSDMTraversal getUnigramNode
INFO: SemSearch_ES-17	montana	attributes	0.432966
Jan 21, 2016 6:29:30 AM edu.wayne.pfsdm.ParametrizedFSDMTraversal getUnigramNode
INFO: SemSearch_ES-17	montana	similarentitynames	0.232894
Jan 21, 2016 6:29:30 AM edu.wayne.pfsdm.ParametrizedFSDMTraversal getUnigramNode
INFO: SemSearch_ES-17	montana	categories	0.00000
Jan 21, 2016 6:29:30 AM edu.wayne.pfsdm.ParametrizedFSDMTraversal getUnigramNode
INFO: SemSearch_ES-17	montana	outgoingentitynames	0.00000
Jan 21, 2016 6:29:30 AM edu.wayne.pfsdm.ParametrizedFSDMTraversal getBigramNodes
INFO: SemSearch_ES-17	butte montana	names	0.165779
Jan 21, 2016 6:29:30 AM edu.wayne.pfsdm.ParametrizedFSDMTraversal getBigramNodes
INFO: SemSearch_ES-17	butte montana	attributes	0.288457
Jan 21, 2016 6:29:30 AM edu.wayne.pfsdm.ParametrizedFSDMTraversal getBigramNodes
INFO: SemSearch_ES-17	butte montana	similarentitynames	0.402587
Jan 21, 2016 6:29:30 AM edu.wayne.pfsdm.ParametrizedFSDMTraversal getBigramNodes
INFO: SemSearch_ES-17	butte montana	categories	0.143176
Jan 21, 2016 6:29:30 AM edu.wayne.pfsdm.ParametrizedFSDMTraversal getBigramNodes
INFO: SemSearch_ES-17	butte montana	outgoingentitynames	0.00000
Jan 21, 2016 6:29:30 AM edu.wayne.pfsdm.ParametrizedFSDMTraversal getUnigramNode
INFO: SemSearch_ES-96	new	names	0.164640
Jan 21, 2016 6:29:30 AM edu.wayne.pfsdm.ParametrizedFSDMTraversal getUnigramNode
INFO: SemSearch_ES-96	new	attributes	0.298626
Jan 21, 2016 6:29:30 AM edu.wayne.pfsdm.ParametrizedFSDMTraversal getUnigramNode
INFO: SemSearch_ES-96	new	similarentitynames	0.372625
Jan 21, 2016 6:29:30 AM edu.wayne.pfsdm.ParametrizedFSDMTraversal getUnigramNode
INFO: SemSearch_ES-96	new	categories	0.164109
Jan 21, 2016 6:29:30 AM edu.wayne.pfsdm.ParametrizedFSDMTraversal getUnigramNode
INFO: SemSearch_ES-96	new	outgoingentitynames	0.00000
Jan 21, 2016 6:29:30 AM edu.wayne.pfsdm.ParametrizedFSDMTraversal getUnigramNode
INFO: SemSearch_ES-96	england	names	0.157209
Jan 21, 2016 6:29:30 AM edu.wayne.pfsdm.ParametrizedFSDMTraversal getUnigramNode
INFO: SemSearch_ES-96	england	attributes	0.302783
Jan 21, 2016 6:29:30 AM edu.wayne.pfsdm.ParametrizedFSDMTraversal getUnigramNode
INFO: SemSearch_ES-96	england	similarentitynames	0.371696
Jan 21, 2016 6:29:30 AM edu.wayne.pfsdm.ParametrizedFSDMTraversal getUnigramNode
INFO: SemSearch_ES-96	england	categories	0.168311
Jan 21, 2016 6:29:30 AM edu.wayne.pfsdm.ParametrizedFSDMTraversal getUnigramNode
INFO: SemSearch_ES-96	england	outgoingentitynames	0.00000
Jan 21, 2016 6:29:30 AM edu.wayne.pfsdm.ParametrizedFSDMTraversal getUnigramNode
INFO: SemSearch_ES-96	coffee	names	0.167991
Jan 21, 2016 6:29:30 AM edu.wayne.pfsdm.ParametrizedFSDMTraversal getUnigramNode
INFO: SemSearch_ES-96	coffee	attributes	0.299922
Jan 21, 2016 6:29:30 AM edu.wayne.pfsdm.ParametrizedFSDMTraversal getUnigramNode
INFO: SemSearch_ES-96	coffee	similarentitynames	0.370820
Jan 21, 2016 6:29:30 AM edu.wayne.pfsdm.ParametrizedFSDMTraversal getUnigramNode
INFO: SemSearch_ES-96	coffee	categories	0.161268
Jan 21, 2016 6:29:30 AM edu.wayne.pfsdm.ParametrizedFSDMTraversal getUnigramNode
INFO: SemSearch_ES-96	coffee	outgoingentitynames	0.00000
Jan 21, 2016 6:29:33 AM edu.wayne.pfsdm.ParametrizedFSDMTraversal getBigramNodes
INFO: SemSearch_ES-96	new england	names	0.167181
Jan 21, 2016 6:29:33 AM edu.wayne.pfsdm.ParametrizedFSDMTraversal getBigramNodes
INFO: SemSearch_ES-96	new england	attributes	0.286029
Jan 21, 2016 6:29:33 AM edu.wayne.pfsdm.ParametrizedFSDMTraversal getBigramNodes
INFO: SemSearch_ES-96	new england	similarentitynames	0.410098
Jan 21, 2016 6:29:33 AM edu.wayne.pfsdm.ParametrizedFSDMTraversal getBigramNodes
INFO: SemSearch_ES-96	new england	categories	0.136692
Jan 21, 2016 6:29:33 AM edu.wayne.pfsdm.ParametrizedFSDMTraversal getBigramNodes
INFO: SemSearch_ES-96	new england	outgoingentitynames	0.00000
Jan 21, 2016 6:29:34 AM edu.wayne.pfsdm.ParametrizedFSDMTraversal getBigramNodes
INFO: SemSearch_ES-96	england coffee	names	0.174881
Jan 21, 2016 6:29:34 AM edu.wayne.pfsdm.ParametrizedFSDMTraversal getBigramNodes
INFO: SemSearch_ES-96	england coffee	attributes	0.306660
Jan 21, 2016 6:29:34 AM edu.wayne.pfsdm.ParametrizedFSDMTraversal getBigramNodes
INFO: SemSearch_ES-96	england coffee	similarentitynames	0.366572
Jan 21, 2016 6:29:34 AM edu.wayne.pfsdm.ParametrizedFSDMTraversal getBigramNodes
INFO: SemSearch_ES-96	england coffee	categories	0.151886
Jan 21, 2016 6:29:34 AM edu.wayne.pfsdm.ParametrizedFSDMTraversal getBigramNodes
INFO: SemSearch_ES-96	england coffee	outgoingentitynames	0.00000
Jan 21, 2016 6:29:37 AM edu.wayne.pfsdm.ParametrizedFSDMTraversal getUnigramNode
INFO: SemSearch_ES-125	nokia	names	0.173149
Jan 21, 2016 6:29:37 AM edu.wayne.pfsdm.ParametrizedFSDMTraversal getUnigramNode
INFO: SemSearch_ES-125	nokia	attributes	0.294574
Jan 21, 2016 6:29:37 AM edu.wayne.pfsdm.ParametrizedFSDMTraversal getUnigramNode
INFO: SemSearch_ES-125	nokia	similarentitynames	0.372301
Jan 21, 2016 6:29:37 AM edu.wayne.pfsdm.ParametrizedFSDMTraversal getUnigramNode
INFO: SemSearch_ES-125	nokia	categories	0.159976
Jan 21, 2016 6:29:37 AM edu.wayne.pfsdm.ParametrizedFSDMTraversal getUnigramNode
INFO: SemSearch_ES-125	nokia	outgoingentitynames	0.00000
Jan 21, 2016 6:29:37 AM edu.wayne.pfsdm.ParametrizedFSDMTraversal getUnigramNode
INFO: SemSearch_ES-125	e73	names	0.176381
Jan 21, 2016 6:29:37 AM edu.wayne.pfsdm.ParametrizedFSDMTraversal getUnigramNode
INFO: SemSearch_ES-125	e73	attributes	0.292247
Jan 21, 2016 6:29:37 AM edu.wayne.pfsdm.ParametrizedFSDMTraversal getUnigramNode
INFO: SemSearch_ES-125	e73	similarentitynames	0.374019
Jan 21, 2016 6:29:37 AM edu.wayne.pfsdm.ParametrizedFSDMTraversal getUnigramNode
INFO: SemSearch_ES-125	e73	categories	0.157353
Jan 21, 2016 6:29:37 AM edu.wayne.pfsdm.ParametrizedFSDMTraversal getUnigramNode
INFO: SemSearch_ES-125	e73	outgoingentitynames	0.00000
Jan 21, 2016 6:29:37 AM edu.wayne.pfsdm.ParametrizedFSDMTraversal getBigramNodes
INFO: SemSearch_ES-125	nokia e73	names	0.162106
Jan 21, 2016 6:29:37 AM edu.wayne.pfsdm.ParametrizedFSDMTraversal getBigramNodes
INFO: SemSearch_ES-125	nokia e73	attributes	0.292679
Jan 21, 2016 6:29:37 AM edu.wayne.pfsdm.ParametrizedFSDMTraversal getBigramNodes
INFO: SemSearch_ES-125	nokia e73	similarentitynames	0.394975
Jan 21, 2016 6:29:37 AM edu.wayne.pfsdm.ParametrizedFSDMTraversal getBigramNodes
INFO: SemSearch_ES-125	nokia e73	categories	0.150240
Jan 21, 2016 6:29:37 AM edu.wayne.pfsdm.ParametrizedFSDMTraversal getBigramNodes
INFO: SemSearch_ES-125	nokia e73	outgoingentitynames	0.00000
Jan 21, 2016 6:29:37 AM edu.wayne.pfsdm.ParametrizedFSDMTraversal getUnigramNode
INFO: SemSearch_ES-39	james	names	0.231007
Jan 21, 2016 6:29:37 AM edu.wayne.pfsdm.ParametrizedFSDMTraversal getUnigramNode
INFO: SemSearch_ES-39	james	attributes	0.437439
Jan 21, 2016 6:29:37 AM edu.wayne.pfsdm.ParametrizedFSDMTraversal getUnigramNode
INFO: SemSearch_ES-39	james	similarentitynames	0.181238
Jan 21, 2016 6:29:37 AM edu.wayne.pfsdm.ParametrizedFSDMTraversal getUnigramNode
INFO: SemSearch_ES-39	james	categories	0.150317
Jan 21, 2016 6:29:37 AM edu.wayne.pfsdm.ParametrizedFSDMTraversal getUnigramNode
INFO: SemSearch_ES-39	james	outgoingentitynames	0.00000
Jan 21, 2016 6:29:37 AM edu.wayne.pfsdm.ParametrizedFSDMTraversal getUnigramNode
INFO: SemSearch_ES-39	caldwell	names	0.335028
Jan 21, 2016 6:29:37 AM edu.wayne.pfsdm.ParametrizedFSDMTraversal getUnigramNode
INFO: SemSearch_ES-39	caldwell	attributes	0.417724
Jan 21, 2016 6:29:37 AM edu.wayne.pfsdm.ParametrizedFSDMTraversal getUnigramNode
INFO: SemSearch_ES-39	caldwell	similarentitynames	0.247247
Jan 21, 2016 6:29:37 AM edu.wayne.pfsdm.ParametrizedFSDMTraversal getUnigramNode
INFO: SemSearch_ES-39	caldwell	categories	0.00000
Jan 21, 2016 6:29:37 AM edu.wayne.pfsdm.ParametrizedFSDMTraversal getUnigramNode
INFO: SemSearch_ES-39	caldwell	outgoingentitynames	0.00000
Jan 21, 2016 6:29:37 AM edu.wayne.pfsdm.ParametrizedFSDMTraversal getUnigramNode
INFO: SemSearch_ES-39	high	names	0.319889
Jan 21, 2016 6:29:37 AM edu.wayne.pfsdm.ParametrizedFSDMTraversal getUnigramNode
INFO: SemSearch_ES-39	high	attributes	0.447488
Jan 21, 2016 6:29:37 AM edu.wayne.pfsdm.ParametrizedFSDMTraversal getUnigramNode
INFO: SemSearch_ES-39	high	similarentitynames	0.232623
Jan 21, 2016 6:29:37 AM edu.wayne.pfsdm.ParametrizedFSDMTraversal getUnigramNode
INFO: SemSearch_ES-39	high	categories	0.00000
Jan 21, 2016 6:29:37 AM edu.wayne.pfsdm.ParametrizedFSDMTraversal getUnigramNode
INFO: SemSearch_ES-39	high	outgoingentitynames	0.00000
Jan 21, 2016 6:29:37 AM edu.wayne.pfsdm.ParametrizedFSDMTraversal getUnigramNode
INFO: SemSearch_ES-39	school	names	0.323317
Jan 21, 2016 6:29:37 AM edu.wayne.pfsdm.ParametrizedFSDMTraversal getUnigramNode
INFO: SemSearch_ES-39	school	attributes	0.444237
Jan 21, 2016 6:29:37 AM edu.wayne.pfsdm.ParametrizedFSDMTraversal getUnigramNode
INFO: SemSearch_ES-39	school	similarentitynames	0.232446
Jan 21, 2016 6:29:37 AM edu.wayne.pfsdm.ParametrizedFSDMTraversal getUnigramNode
INFO: SemSearch_ES-39	school	categories	0.00000
Jan 21, 2016 6:29:37 AM edu.wayne.pfsdm.ParametrizedFSDMTraversal getUnigramNode
INFO: SemSearch_ES-39	school	outgoingentitynames	0.00000
Jan 21, 2016 6:29:38 AM edu.wayne.pfsdm.ParametrizedFSDMTraversal getBigramNodes
INFO: SemSearch_ES-39	james caldwell	names	0.189105
Jan 21, 2016 6:29:38 AM edu.wayne.pfsdm.ParametrizedFSDMTraversal getBigramNodes
INFO: SemSearch_ES-39	james caldwell	attributes	0.201947
Jan 21, 2016 6:29:38 AM edu.wayne.pfsdm.ParametrizedFSDMTraversal getBigramNodes
INFO: SemSearch_ES-39	james caldwell	similarentitynames	0.422510
Jan 21, 2016 6:29:38 AM edu.wayne.pfsdm.ParametrizedFSDMTraversal getBigramNodes
INFO: SemSearch_ES-39	james caldwell	categories	0.130202
Jan 21, 2016 6:29:38 AM edu.wayne.pfsdm.ParametrizedFSDMTraversal getBigramNodes
INFO: SemSearch_ES-39	james caldwell	outgoingentitynames	0.0562367
Jan 21, 2016 6:29:39 AM edu.wayne.pfsdm.ParametrizedFSDMTraversal getBigramNodes
INFO: SemSearch_ES-39	caldwell high	names	0.166013
Jan 21, 2016 6:29:39 AM edu.wayne.pfsdm.ParametrizedFSDMTraversal getBigramNodes
INFO: SemSearch_ES-39	caldwell high	attributes	0.284140
Jan 21, 2016 6:29:39 AM edu.wayne.pfsdm.ParametrizedFSDMTraversal getBigramNodes
INFO: SemSearch_ES-39	caldwell high	similarentitynames	0.408448
Jan 21, 2016 6:29:39 AM edu.wayne.pfsdm.ParametrizedFSDMTraversal getBigramNodes
INFO: SemSearch_ES-39	caldwell high	categories	0.141399
Jan 21, 2016 6:29:39 AM edu.wayne.pfsdm.ParametrizedFSDMTraversal getBigramNodes
INFO: SemSearch_ES-39	caldwell high	outgoingentitynames	0.00000
Jan 21, 2016 6:29:40 AM edu.wayne.pfsdm.ParametrizedFSDMTraversal getBigramNodes
INFO: SemSearch_ES-39	high school	names	0.165125
Jan 21, 2016 6:29:40 AM edu.wayne.pfsdm.ParametrizedFSDMTraversal getBigramNodes
INFO: SemSearch_ES-39	high school	attributes	0.291567
Jan 21, 2016 6:29:40 AM edu.wayne.pfsdm.ParametrizedFSDMTraversal getBigramNodes
INFO: SemSearch_ES-39	high school	similarentitynames	0.410077
Jan 21, 2016 6:29:40 AM edu.wayne.pfsdm.ParametrizedFSDMTraversal getBigramNodes
INFO: SemSearch_ES-39	high school	categories	0.133231
Jan 21, 2016 6:29:40 AM edu.wayne.pfsdm.ParametrizedFSDMTraversal getBigramNodes
INFO: SemSearch_ES-39	high school	outgoingentitynames	0.00000
Jan 21, 2016 6:29:44 AM edu.wayne.pfsdm.ParametrizedFSDMTraversal getUnigramNode
INFO: SemSearch_ES-119	john	names	0.337657
Jan 21, 2016 6:29:44 AM edu.wayne.pfsdm.ParametrizedFSDMTraversal getUnigramNode
INFO: SemSearch_ES-119	john	attributes	0.413962
Jan 21, 2016 6:29:44 AM edu.wayne.pfsdm.ParametrizedFSDMTraversal getUnigramNode
INFO: SemSearch_ES-119	john	similarentitynames	0.248381
Jan 21, 2016 6:29:44 AM edu.wayne.pfsdm.ParametrizedFSDMTraversal getUnigramNode
INFO: SemSearch_ES-119	john	categories	0.00000
Jan 21, 2016 6:29:44 AM edu.wayne.pfsdm.ParametrizedFSDMTraversal getUnigramNode
INFO: SemSearch_ES-119	john	outgoingentitynames	0.00000
Jan 21, 2016 6:29:44 AM edu.wayne.pfsdm.ParametrizedFSDMTraversal getUnigramNode
INFO: SemSearch_ES-119	elliott	names	0.336619
Jan 21, 2016 6:29:44 AM edu.wayne.pfsdm.ParametrizedFSDMTraversal getUnigramNode
INFO: SemSearch_ES-119	elliott	attributes	0.421182
Jan 21, 2016 6:29:44 AM edu.wayne.pfsdm.ParametrizedFSDMTraversal getUnigramNode
INFO: SemSearch_ES-119	elliott	similarentitynames	0.242199
Jan 21, 2016 6:29:44 AM edu.wayne.pfsdm.ParametrizedFSDMTraversal getUnigramNode
INFO: SemSearch_ES-119	elliott	categories	0.00000
Jan 21, 2016 6:29:44 AM edu.wayne.pfsdm.ParametrizedFSDMTraversal getUnigramNode
INFO: SemSearch_ES-119	elliott	outgoingentitynames	0.00000
Jan 21, 2016 6:29:46 AM edu.wayne.pfsdm.ParametrizedFSDMTraversal getBigramNodes
INFO: SemSearch_ES-119	john elliott	names	0.170273
Jan 21, 2016 6:29:46 AM edu.wayne.pfsdm.ParametrizedFSDMTraversal getBigramNodes
INFO: SemSearch_ES-119	john elliott	attributes	0.277620
Jan 21, 2016 6:29:46 AM edu.wayne.pfsdm.ParametrizedFSDMTraversal getBigramNodes
INFO: SemSearch_ES-119	john elliott	similarentitynames	0.412878
Jan 21, 2016 6:29:46 AM edu.wayne.pfsdm.ParametrizedFSDMTraversal getBigramNodes
INFO: SemSearch_ES-119	john elliott	categories	0.139229
Jan 21, 2016 6:29:46 AM edu.wayne.pfsdm.ParametrizedFSDMTraversal getBigramNodes
INFO: SemSearch_ES-119	john elliott	outgoingentitynames	0.00000
