Jan 21, 2016 6:28:11 AM edu.wayne.pfsdm.ParametrizedFSDMTraversal <init>
INFO: Initializing ParametrizedFSDMTraversal
Jan 21, 2016 6:28:12 AM edu.wayne.pfsdm.ParametrizedFSDMTraversal <init>
INFO: Initializing featuresScaling
Jan 21, 2016 6:28:12 AM edu.wayne.pfsdm.ParametrizedFSDMTraversal <init>
INFO: Param /nnp max value not specified using 1.0
Jan 21, 2016 6:28:12 AM edu.wayne.pfsdm.ParametrizedFSDMTraversal <init>
INFO: Param /nnp min value not specified using 0.0
Jan 21, 2016 6:28:12 AM edu.wayne.pfsdm.ParametrizedFSDMTraversal <init>
INFO: Param /nns max value not specified using 1.0
Jan 21, 2016 6:28:12 AM edu.wayne.pfsdm.ParametrizedFSDMTraversal <init>
INFO: Param /nns min value not specified using 0.0
Jan 21, 2016 6:28:12 AM edu.wayne.pfsdm.ParametrizedFSDMTraversal <init>
INFO: Param /np-exact max value not specified using 1.0
Jan 21, 2016 6:28:12 AM edu.wayne.pfsdm.ParametrizedFSDMTraversal <init>
INFO: Param /np-exact min value not specified using 0.0
Jan 21, 2016 6:28:12 AM edu.wayne.pfsdm.ParametrizedFSDMTraversal <init>
INFO: Param /np-part max value not specified using 1.0
Jan 21, 2016 6:28:12 AM edu.wayne.pfsdm.ParametrizedFSDMTraversal <init>
INFO: Param /np-part min value not specified using 0.0
Jan 21, 2016 6:28:12 AM edu.wayne.pfsdm.ParametrizedFSDMTraversal <init>
INFO: Param /nn-only max value not specified using 1.0
Jan 21, 2016 6:28:12 AM edu.wayne.pfsdm.ParametrizedFSDMTraversal <init>
INFO: Param /nn-only min value not specified using 0.0
Jan 21, 2016 6:28:12 AM edu.wayne.pfsdm.ParametrizedFSDMTraversal <init>
INFO: Param /nns-only max value not specified using 1.0
Jan 21, 2016 6:28:12 AM edu.wayne.pfsdm.ParametrizedFSDMTraversal <init>
INFO: Param /nns-only min value not specified using 0.0
Jan 21, 2016 6:28:12 AM edu.wayne.pfsdm.ParametrizedFSDMTraversal <init>
INFO: Param /question-dep max value not specified using 1.0
Jan 21, 2016 6:28:12 AM edu.wayne.pfsdm.ParametrizedFSDMTraversal <init>
INFO: Param /question-dep min value not specified using 0.0
Jan 21, 2016 6:28:12 AM edu.wayne.pfsdm.ParametrizedFSDMTraversal <init>
INFO: Param /wiki-titles-word-presence max value not specified using 1.0
Jan 21, 2016 6:28:12 AM edu.wayne.pfsdm.ParametrizedFSDMTraversal <init>
INFO: Param /wiki-titles-word-presence min value not specified using 0.0
Jan 21, 2016 6:28:12 AM edu.wayne.pfsdm.ParametrizedFSDMTraversal <init>
INFO: Param /wiki-infobox-word-presence max value not specified using 1.0
Jan 21, 2016 6:28:12 AM edu.wayne.pfsdm.ParametrizedFSDMTraversal <init>
INFO: Param /wiki-infobox-word-presence min value not specified using 0.0
Jan 21, 2016 6:28:12 AM edu.wayne.pfsdm.ParametrizedFSDMTraversal <init>
INFO: Param /wiki-categories-word-presence max value not specified using 1.0
Jan 21, 2016 6:28:12 AM edu.wayne.pfsdm.ParametrizedFSDMTraversal <init>
INFO: Param /wiki-categories-word-presence min value not specified using 0.0
Jan 21, 2016 6:28:12 AM edu.wayne.pfsdm.ParametrizedFSDMTraversal <init>
INFO: Param /google-ngrams-word-presence max value not specified using 1.0
Jan 21, 2016 6:28:12 AM edu.wayne.pfsdm.ParametrizedFSDMTraversal <init>
INFO: Param /google-ngrams-word-presence min value not specified using 0.0
Jan 21, 2016 6:28:12 AM edu.wayne.pfsdm.ParametrizedFSDMTraversal <init>
INFO: Param /const max value not specified using 1.0
Jan 21, 2016 6:28:12 AM edu.wayne.pfsdm.ParametrizedFSDMTraversal <init>
INFO: Param /const min value not specified using 0.0
Jan 21, 2016 6:28:12 AM edu.wayne.pfsdm.ParametrizedFSDMTraversal <init>
INFO: Param /dep-leaf max value not specified using 1.0
Jan 21, 2016 6:28:12 AM edu.wayne.pfsdm.ParametrizedFSDMTraversal <init>
INFO: Param /dep-leaf min value not specified using 0.0
Jan 21, 2016 6:28:12 AM edu.wayne.pfsdm.ParametrizedFSDMTraversal <init>
INFO: Param /nn max value not specified using 1.0
Jan 21, 2016 6:28:12 AM edu.wayne.pfsdm.ParametrizedFSDMTraversal <init>
INFO: Param /nn min value not specified using 0.0
Jan 21, 2016 6:28:12 AM edu.wayne.pfsdm.ParametrizedFSDMTraversal <init>
INFO: Param /jjs max value not specified using 1.0
Jan 21, 2016 6:28:12 AM edu.wayne.pfsdm.ParametrizedFSDMTraversal <init>
INFO: Param /jjs min value not specified using 0.0
Jan 21, 2016 6:28:12 AM edu.wayne.pfsdm.ParametrizedFSDMTraversal <init>
INFO: Param /jj max value not specified using 1.0
Jan 21, 2016 6:28:12 AM edu.wayne.pfsdm.ParametrizedFSDMTraversal <init>
INFO: Param /jj min value not specified using 0.0
Jan 21, 2016 6:28:14 AM edu.wayne.pfsdm.ParametrizedFSDMTraversal <init>
INFO: Done initializing ParametrizedFSDMTraversal
Jan 21, 2016 6:28:14 AM edu.wayne.pfsdm.ParametrizedFSDMTraversal <init>
INFO: Initializing ParametrizedFSDMTraversal
Jan 21, 2016 6:28:14 AM edu.wayne.pfsdm.ParametrizedFSDMTraversal <init>
INFO: Initializing featuresScaling
Jan 21, 2016 6:28:14 AM edu.wayne.pfsdm.ParametrizedFSDMTraversal <init>
INFO: Param /nnp max value not specified using 1.0
Jan 21, 2016 6:28:14 AM edu.wayne.pfsdm.ParametrizedFSDMTraversal <init>
INFO: Param /nnp min value not specified using 0.0
Jan 21, 2016 6:28:14 AM edu.wayne.pfsdm.ParametrizedFSDMTraversal <init>
INFO: Param /nns max value not specified using 1.0
Jan 21, 2016 6:28:14 AM edu.wayne.pfsdm.ParametrizedFSDMTraversal <init>
INFO: Param /nns min value not specified using 0.0
Jan 21, 2016 6:28:14 AM edu.wayne.pfsdm.ParametrizedFSDMTraversal <init>
INFO: Param /np-exact max value not specified using 1.0
Jan 21, 2016 6:28:14 AM edu.wayne.pfsdm.ParametrizedFSDMTraversal <init>
INFO: Param /np-exact min value not specified using 0.0
Jan 21, 2016 6:28:14 AM edu.wayne.pfsdm.ParametrizedFSDMTraversal <init>
INFO: Param /np-part max value not specified using 1.0
Jan 21, 2016 6:28:14 AM edu.wayne.pfsdm.ParametrizedFSDMTraversal <init>
INFO: Param /np-part min value not specified using 0.0
Jan 21, 2016 6:28:14 AM edu.wayne.pfsdm.ParametrizedFSDMTraversal <init>
INFO: Param /nn-only max value not specified using 1.0
Jan 21, 2016 6:28:14 AM edu.wayne.pfsdm.ParametrizedFSDMTraversal <init>
INFO: Param /nn-only min value not specified using 0.0
Jan 21, 2016 6:28:14 AM edu.wayne.pfsdm.ParametrizedFSDMTraversal <init>
INFO: Param /nns-only max value not specified using 1.0
Jan 21, 2016 6:28:14 AM edu.wayne.pfsdm.ParametrizedFSDMTraversal <init>
INFO: Param /nns-only min value not specified using 0.0
Jan 21, 2016 6:28:14 AM edu.wayne.pfsdm.ParametrizedFSDMTraversal <init>
INFO: Param /question-dep max value not specified using 1.0
Jan 21, 2016 6:28:14 AM edu.wayne.pfsdm.ParametrizedFSDMTraversal <init>
INFO: Param /question-dep min value not specified using 0.0
Jan 21, 2016 6:28:14 AM edu.wayne.pfsdm.ParametrizedFSDMTraversal <init>
INFO: Param /wiki-titles-word-presence max value not specified using 1.0
Jan 21, 2016 6:28:14 AM edu.wayne.pfsdm.ParametrizedFSDMTraversal <init>
INFO: Param /wiki-titles-word-presence min value not specified using 0.0
Jan 21, 2016 6:28:14 AM edu.wayne.pfsdm.ParametrizedFSDMTraversal <init>
INFO: Param /wiki-infobox-word-presence max value not specified using 1.0
Jan 21, 2016 6:28:14 AM edu.wayne.pfsdm.ParametrizedFSDMTraversal <init>
INFO: Param /wiki-infobox-word-presence min value not specified using 0.0
Jan 21, 2016 6:28:14 AM edu.wayne.pfsdm.ParametrizedFSDMTraversal <init>
INFO: Param /wiki-categories-word-presence max value not specified using 1.0
Jan 21, 2016 6:28:14 AM edu.wayne.pfsdm.ParametrizedFSDMTraversal <init>
INFO: Param /wiki-categories-word-presence min value not specified using 0.0
Jan 21, 2016 6:28:14 AM edu.wayne.pfsdm.ParametrizedFSDMTraversal <init>
INFO: Param /google-ngrams-word-presence max value not specified using 1.0
Jan 21, 2016 6:28:14 AM edu.wayne.pfsdm.ParametrizedFSDMTraversal <init>
INFO: Param /google-ngrams-word-presence min value not specified using 0.0
Jan 21, 2016 6:28:14 AM edu.wayne.pfsdm.ParametrizedFSDMTraversal <init>
INFO: Param /const max value not specified using 1.0
Jan 21, 2016 6:28:14 AM edu.wayne.pfsdm.ParametrizedFSDMTraversal <init>
INFO: Param /const min value not specified using 0.0
Jan 21, 2016 6:28:14 AM edu.wayne.pfsdm.ParametrizedFSDMTraversal <init>
INFO: Param /dep-leaf max value not specified using 1.0
Jan 21, 2016 6:28:14 AM edu.wayne.pfsdm.ParametrizedFSDMTraversal <init>
INFO: Param /dep-leaf min value not specified using 0.0
Jan 21, 2016 6:28:14 AM edu.wayne.pfsdm.ParametrizedFSDMTraversal <init>
INFO: Param /nn max value not specified using 1.0
Jan 21, 2016 6:28:14 AM edu.wayne.pfsdm.ParametrizedFSDMTraversal <init>
INFO: Param /nn min value not specified using 0.0
Jan 21, 2016 6:28:14 AM edu.wayne.pfsdm.ParametrizedFSDMTraversal <init>
INFO: Param /jjs max value not specified using 1.0
Jan 21, 2016 6:28:14 AM edu.wayne.pfsdm.ParametrizedFSDMTraversal <init>
INFO: Param /jjs min value not specified using 0.0
Jan 21, 2016 6:28:14 AM edu.wayne.pfsdm.ParametrizedFSDMTraversal <init>
INFO: Param /jj max value not specified using 1.0
Jan 21, 2016 6:28:14 AM edu.wayne.pfsdm.ParametrizedFSDMTraversal <init>
INFO: Param /jj min value not specified using 0.0
Jan 21, 2016 6:28:15 AM edu.wayne.pfsdm.ParametrizedFSDMTraversal <init>
INFO: Done initializing ParametrizedFSDMTraversal
Jan 21, 2016 6:28:18 AM edu.wayne.pfsdm.WPFSDMTraversal <init>
INFO: Done initializing WPFSDMTraversal
Jan 21, 2016 6:28:21 AM edu.wayne.models.WSDMTraversal <init>
INFO: Initializing featuresScaling
Jan 21, 2016 6:28:22 AM edu.wayne.models.WSDMTraversal <init>
INFO: Param /nnp max value not specified using 1.0
Jan 21, 2016 6:28:22 AM edu.wayne.models.WSDMTraversal <init>
INFO: Param /nnp min value not specified using 0.0
Jan 21, 2016 6:28:22 AM edu.wayne.models.WSDMTraversal <init>
INFO: Param /nns max value not specified using 1.0
Jan 21, 2016 6:28:22 AM edu.wayne.models.WSDMTraversal <init>
INFO: Param /nns min value not specified using 0.0
Jan 21, 2016 6:28:22 AM edu.wayne.models.WSDMTraversal <init>
INFO: Param /np-exact max value not specified using 1.0
Jan 21, 2016 6:28:22 AM edu.wayne.models.WSDMTraversal <init>
INFO: Param /np-exact min value not specified using 0.0
Jan 21, 2016 6:28:22 AM edu.wayne.models.WSDMTraversal <init>
INFO: Param /np-part max value not specified using 1.0
Jan 21, 2016 6:28:22 AM edu.wayne.models.WSDMTraversal <init>
INFO: Param /np-part min value not specified using 0.0
Jan 21, 2016 6:28:22 AM edu.wayne.models.WSDMTraversal <init>
INFO: Param /nn-only max value not specified using 1.0
Jan 21, 2016 6:28:22 AM edu.wayne.models.WSDMTraversal <init>
INFO: Param /nn-only min value not specified using 0.0
Jan 21, 2016 6:28:22 AM edu.wayne.models.WSDMTraversal <init>
INFO: Param /nns-only max value not specified using 1.0
Jan 21, 2016 6:28:22 AM edu.wayne.models.WSDMTraversal <init>
INFO: Param /nns-only min value not specified using 0.0
Jan 21, 2016 6:28:22 AM edu.wayne.models.WSDMTraversal <init>
INFO: Param /question-dep max value not specified using 1.0
Jan 21, 2016 6:28:22 AM edu.wayne.models.WSDMTraversal <init>
INFO: Param /question-dep min value not specified using 0.0
Jan 21, 2016 6:28:22 AM edu.wayne.models.WSDMTraversal <init>
INFO: Param /wiki-titles-word-presence max value not specified using 1.0
Jan 21, 2016 6:28:22 AM edu.wayne.models.WSDMTraversal <init>
INFO: Param /wiki-titles-word-presence min value not specified using 0.0
Jan 21, 2016 6:28:22 AM edu.wayne.models.WSDMTraversal <init>
INFO: Param /wiki-infobox-word-presence max value not specified using 1.0
Jan 21, 2016 6:28:22 AM edu.wayne.models.WSDMTraversal <init>
INFO: Param /wiki-infobox-word-presence min value not specified using 0.0
Jan 21, 2016 6:28:22 AM edu.wayne.models.WSDMTraversal <init>
INFO: Param /wiki-categories-word-presence max value not specified using 1.0
Jan 21, 2016 6:28:22 AM edu.wayne.models.WSDMTraversal <init>
INFO: Param /wiki-categories-word-presence min value not specified using 0.0
Jan 21, 2016 6:28:22 AM edu.wayne.models.WSDMTraversal <init>
INFO: Param /google-ngrams-word-presence max value not specified using 1.0
Jan 21, 2016 6:28:22 AM edu.wayne.models.WSDMTraversal <init>
INFO: Param /google-ngrams-word-presence min value not specified using 0.0
Jan 21, 2016 6:28:22 AM edu.wayne.models.WSDMTraversal <init>
INFO: Param /const max value not specified using 1.0
Jan 21, 2016 6:28:22 AM edu.wayne.models.WSDMTraversal <init>
INFO: Param /const min value not specified using 0.0
Jan 21, 2016 6:28:22 AM edu.wayne.models.WSDMTraversal <init>
INFO: Param /dep-leaf max value not specified using 1.0
Jan 21, 2016 6:28:22 AM edu.wayne.models.WSDMTraversal <init>
INFO: Param /dep-leaf min value not specified using 0.0
Jan 21, 2016 6:28:22 AM edu.wayne.models.WSDMTraversal <init>
INFO: Param /nn max value not specified using 1.0
Jan 21, 2016 6:28:22 AM edu.wayne.models.WSDMTraversal <init>
INFO: Param /nn min value not specified using 0.0
Jan 21, 2016 6:28:22 AM edu.wayne.models.WSDMTraversal <init>
INFO: Param /jjs max value not specified using 1.0
Jan 21, 2016 6:28:22 AM edu.wayne.models.WSDMTraversal <init>
INFO: Param /jjs min value not specified using 0.0
Jan 21, 2016 6:28:22 AM edu.wayne.models.WSDMTraversal <init>
INFO: Param /jj max value not specified using 1.0
Jan 21, 2016 6:28:22 AM edu.wayne.models.WSDMTraversal <init>
INFO: Param /jj min value not specified using 0.0
Jan 21, 2016 6:28:22 AM edu.wayne.pfsdm.ParametrizedFSDMTraversal getUnigramNode
INFO: SemSearch_ES-138	syracuse	names	0.247292
Jan 21, 2016 6:28:22 AM edu.wayne.pfsdm.ParametrizedFSDMTraversal getUnigramNode
INFO: SemSearch_ES-138	syracuse	attributes	0.413854
Jan 21, 2016 6:28:22 AM edu.wayne.pfsdm.ParametrizedFSDMTraversal getUnigramNode
INFO: SemSearch_ES-138	syracuse	similarentitynames	0.213717
Jan 21, 2016 6:28:22 AM edu.wayne.pfsdm.ParametrizedFSDMTraversal getUnigramNode
INFO: SemSearch_ES-138	syracuse	categories	0.125136
Jan 21, 2016 6:28:22 AM edu.wayne.pfsdm.ParametrizedFSDMTraversal getUnigramNode
INFO: SemSearch_ES-138	syracuse	outgoingentitynames	0.00000
Jan 21, 2016 6:28:22 AM edu.wayne.pfsdm.ParametrizedFSDMTraversal getUnigramNode
INFO: SemSearch_ES-138	spca	names	0.254722
Jan 21, 2016 6:28:22 AM edu.wayne.pfsdm.ParametrizedFSDMTraversal getUnigramNode
INFO: SemSearch_ES-138	spca	attributes	0.416452
Jan 21, 2016 6:28:22 AM edu.wayne.pfsdm.ParametrizedFSDMTraversal getUnigramNode
INFO: SemSearch_ES-138	spca	similarentitynames	0.236410
Jan 21, 2016 6:28:22 AM edu.wayne.pfsdm.ParametrizedFSDMTraversal getUnigramNode
INFO: SemSearch_ES-138	spca	categories	0.0924160
Jan 21, 2016 6:28:22 AM edu.wayne.pfsdm.ParametrizedFSDMTraversal getUnigramNode
INFO: SemSearch_ES-138	spca	outgoingentitynames	0.00000
Jan 21, 2016 6:28:24 AM edu.wayne.pfsdm.ParametrizedFSDMTraversal getBigramNodes
INFO: SemSearch_ES-138	syracuse spca	names	0.255255
Jan 21, 2016 6:28:24 AM edu.wayne.pfsdm.ParametrizedFSDMTraversal getBigramNodes
INFO: SemSearch_ES-138	syracuse spca	attributes	0.225887
Jan 21, 2016 6:28:24 AM edu.wayne.pfsdm.ParametrizedFSDMTraversal getBigramNodes
INFO: SemSearch_ES-138	syracuse spca	similarentitynames	0.343190
Jan 21, 2016 6:28:24 AM edu.wayne.pfsdm.ParametrizedFSDMTraversal getBigramNodes
INFO: SemSearch_ES-138	syracuse spca	categories	0.175668
Jan 21, 2016 6:28:24 AM edu.wayne.pfsdm.ParametrizedFSDMTraversal getBigramNodes
INFO: SemSearch_ES-138	syracuse spca	outgoingentitynames	0.00000
Jan 21, 2016 6:28:24 AM edu.wayne.pfsdm.ParametrizedFSDMTraversal getUnigramNode
INFO: SemSearch_ES-124	motorola	names	0.250822
Jan 21, 2016 6:28:24 AM edu.wayne.pfsdm.ParametrizedFSDMTraversal getUnigramNode
INFO: SemSearch_ES-124	motorola	attributes	0.414718
Jan 21, 2016 6:28:24 AM edu.wayne.pfsdm.ParametrizedFSDMTraversal getUnigramNode
INFO: SemSearch_ES-124	motorola	similarentitynames	0.229819
Jan 21, 2016 6:28:24 AM edu.wayne.pfsdm.ParametrizedFSDMTraversal getUnigramNode
INFO: SemSearch_ES-124	motorola	categories	0.104641
Jan 21, 2016 6:28:24 AM edu.wayne.pfsdm.ParametrizedFSDMTraversal getUnigramNode
INFO: SemSearch_ES-124	motorola	outgoingentitynames	0.00000
Jan 21, 2016 6:28:24 AM edu.wayne.pfsdm.ParametrizedFSDMTraversal getUnigramNode
INFO: SemSearch_ES-124	bluetooth	names	0.234638
Jan 21, 2016 6:28:24 AM edu.wayne.pfsdm.ParametrizedFSDMTraversal getUnigramNode
INFO: SemSearch_ES-124	bluetooth	attributes	0.439679
Jan 21, 2016 6:28:24 AM edu.wayne.pfsdm.ParametrizedFSDMTraversal getUnigramNode
INFO: SemSearch_ES-124	bluetooth	similarentitynames	0.221602
Jan 21, 2016 6:28:24 AM edu.wayne.pfsdm.ParametrizedFSDMTraversal getUnigramNode
INFO: SemSearch_ES-124	bluetooth	categories	0.104081
Jan 21, 2016 6:28:24 AM edu.wayne.pfsdm.ParametrizedFSDMTraversal getUnigramNode
INFO: SemSearch_ES-124	bluetooth	outgoingentitynames	0.00000
Jan 21, 2016 6:28:24 AM edu.wayne.pfsdm.ParametrizedFSDMTraversal getUnigramNode
INFO: SemSearch_ES-124	hs850	names	0.228355
Jan 21, 2016 6:28:24 AM edu.wayne.pfsdm.ParametrizedFSDMTraversal getUnigramNode
INFO: SemSearch_ES-124	hs850	attributes	0.539481
Jan 21, 2016 6:28:24 AM edu.wayne.pfsdm.ParametrizedFSDMTraversal getUnigramNode
INFO: SemSearch_ES-124	hs850	similarentitynames	0.0222136
Jan 21, 2016 6:28:24 AM edu.wayne.pfsdm.ParametrizedFSDMTraversal getUnigramNode
INFO: SemSearch_ES-124	hs850	categories	0.0909135
Jan 21, 2016 6:28:24 AM edu.wayne.pfsdm.ParametrizedFSDMTraversal getUnigramNode
INFO: SemSearch_ES-124	hs850	outgoingentitynames	0.119037
Jan 21, 2016 6:28:25 AM edu.wayne.pfsdm.ParametrizedFSDMTraversal getBigramNodes
INFO: SemSearch_ES-124	motorola bluetooth	names	0.246944
Jan 21, 2016 6:28:25 AM edu.wayne.pfsdm.ParametrizedFSDMTraversal getBigramNodes
INFO: SemSearch_ES-124	motorola bluetooth	attributes	0.243038
Jan 21, 2016 6:28:25 AM edu.wayne.pfsdm.ParametrizedFSDMTraversal getBigramNodes
INFO: SemSearch_ES-124	motorola bluetooth	similarentitynames	0.338209
Jan 21, 2016 6:28:25 AM edu.wayne.pfsdm.ParametrizedFSDMTraversal getBigramNodes
INFO: SemSearch_ES-124	motorola bluetooth	categories	0.171808
Jan 21, 2016 6:28:25 AM edu.wayne.pfsdm.ParametrizedFSDMTraversal getBigramNodes
INFO: SemSearch_ES-124	motorola bluetooth	outgoingentitynames	0.00000
Jan 21, 2016 6:28:26 AM edu.wayne.pfsdm.ParametrizedFSDMTraversal getBigramNodes
INFO: SemSearch_ES-124	bluetooth hs850	names	0.154773
Jan 21, 2016 6:28:26 AM edu.wayne.pfsdm.ParametrizedFSDMTraversal getBigramNodes
INFO: SemSearch_ES-124	bluetooth hs850	attributes	0.154634
Jan 21, 2016 6:28:26 AM edu.wayne.pfsdm.ParametrizedFSDMTraversal getBigramNodes
INFO: SemSearch_ES-124	bluetooth hs850	similarentitynames	0.341456
Jan 21, 2016 6:28:26 AM edu.wayne.pfsdm.ParametrizedFSDMTraversal getBigramNodes
INFO: SemSearch_ES-124	bluetooth hs850	categories	0.229266
Jan 21, 2016 6:28:26 AM edu.wayne.pfsdm.ParametrizedFSDMTraversal getBigramNodes
INFO: SemSearch_ES-124	bluetooth hs850	outgoingentitynames	0.119872
Jan 21, 2016 6:28:26 AM edu.wayne.pfsdm.ParametrizedFSDMTraversal getUnigramNode
INFO: SemSearch_ES-54	marc	names	0.272251
Jan 21, 2016 6:28:26 AM edu.wayne.pfsdm.ParametrizedFSDMTraversal getUnigramNode
INFO: SemSearch_ES-54	marc	attributes	0.408077
Jan 21, 2016 6:28:26 AM edu.wayne.pfsdm.ParametrizedFSDMTraversal getUnigramNode
INFO: SemSearch_ES-54	marc	similarentitynames	0.239977
Jan 21, 2016 6:28:26 AM edu.wayne.pfsdm.ParametrizedFSDMTraversal getUnigramNode
INFO: SemSearch_ES-54	marc	categories	0.0796954
Jan 21, 2016 6:28:26 AM edu.wayne.pfsdm.ParametrizedFSDMTraversal getUnigramNode
INFO: SemSearch_ES-54	marc	outgoingentitynames	0.00000
Jan 21, 2016 6:28:26 AM edu.wayne.pfsdm.ParametrizedFSDMTraversal getUnigramNode
INFO: SemSearch_ES-54	anthony	names	0.273558
Jan 21, 2016 6:28:26 AM edu.wayne.pfsdm.ParametrizedFSDMTraversal getUnigramNode
INFO: SemSearch_ES-54	anthony	attributes	0.401346
Jan 21, 2016 6:28:26 AM edu.wayne.pfsdm.ParametrizedFSDMTraversal getUnigramNode
INFO: SemSearch_ES-54	anthony	similarentitynames	0.245761
Jan 21, 2016 6:28:26 AM edu.wayne.pfsdm.ParametrizedFSDMTraversal getUnigramNode
INFO: SemSearch_ES-54	anthony	categories	0.0793349
Jan 21, 2016 6:28:26 AM edu.wayne.pfsdm.ParametrizedFSDMTraversal getUnigramNode
INFO: SemSearch_ES-54	anthony	outgoingentitynames	0.00000
Jan 21, 2016 6:28:27 AM edu.wayne.pfsdm.ParametrizedFSDMTraversal getBigramNodes
INFO: SemSearch_ES-54	marc anthony	names	0.270570
Jan 21, 2016 6:28:27 AM edu.wayne.pfsdm.ParametrizedFSDMTraversal getBigramNodes
INFO: SemSearch_ES-54	marc anthony	attributes	0.229636
Jan 21, 2016 6:28:27 AM edu.wayne.pfsdm.ParametrizedFSDMTraversal getBigramNodes
INFO: SemSearch_ES-54	marc anthony	similarentitynames	0.345166
Jan 21, 2016 6:28:27 AM edu.wayne.pfsdm.ParametrizedFSDMTraversal getBigramNodes
INFO: SemSearch_ES-54	marc anthony	categories	0.154628
Jan 21, 2016 6:28:27 AM edu.wayne.pfsdm.ParametrizedFSDMTraversal getBigramNodes
INFO: SemSearch_ES-54	marc anthony	outgoingentitynames	0.00000
Jan 21, 2016 6:28:27 AM edu.wayne.pfsdm.ParametrizedFSDMTraversal getUnigramNode
INFO: SemSearch_ES-141	ventura	names	0.249393
Jan 21, 2016 6:28:27 AM edu.wayne.pfsdm.ParametrizedFSDMTraversal getUnigramNode
INFO: SemSearch_ES-141	ventura	attributes	0.407133
Jan 21, 2016 6:28:27 AM edu.wayne.pfsdm.ParametrizedFSDMTraversal getUnigramNode
INFO: SemSearch_ES-141	ventura	similarentitynames	0.229320
Jan 21, 2016 6:28:27 AM edu.wayne.pfsdm.ParametrizedFSDMTraversal getUnigramNode
INFO: SemSearch_ES-141	ventura	categories	0.114153
Jan 21, 2016 6:28:27 AM edu.wayne.pfsdm.ParametrizedFSDMTraversal getUnigramNode
INFO: SemSearch_ES-141	ventura	outgoingentitynames	0.00000
Jan 21, 2016 6:28:27 AM edu.wayne.pfsdm.ParametrizedFSDMTraversal getUnigramNode
INFO: SemSearch_ES-141	county	names	0.247106
Jan 21, 2016 6:28:27 AM edu.wayne.pfsdm.ParametrizedFSDMTraversal getUnigramNode
INFO: SemSearch_ES-141	county	attributes	0.408216
Jan 21, 2016 6:28:27 AM edu.wayne.pfsdm.ParametrizedFSDMTraversal getUnigramNode
INFO: SemSearch_ES-141	county	similarentitynames	0.219679
Jan 21, 2016 6:28:27 AM edu.wayne.pfsdm.ParametrizedFSDMTraversal getUnigramNode
INFO: SemSearch_ES-141	county	categories	0.124999
Jan 21, 2016 6:28:27 AM edu.wayne.pfsdm.ParametrizedFSDMTraversal getUnigramNode
INFO: SemSearch_ES-141	county	outgoingentitynames	0.00000
Jan 21, 2016 6:28:27 AM edu.wayne.pfsdm.ParametrizedFSDMTraversal getUnigramNode
INFO: SemSearch_ES-141	court	names	0.235228
Jan 21, 2016 6:28:27 AM edu.wayne.pfsdm.ParametrizedFSDMTraversal getUnigramNode
INFO: SemSearch_ES-141	court	attributes	0.436686
Jan 21, 2016 6:28:27 AM edu.wayne.pfsdm.ParametrizedFSDMTraversal getUnigramNode
INFO: SemSearch_ES-141	court	similarentitynames	0.210976
Jan 21, 2016 6:28:27 AM edu.wayne.pfsdm.ParametrizedFSDMTraversal getUnigramNode
INFO: SemSearch_ES-141	court	categories	0.117110
Jan 21, 2016 6:28:27 AM edu.wayne.pfsdm.ParametrizedFSDMTraversal getUnigramNode
INFO: SemSearch_ES-141	court	outgoingentitynames	0.00000
Jan 21, 2016 6:28:30 AM edu.wayne.pfsdm.ParametrizedFSDMTraversal getBigramNodes
INFO: SemSearch_ES-141	ventura county	names	0.267874
Jan 21, 2016 6:28:30 AM edu.wayne.pfsdm.ParametrizedFSDMTraversal getBigramNodes
INFO: SemSearch_ES-141	ventura county	attributes	0.228777
Jan 21, 2016 6:28:30 AM edu.wayne.pfsdm.ParametrizedFSDMTraversal getBigramNodes
INFO: SemSearch_ES-141	ventura county	similarentitynames	0.349869
Jan 21, 2016 6:28:30 AM edu.wayne.pfsdm.ParametrizedFSDMTraversal getBigramNodes
INFO: SemSearch_ES-141	ventura county	categories	0.153479
Jan 21, 2016 6:28:30 AM edu.wayne.pfsdm.ParametrizedFSDMTraversal getBigramNodes
INFO: SemSearch_ES-141	ventura county	outgoingentitynames	0.00000
Jan 21, 2016 6:28:36 AM edu.wayne.pfsdm.ParametrizedFSDMTraversal getBigramNodes
INFO: SemSearch_ES-141	county court	names	0.265766
Jan 21, 2016 6:28:36 AM edu.wayne.pfsdm.ParametrizedFSDMTraversal getBigramNodes
INFO: SemSearch_ES-141	county court	attributes	0.231660
Jan 21, 2016 6:28:36 AM edu.wayne.pfsdm.ParametrizedFSDMTraversal getBigramNodes
INFO: SemSearch_ES-141	county court	similarentitynames	0.348692
Jan 21, 2016 6:28:36 AM edu.wayne.pfsdm.ParametrizedFSDMTraversal getBigramNodes
INFO: SemSearch_ES-141	county court	categories	0.153882
Jan 21, 2016 6:28:36 AM edu.wayne.pfsdm.ParametrizedFSDMTraversal getBigramNodes
INFO: SemSearch_ES-141	county court	outgoingentitynames	0.00000
Jan 21, 2016 6:28:39 AM edu.wayne.pfsdm.ParametrizedFSDMTraversal getUnigramNode
INFO: SemSearch_ES-23	city	names	0.231473
Jan 21, 2016 6:28:39 AM edu.wayne.pfsdm.ParametrizedFSDMTraversal getUnigramNode
INFO: SemSearch_ES-23	city	attributes	0.440145
Jan 21, 2016 6:28:39 AM edu.wayne.pfsdm.ParametrizedFSDMTraversal getUnigramNode
INFO: SemSearch_ES-23	city	similarentitynames	0.212400
Jan 21, 2016 6:28:39 AM edu.wayne.pfsdm.ParametrizedFSDMTraversal getUnigramNode
INFO: SemSearch_ES-23	city	categories	0.115982
Jan 21, 2016 6:28:39 AM edu.wayne.pfsdm.ParametrizedFSDMTraversal getUnigramNode
INFO: SemSearch_ES-23	city	outgoingentitynames	0.00000
Jan 21, 2016 6:28:39 AM edu.wayne.pfsdm.ParametrizedFSDMTraversal getUnigramNode
INFO: SemSearch_ES-23	virginia	names	0.252821
Jan 21, 2016 6:28:39 AM edu.wayne.pfsdm.ParametrizedFSDMTraversal getUnigramNode
INFO: SemSearch_ES-23	virginia	attributes	0.400436
Jan 21, 2016 6:28:39 AM edu.wayne.pfsdm.ParametrizedFSDMTraversal getUnigramNode
INFO: SemSearch_ES-23	virginia	similarentitynames	0.223255
Jan 21, 2016 6:28:39 AM edu.wayne.pfsdm.ParametrizedFSDMTraversal getUnigramNode
INFO: SemSearch_ES-23	virginia	categories	0.123489
Jan 21, 2016 6:28:39 AM edu.wayne.pfsdm.ParametrizedFSDMTraversal getUnigramNode
INFO: SemSearch_ES-23	virginia	outgoingentitynames	0.00000
Jan 21, 2016 6:28:39 AM edu.wayne.pfsdm.ParametrizedFSDMTraversal getUnigramNode
INFO: SemSearch_ES-23	beach	names	0.247191
Jan 21, 2016 6:28:39 AM edu.wayne.pfsdm.ParametrizedFSDMTraversal getUnigramNode
INFO: SemSearch_ES-23	beach	attributes	0.420004
Jan 21, 2016 6:28:39 AM edu.wayne.pfsdm.ParametrizedFSDMTraversal getUnigramNode
INFO: SemSearch_ES-23	beach	similarentitynames	0.224282
Jan 21, 2016 6:28:39 AM edu.wayne.pfsdm.ParametrizedFSDMTraversal getUnigramNode
INFO: SemSearch_ES-23	beach	categories	0.108524
Jan 21, 2016 6:28:39 AM edu.wayne.pfsdm.ParametrizedFSDMTraversal getUnigramNode
INFO: SemSearch_ES-23	beach	outgoingentitynames	0.00000
Jan 21, 2016 6:28:41 AM edu.wayne.pfsdm.ParametrizedFSDMTraversal getBigramNodes
INFO: SemSearch_ES-23	city virginia	names	0.374316
Jan 21, 2016 6:28:41 AM edu.wayne.pfsdm.ParametrizedFSDMTraversal getBigramNodes
INFO: SemSearch_ES-23	city virginia	attributes	0.228152
Jan 21, 2016 6:28:41 AM edu.wayne.pfsdm.ParametrizedFSDMTraversal getBigramNodes
INFO: SemSearch_ES-23	city virginia	similarentitynames	0.397532
Jan 21, 2016 6:28:41 AM edu.wayne.pfsdm.ParametrizedFSDMTraversal getBigramNodes
INFO: SemSearch_ES-23	city virginia	categories	0.00000
Jan 21, 2016 6:28:41 AM edu.wayne.pfsdm.ParametrizedFSDMTraversal getBigramNodes
INFO: SemSearch_ES-23	city virginia	outgoingentitynames	0.00000
Jan 21, 2016 6:28:42 AM edu.wayne.pfsdm.ParametrizedFSDMTraversal getBigramNodes
INFO: SemSearch_ES-23	virginia beach	names	0.267176
Jan 21, 2016 6:28:42 AM edu.wayne.pfsdm.ParametrizedFSDMTraversal getBigramNodes
INFO: SemSearch_ES-23	virginia beach	attributes	0.229678
Jan 21, 2016 6:28:42 AM edu.wayne.pfsdm.ParametrizedFSDMTraversal getBigramNodes
INFO: SemSearch_ES-23	virginia beach	similarentitynames	0.349281
Jan 21, 2016 6:28:42 AM edu.wayne.pfsdm.ParametrizedFSDMTraversal getBigramNodes
INFO: SemSearch_ES-23	virginia beach	categories	0.153865
Jan 21, 2016 6:28:42 AM edu.wayne.pfsdm.ParametrizedFSDMTraversal getBigramNodes
INFO: SemSearch_ES-23	virginia beach	outgoingentitynames	0.00000
Jan 21, 2016 6:28:45 AM edu.wayne.pfsdm.ParametrizedFSDMTraversal getUnigramNode
INFO: SemSearch_ES-137	steak	names	0.279729
Jan 21, 2016 6:28:45 AM edu.wayne.pfsdm.ParametrizedFSDMTraversal getUnigramNode
INFO: SemSearch_ES-137	steak	attributes	0.459206
Jan 21, 2016 6:28:45 AM edu.wayne.pfsdm.ParametrizedFSDMTraversal getUnigramNode
INFO: SemSearch_ES-137	steak	similarentitynames	0.261065
Jan 21, 2016 6:28:45 AM edu.wayne.pfsdm.ParametrizedFSDMTraversal getUnigramNode
INFO: SemSearch_ES-137	steak	categories	0.00000
Jan 21, 2016 6:28:45 AM edu.wayne.pfsdm.ParametrizedFSDMTraversal getUnigramNode
INFO: SemSearch_ES-137	steak	outgoingentitynames	0.00000
Jan 21, 2016 6:28:45 AM edu.wayne.pfsdm.ParametrizedFSDMTraversal getUnigramNode
INFO: SemSearch_ES-137	express	names	0.244198
Jan 21, 2016 6:28:45 AM edu.wayne.pfsdm.ParametrizedFSDMTraversal getUnigramNode
INFO: SemSearch_ES-137	express	attributes	0.437692
Jan 21, 2016 6:28:45 AM edu.wayne.pfsdm.ParametrizedFSDMTraversal getUnigramNode
INFO: SemSearch_ES-137	express	similarentitynames	0.222203
Jan 21, 2016 6:28:45 AM edu.wayne.pfsdm.ParametrizedFSDMTraversal getUnigramNode
INFO: SemSearch_ES-137	express	categories	0.0959067
Jan 21, 2016 6:28:45 AM edu.wayne.pfsdm.ParametrizedFSDMTraversal getUnigramNode
INFO: SemSearch_ES-137	express	outgoingentitynames	0.00000
Jan 21, 2016 6:28:45 AM edu.wayne.pfsdm.ParametrizedFSDMTraversal getBigramNodes
INFO: SemSearch_ES-137	steak express	names	0.374689
Jan 21, 2016 6:28:45 AM edu.wayne.pfsdm.ParametrizedFSDMTraversal getBigramNodes
INFO: SemSearch_ES-137	steak express	attributes	0.218638
Jan 21, 2016 6:28:45 AM edu.wayne.pfsdm.ParametrizedFSDMTraversal getBigramNodes
INFO: SemSearch_ES-137	steak express	similarentitynames	0.406674
Jan 21, 2016 6:28:45 AM edu.wayne.pfsdm.ParametrizedFSDMTraversal getBigramNodes
INFO: SemSearch_ES-137	steak express	categories	0.00000
Jan 21, 2016 6:28:45 AM edu.wayne.pfsdm.ParametrizedFSDMTraversal getBigramNodes
INFO: SemSearch_ES-137	steak express	outgoingentitynames	0.00000
Jan 21, 2016 6:28:45 AM edu.wayne.pfsdm.ParametrizedFSDMTraversal getUnigramNode
INFO: SemSearch_ES-81	south	names	0.237622
Jan 21, 2016 6:28:45 AM edu.wayne.pfsdm.ParametrizedFSDMTraversal getUnigramNode
INFO: SemSearch_ES-81	south	attributes	0.436108
Jan 21, 2016 6:28:45 AM edu.wayne.pfsdm.ParametrizedFSDMTraversal getUnigramNode
INFO: SemSearch_ES-81	south	similarentitynames	0.210542
Jan 21, 2016 6:28:45 AM edu.wayne.pfsdm.ParametrizedFSDMTraversal getUnigramNode
INFO: SemSearch_ES-81	south	categories	0.115728
Jan 21, 2016 6:28:45 AM edu.wayne.pfsdm.ParametrizedFSDMTraversal getUnigramNode
INFO: SemSearch_ES-81	south	outgoingentitynames	0.00000
Jan 21, 2016 6:28:45 AM edu.wayne.pfsdm.ParametrizedFSDMTraversal getUnigramNode
INFO: SemSearch_ES-81	dakota	names	0.255431
Jan 21, 2016 6:28:45 AM edu.wayne.pfsdm.ParametrizedFSDMTraversal getUnigramNode
INFO: SemSearch_ES-81	dakota	attributes	0.395529
Jan 21, 2016 6:28:45 AM edu.wayne.pfsdm.ParametrizedFSDMTraversal getUnigramNode
INFO: SemSearch_ES-81	dakota	similarentitynames	0.228577
Jan 21, 2016 6:28:45 AM edu.wayne.pfsdm.ParametrizedFSDMTraversal getUnigramNode
INFO: SemSearch_ES-81	dakota	categories	0.120463
Jan 21, 2016 6:28:45 AM edu.wayne.pfsdm.ParametrizedFSDMTraversal getUnigramNode
INFO: SemSearch_ES-81	dakota	outgoingentitynames	0.00000
Jan 21, 2016 6:28:45 AM edu.wayne.pfsdm.ParametrizedFSDMTraversal getUnigramNode
INFO: SemSearch_ES-81	state	names	0.239593
Jan 21, 2016 6:28:45 AM edu.wayne.pfsdm.ParametrizedFSDMTraversal getUnigramNode
INFO: SemSearch_ES-81	state	attributes	0.428311
Jan 21, 2016 6:28:45 AM edu.wayne.pfsdm.ParametrizedFSDMTraversal getUnigramNode
INFO: SemSearch_ES-81	state	similarentitynames	0.219042
Jan 21, 2016 6:28:45 AM edu.wayne.pfsdm.ParametrizedFSDMTraversal getUnigramNode
INFO: SemSearch_ES-81	state	categories	0.113054
Jan 21, 2016 6:28:45 AM edu.wayne.pfsdm.ParametrizedFSDMTraversal getUnigramNode
INFO: SemSearch_ES-81	state	outgoingentitynames	0.00000
Jan 21, 2016 6:28:45 AM edu.wayne.pfsdm.ParametrizedFSDMTraversal getUnigramNode
INFO: SemSearch_ES-81	university	names	0.237666
Jan 21, 2016 6:28:45 AM edu.wayne.pfsdm.ParametrizedFSDMTraversal getUnigramNode
INFO: SemSearch_ES-81	university	attributes	0.422836
Jan 21, 2016 6:28:45 AM edu.wayne.pfsdm.ParametrizedFSDMTraversal getUnigramNode
INFO: SemSearch_ES-81	university	similarentitynames	0.212467
Jan 21, 2016 6:28:45 AM edu.wayne.pfsdm.ParametrizedFSDMTraversal getUnigramNode
INFO: SemSearch_ES-81	university	categories	0.127031
Jan 21, 2016 6:28:45 AM edu.wayne.pfsdm.ParametrizedFSDMTraversal getUnigramNode
INFO: SemSearch_ES-81	university	outgoingentitynames	0.00000
Jan 21, 2016 6:28:47 AM edu.wayne.pfsdm.ParametrizedFSDMTraversal getBigramNodes
INFO: SemSearch_ES-81	south dakota	names	0.267592
Jan 21, 2016 6:28:47 AM edu.wayne.pfsdm.ParametrizedFSDMTraversal getBigramNodes
INFO: SemSearch_ES-81	south dakota	attributes	0.234820
Jan 21, 2016 6:28:47 AM edu.wayne.pfsdm.ParametrizedFSDMTraversal getBigramNodes
INFO: SemSearch_ES-81	south dakota	similarentitynames	0.346409
Jan 21, 2016 6:28:47 AM edu.wayne.pfsdm.ParametrizedFSDMTraversal getBigramNodes
INFO: SemSearch_ES-81	south dakota	categories	0.151178
Jan 21, 2016 6:28:47 AM edu.wayne.pfsdm.ParametrizedFSDMTraversal getBigramNodes
INFO: SemSearch_ES-81	south dakota	outgoingentitynames	0.00000
Jan 21, 2016 6:28:51 AM edu.wayne.pfsdm.ParametrizedFSDMTraversal getBigramNodes
INFO: SemSearch_ES-81	dakota state	names	0.275820
Jan 21, 2016 6:28:51 AM edu.wayne.pfsdm.ParametrizedFSDMTraversal getBigramNodes
INFO: SemSearch_ES-81	dakota state	attributes	0.225509
Jan 21, 2016 6:28:51 AM edu.wayne.pfsdm.ParametrizedFSDMTraversal getBigramNodes
INFO: SemSearch_ES-81	dakota state	similarentitynames	0.347079
Jan 21, 2016 6:28:51 AM edu.wayne.pfsdm.ParametrizedFSDMTraversal getBigramNodes
INFO: SemSearch_ES-81	dakota state	categories	0.151592
Jan 21, 2016 6:28:51 AM edu.wayne.pfsdm.ParametrizedFSDMTraversal getBigramNodes
INFO: SemSearch_ES-81	dakota state	outgoingentitynames	0.00000
Jan 21, 2016 6:28:59 AM edu.wayne.pfsdm.ParametrizedFSDMTraversal getBigramNodes
INFO: SemSearch_ES-81	state university	names	0.265804
Jan 21, 2016 6:28:59 AM edu.wayne.pfsdm.ParametrizedFSDMTraversal getBigramNodes
INFO: SemSearch_ES-81	state university	attributes	0.230439
Jan 21, 2016 6:28:59 AM edu.wayne.pfsdm.ParametrizedFSDMTraversal getBigramNodes
INFO: SemSearch_ES-81	state university	similarentitynames	0.353203
Jan 21, 2016 6:28:59 AM edu.wayne.pfsdm.ParametrizedFSDMTraversal getBigramNodes
INFO: SemSearch_ES-81	state university	categories	0.150554
Jan 21, 2016 6:28:59 AM edu.wayne.pfsdm.ParametrizedFSDMTraversal getBigramNodes
INFO: SemSearch_ES-81	state university	outgoingentitynames	0.00000
Jan 21, 2016 6:29:08 AM edu.wayne.pfsdm.ParametrizedFSDMTraversal getUnigramNode
INFO: SemSearch_ES-45	keith	names	0.267947
Jan 21, 2016 6:29:08 AM edu.wayne.pfsdm.ParametrizedFSDMTraversal getUnigramNode
INFO: SemSearch_ES-45	keith	attributes	0.401364
Jan 21, 2016 6:29:08 AM edu.wayne.pfsdm.ParametrizedFSDMTraversal getUnigramNode
INFO: SemSearch_ES-45	keith	similarentitynames	0.239361
Jan 21, 2016 6:29:08 AM edu.wayne.pfsdm.ParametrizedFSDMTraversal getUnigramNode
INFO: SemSearch_ES-45	keith	categories	0.0913290
Jan 21, 2016 6:29:08 AM edu.wayne.pfsdm.ParametrizedFSDMTraversal getUnigramNode
INFO: SemSearch_ES-45	keith	outgoingentitynames	0.00000
Jan 21, 2016 6:29:08 AM edu.wayne.pfsdm.ParametrizedFSDMTraversal getUnigramNode
INFO: SemSearch_ES-45	urban	names	0.236803
Jan 21, 2016 6:29:08 AM edu.wayne.pfsdm.ParametrizedFSDMTraversal getUnigramNode
INFO: SemSearch_ES-45	urban	attributes	0.441084
Jan 21, 2016 6:29:08 AM edu.wayne.pfsdm.ParametrizedFSDMTraversal getUnigramNode
INFO: SemSearch_ES-45	urban	similarentitynames	0.213117
Jan 21, 2016 6:29:08 AM edu.wayne.pfsdm.ParametrizedFSDMTraversal getUnigramNode
INFO: SemSearch_ES-45	urban	categories	0.108995
Jan 21, 2016 6:29:08 AM edu.wayne.pfsdm.ParametrizedFSDMTraversal getUnigramNode
INFO: SemSearch_ES-45	urban	outgoingentitynames	0.00000
Jan 21, 2016 6:29:08 AM edu.wayne.pfsdm.ParametrizedFSDMTraversal getBigramNodes
INFO: SemSearch_ES-45	keith urban	names	0.386573
Jan 21, 2016 6:29:08 AM edu.wayne.pfsdm.ParametrizedFSDMTraversal getBigramNodes
INFO: SemSearch_ES-45	keith urban	attributes	0.235726
Jan 21, 2016 6:29:08 AM edu.wayne.pfsdm.ParametrizedFSDMTraversal getBigramNodes
INFO: SemSearch_ES-45	keith urban	similarentitynames	0.377700
Jan 21, 2016 6:29:08 AM edu.wayne.pfsdm.ParametrizedFSDMTraversal getBigramNodes
INFO: SemSearch_ES-45	keith urban	categories	0.00000
Jan 21, 2016 6:29:08 AM edu.wayne.pfsdm.ParametrizedFSDMTraversal getBigramNodes
INFO: SemSearch_ES-45	keith urban	outgoingentitynames	0.00000
Jan 21, 2016 6:29:09 AM edu.wayne.pfsdm.ParametrizedFSDMTraversal getUnigramNode
INFO: SemSearch_ES-104	bourbonnai	names	0.292953
Jan 21, 2016 6:29:09 AM edu.wayne.pfsdm.ParametrizedFSDMTraversal getUnigramNode
INFO: SemSearch_ES-104	bourbonnai	attributes	0.457712
Jan 21, 2016 6:29:09 AM edu.wayne.pfsdm.ParametrizedFSDMTraversal getUnigramNode
INFO: SemSearch_ES-104	bourbonnai	similarentitynames	0.249335
Jan 21, 2016 6:29:09 AM edu.wayne.pfsdm.ParametrizedFSDMTraversal getUnigramNode
INFO: SemSearch_ES-104	bourbonnai	categories	0.00000
Jan 21, 2016 6:29:09 AM edu.wayne.pfsdm.ParametrizedFSDMTraversal getUnigramNode
INFO: SemSearch_ES-104	bourbonnai	outgoingentitynames	0.00000
Jan 21, 2016 6:29:09 AM edu.wayne.pfsdm.ParametrizedFSDMTraversal getUnigramNode
INFO: SemSearch_ES-104	il	names	0.260613
Jan 21, 2016 6:29:09 AM edu.wayne.pfsdm.ParametrizedFSDMTraversal getUnigramNode
INFO: SemSearch_ES-104	il	attributes	0.404909
Jan 21, 2016 6:29:09 AM edu.wayne.pfsdm.ParametrizedFSDMTraversal getUnigramNode
INFO: SemSearch_ES-104	il	similarentitynames	0.244541
Jan 21, 2016 6:29:09 AM edu.wayne.pfsdm.ParametrizedFSDMTraversal getUnigramNode
INFO: SemSearch_ES-104	il	categories	0.0899369
Jan 21, 2016 6:29:09 AM edu.wayne.pfsdm.ParametrizedFSDMTraversal getUnigramNode
INFO: SemSearch_ES-104	il	outgoingentitynames	0.00000
Jan 21, 2016 6:29:09 AM edu.wayne.pfsdm.ParametrizedFSDMTraversal getBigramNodes
INFO: SemSearch_ES-104	bourbonnai il	names	0.263282
Jan 21, 2016 6:29:09 AM edu.wayne.pfsdm.ParametrizedFSDMTraversal getBigramNodes
INFO: SemSearch_ES-104	bourbonnai il	attributes	0.227431
Jan 21, 2016 6:29:09 AM edu.wayne.pfsdm.ParametrizedFSDMTraversal getBigramNodes
INFO: SemSearch_ES-104	bourbonnai il	similarentitynames	0.349642
Jan 21, 2016 6:29:09 AM edu.wayne.pfsdm.ParametrizedFSDMTraversal getBigramNodes
INFO: SemSearch_ES-104	bourbonnai il	categories	0.159644
Jan 21, 2016 6:29:09 AM edu.wayne.pfsdm.ParametrizedFSDMTraversal getBigramNodes
INFO: SemSearch_ES-104	bourbonnai il	outgoingentitynames	0.00000
Jan 21, 2016 6:29:09 AM edu.wayne.pfsdm.ParametrizedFSDMTraversal getUnigramNode
INFO: SemSearch_ES-101	ashley	names	0.273305
Jan 21, 2016 6:29:09 AM edu.wayne.pfsdm.ParametrizedFSDMTraversal getUnigramNode
INFO: SemSearch_ES-101	ashley	attributes	0.407261
Jan 21, 2016 6:29:09 AM edu.wayne.pfsdm.ParametrizedFSDMTraversal getUnigramNode
INFO: SemSearch_ES-101	ashley	similarentitynames	0.238901
Jan 21, 2016 6:29:09 AM edu.wayne.pfsdm.ParametrizedFSDMTraversal getUnigramNode
INFO: SemSearch_ES-101	ashley	categories	0.0805324
Jan 21, 2016 6:29:09 AM edu.wayne.pfsdm.ParametrizedFSDMTraversal getUnigramNode
INFO: SemSearch_ES-101	ashley	outgoingentitynames	0.00000
Jan 21, 2016 6:29:09 AM edu.wayne.pfsdm.ParametrizedFSDMTraversal getUnigramNode
INFO: SemSearch_ES-101	wagner	names	0.263840
Jan 21, 2016 6:29:09 AM edu.wayne.pfsdm.ParametrizedFSDMTraversal getUnigramNode
INFO: SemSearch_ES-101	wagner	attributes	0.413916
Jan 21, 2016 6:29:09 AM edu.wayne.pfsdm.ParametrizedFSDMTraversal getUnigramNode
INFO: SemSearch_ES-101	wagner	similarentitynames	0.231790
Jan 21, 2016 6:29:09 AM edu.wayne.pfsdm.ParametrizedFSDMTraversal getUnigramNode
INFO: SemSearch_ES-101	wagner	categories	0.0904537
Jan 21, 2016 6:29:09 AM edu.wayne.pfsdm.ParametrizedFSDMTraversal getUnigramNode
INFO: SemSearch_ES-101	wagner	outgoingentitynames	0.00000
Jan 21, 2016 6:29:10 AM edu.wayne.pfsdm.ParametrizedFSDMTraversal getBigramNodes
INFO: SemSearch_ES-101	ashley wagner	names	0.282985
Jan 21, 2016 6:29:10 AM edu.wayne.pfsdm.ParametrizedFSDMTraversal getBigramNodes
INFO: SemSearch_ES-101	ashley wagner	attributes	0.231292
Jan 21, 2016 6:29:10 AM edu.wayne.pfsdm.ParametrizedFSDMTraversal getBigramNodes
INFO: SemSearch_ES-101	ashley wagner	similarentitynames	0.325024
Jan 21, 2016 6:29:10 AM edu.wayne.pfsdm.ParametrizedFSDMTraversal getBigramNodes
INFO: SemSearch_ES-101	ashley wagner	categories	0.160699
Jan 21, 2016 6:29:10 AM edu.wayne.pfsdm.ParametrizedFSDMTraversal getBigramNodes
INFO: SemSearch_ES-101	ashley wagner	outgoingentitynames	0.00000
Jan 21, 2016 6:29:10 AM edu.wayne.pfsdm.ParametrizedFSDMTraversal getUnigramNode
INFO: SemSearch_ES-53	lynchburg	names	0.245679
Jan 21, 2016 6:29:10 AM edu.wayne.pfsdm.ParametrizedFSDMTraversal getUnigramNode
INFO: SemSearch_ES-53	lynchburg	attributes	0.410372
Jan 21, 2016 6:29:10 AM edu.wayne.pfsdm.ParametrizedFSDMTraversal getUnigramNode
INFO: SemSearch_ES-53	lynchburg	similarentitynames	0.221209
Jan 21, 2016 6:29:10 AM edu.wayne.pfsdm.ParametrizedFSDMTraversal getUnigramNode
INFO: SemSearch_ES-53	lynchburg	categories	0.122740
Jan 21, 2016 6:29:10 AM edu.wayne.pfsdm.ParametrizedFSDMTraversal getUnigramNode
INFO: SemSearch_ES-53	lynchburg	outgoingentitynames	0.00000
Jan 21, 2016 6:29:10 AM edu.wayne.pfsdm.ParametrizedFSDMTraversal getUnigramNode
INFO: SemSearch_ES-53	virginia	names	0.252821
Jan 21, 2016 6:29:10 AM edu.wayne.pfsdm.ParametrizedFSDMTraversal getUnigramNode
INFO: SemSearch_ES-53	virginia	attributes	0.400436
Jan 21, 2016 6:29:10 AM edu.wayne.pfsdm.ParametrizedFSDMTraversal getUnigramNode
INFO: SemSearch_ES-53	virginia	similarentitynames	0.223255
Jan 21, 2016 6:29:10 AM edu.wayne.pfsdm.ParametrizedFSDMTraversal getUnigramNode
INFO: SemSearch_ES-53	virginia	categories	0.123489
Jan 21, 2016 6:29:10 AM edu.wayne.pfsdm.ParametrizedFSDMTraversal getUnigramNode
INFO: SemSearch_ES-53	virginia	outgoingentitynames	0.00000
Jan 21, 2016 6:29:10 AM edu.wayne.pfsdm.ParametrizedFSDMTraversal getBigramNodes
INFO: SemSearch_ES-53	lynchburg virginia	names	0.267305
Jan 21, 2016 6:29:10 AM edu.wayne.pfsdm.ParametrizedFSDMTraversal getBigramNodes
INFO: SemSearch_ES-53	lynchburg virginia	attributes	0.228096
Jan 21, 2016 6:29:10 AM edu.wayne.pfsdm.ParametrizedFSDMTraversal getBigramNodes
INFO: SemSearch_ES-53	lynchburg virginia	similarentitynames	0.349316
Jan 21, 2016 6:29:10 AM edu.wayne.pfsdm.ParametrizedFSDMTraversal getBigramNodes
INFO: SemSearch_ES-53	lynchburg virginia	categories	0.155282
Jan 21, 2016 6:29:10 AM edu.wayne.pfsdm.ParametrizedFSDMTraversal getBigramNodes
INFO: SemSearch_ES-53	lynchburg virginia	outgoingentitynames	0.00000
Jan 21, 2016 6:29:10 AM edu.wayne.pfsdm.ParametrizedFSDMTraversal getUnigramNode
INFO: SemSearch_ES-142	windsor	names	0.249993
Jan 21, 2016 6:29:10 AM edu.wayne.pfsdm.ParametrizedFSDMTraversal getUnigramNode
INFO: SemSearch_ES-142	windsor	attributes	0.406049
Jan 21, 2016 6:29:10 AM edu.wayne.pfsdm.ParametrizedFSDMTraversal getUnigramNode
INFO: SemSearch_ES-142	windsor	similarentitynames	0.233476
Jan 21, 2016 6:29:10 AM edu.wayne.pfsdm.ParametrizedFSDMTraversal getUnigramNode
INFO: SemSearch_ES-142	windsor	categories	0.110482
Jan 21, 2016 6:29:10 AM edu.wayne.pfsdm.ParametrizedFSDMTraversal getUnigramNode
INFO: SemSearch_ES-142	windsor	outgoingentitynames	0.00000
Jan 21, 2016 6:29:10 AM edu.wayne.pfsdm.ParametrizedFSDMTraversal getUnigramNode
INFO: SemSearch_ES-142	hotel	names	0.248808
Jan 21, 2016 6:29:10 AM edu.wayne.pfsdm.ParametrizedFSDMTraversal getUnigramNode
INFO: SemSearch_ES-142	hotel	attributes	0.420389
Jan 21, 2016 6:29:10 AM edu.wayne.pfsdm.ParametrizedFSDMTraversal getUnigramNode
INFO: SemSearch_ES-142	hotel	similarentitynames	0.222544
Jan 21, 2016 6:29:10 AM edu.wayne.pfsdm.ParametrizedFSDMTraversal getUnigramNode
INFO: SemSearch_ES-142	hotel	categories	0.108260
Jan 21, 2016 6:29:10 AM edu.wayne.pfsdm.ParametrizedFSDMTraversal getUnigramNode
INFO: SemSearch_ES-142	hotel	outgoingentitynames	0.00000
Jan 21, 2016 6:29:10 AM edu.wayne.pfsdm.ParametrizedFSDMTraversal getUnigramNode
INFO: SemSearch_ES-142	philadelphia	names	0.235964
Jan 21, 2016 6:29:10 AM edu.wayne.pfsdm.ParametrizedFSDMTraversal getUnigramNode
INFO: SemSearch_ES-142	philadelphia	attributes	0.432775
Jan 21, 2016 6:29:10 AM edu.wayne.pfsdm.ParametrizedFSDMTraversal getUnigramNode
INFO: SemSearch_ES-142	philadelphia	similarentitynames	0.206966
Jan 21, 2016 6:29:10 AM edu.wayne.pfsdm.ParametrizedFSDMTraversal getUnigramNode
INFO: SemSearch_ES-142	philadelphia	categories	0.124295
Jan 21, 2016 6:29:10 AM edu.wayne.pfsdm.ParametrizedFSDMTraversal getUnigramNode
INFO: SemSearch_ES-142	philadelphia	outgoingentitynames	0.00000
Jan 21, 2016 6:29:11 AM edu.wayne.pfsdm.ParametrizedFSDMTraversal getBigramNodes
INFO: SemSearch_ES-142	windsor hotel	names	0.366237
Jan 21, 2016 6:29:11 AM edu.wayne.pfsdm.ParametrizedFSDMTraversal getBigramNodes
INFO: SemSearch_ES-142	windsor hotel	attributes	0.231487
Jan 21, 2016 6:29:11 AM edu.wayne.pfsdm.ParametrizedFSDMTraversal getBigramNodes
INFO: SemSearch_ES-142	windsor hotel	similarentitynames	0.402276
Jan 21, 2016 6:29:11 AM edu.wayne.pfsdm.ParametrizedFSDMTraversal getBigramNodes
INFO: SemSearch_ES-142	windsor hotel	categories	0.00000
Jan 21, 2016 6:29:11 AM edu.wayne.pfsdm.ParametrizedFSDMTraversal getBigramNodes
INFO: SemSearch_ES-142	windsor hotel	outgoingentitynames	0.00000
Jan 21, 2016 6:29:12 AM edu.wayne.pfsdm.ParametrizedFSDMTraversal getBigramNodes
INFO: SemSearch_ES-142	hotel philadelphia	names	0.265733
Jan 21, 2016 6:29:12 AM edu.wayne.pfsdm.ParametrizedFSDMTraversal getBigramNodes
INFO: SemSearch_ES-142	hotel philadelphia	attributes	0.229172
Jan 21, 2016 6:29:12 AM edu.wayne.pfsdm.ParametrizedFSDMTraversal getBigramNodes
INFO: SemSearch_ES-142	hotel philadelphia	similarentitynames	0.347090
Jan 21, 2016 6:29:12 AM edu.wayne.pfsdm.ParametrizedFSDMTraversal getBigramNodes
INFO: SemSearch_ES-142	hotel philadelphia	categories	0.158005
Jan 21, 2016 6:29:12 AM edu.wayne.pfsdm.ParametrizedFSDMTraversal getBigramNodes
INFO: SemSearch_ES-142	hotel philadelphia	outgoingentitynames	0.00000
Jan 21, 2016 6:29:12 AM edu.wayne.pfsdm.ParametrizedFSDMTraversal getUnigramNode
INFO: SemSearch_ES-3	bookwork	names	0.281917
Jan 21, 2016 6:29:12 AM edu.wayne.pfsdm.ParametrizedFSDMTraversal getUnigramNode
INFO: SemSearch_ES-3	bookwork	attributes	0.454639
Jan 21, 2016 6:29:12 AM edu.wayne.pfsdm.ParametrizedFSDMTraversal getUnigramNode
INFO: SemSearch_ES-3	bookwork	similarentitynames	0.263445
Jan 21, 2016 6:29:12 AM edu.wayne.pfsdm.ParametrizedFSDMTraversal getUnigramNode
INFO: SemSearch_ES-3	bookwork	categories	0.00000
Jan 21, 2016 6:29:12 AM edu.wayne.pfsdm.ParametrizedFSDMTraversal getUnigramNode
INFO: SemSearch_ES-3	bookwork	outgoingentitynames	0.00000
Jan 21, 2016 6:29:12 AM edu.wayne.pfsdm.ParametrizedFSDMTraversal getUnigramNode
INFO: SemSearch_ES-19	carl	names	0.272050
Jan 21, 2016 6:29:12 AM edu.wayne.pfsdm.ParametrizedFSDMTraversal getUnigramNode
INFO: SemSearch_ES-19	carl	attributes	0.401315
Jan 21, 2016 6:29:12 AM edu.wayne.pfsdm.ParametrizedFSDMTraversal getUnigramNode
INFO: SemSearch_ES-19	carl	similarentitynames	0.243223
Jan 21, 2016 6:29:12 AM edu.wayne.pfsdm.ParametrizedFSDMTraversal getUnigramNode
INFO: SemSearch_ES-19	carl	categories	0.0834114
Jan 21, 2016 6:29:12 AM edu.wayne.pfsdm.ParametrizedFSDMTraversal getUnigramNode
INFO: SemSearch_ES-19	carl	outgoingentitynames	0.00000
Jan 21, 2016 6:29:12 AM edu.wayne.pfsdm.ParametrizedFSDMTraversal getUnigramNode
INFO: SemSearch_ES-19	lewis	names	0.290792
Jan 21, 2016 6:29:12 AM edu.wayne.pfsdm.ParametrizedFSDMTraversal getUnigramNode
INFO: SemSearch_ES-19	lewis	attributes	0.386541
Jan 21, 2016 6:29:12 AM edu.wayne.pfsdm.ParametrizedFSDMTraversal getUnigramNode
INFO: SemSearch_ES-19	lewis	similarentitynames	0.120707
Jan 21, 2016 6:29:12 AM edu.wayne.pfsdm.ParametrizedFSDMTraversal getUnigramNode
INFO: SemSearch_ES-19	lewis	categories	0.110365
Jan 21, 2016 6:29:12 AM edu.wayne.pfsdm.ParametrizedFSDMTraversal getUnigramNode
INFO: SemSearch_ES-19	lewis	outgoingentitynames	0.0915947
Jan 21, 2016 6:29:13 AM edu.wayne.pfsdm.ParametrizedFSDMTraversal getBigramNodes
INFO: SemSearch_ES-19	carl lewis	names	0.184400
Jan 21, 2016 6:29:13 AM edu.wayne.pfsdm.ParametrizedFSDMTraversal getBigramNodes
INFO: SemSearch_ES-19	carl lewis	attributes	0.154191
Jan 21, 2016 6:29:13 AM edu.wayne.pfsdm.ParametrizedFSDMTraversal getBigramNodes
INFO: SemSearch_ES-19	carl lewis	similarentitynames	0.346620
Jan 21, 2016 6:29:13 AM edu.wayne.pfsdm.ParametrizedFSDMTraversal getBigramNodes
INFO: SemSearch_ES-19	carl lewis	categories	0.206710
Jan 21, 2016 6:29:13 AM edu.wayne.pfsdm.ParametrizedFSDMTraversal getBigramNodes
INFO: SemSearch_ES-19	carl lewis	outgoingentitynames	0.108079
Jan 21, 2016 6:29:13 AM edu.wayne.pfsdm.ParametrizedFSDMTraversal getUnigramNode
INFO: SemSearch_ES-40	james	names	0.269860
Jan 21, 2016 6:29:13 AM edu.wayne.pfsdm.ParametrizedFSDMTraversal getUnigramNode
INFO: SemSearch_ES-40	james	attributes	0.399842
Jan 21, 2016 6:29:13 AM edu.wayne.pfsdm.ParametrizedFSDMTraversal getUnigramNode
INFO: SemSearch_ES-40	james	similarentitynames	0.246287
Jan 21, 2016 6:29:13 AM edu.wayne.pfsdm.ParametrizedFSDMTraversal getUnigramNode
INFO: SemSearch_ES-40	james	categories	0.0840109
Jan 21, 2016 6:29:13 AM edu.wayne.pfsdm.ParametrizedFSDMTraversal getUnigramNode
INFO: SemSearch_ES-40	james	outgoingentitynames	0.00000
Jan 21, 2016 6:29:13 AM edu.wayne.pfsdm.ParametrizedFSDMTraversal getUnigramNode
INFO: SemSearch_ES-40	clayton	names	0.265454
Jan 21, 2016 6:29:13 AM edu.wayne.pfsdm.ParametrizedFSDMTraversal getUnigramNode
INFO: SemSearch_ES-40	clayton	attributes	0.400962
Jan 21, 2016 6:29:13 AM edu.wayne.pfsdm.ParametrizedFSDMTraversal getUnigramNode
INFO: SemSearch_ES-40	clayton	similarentitynames	0.240380
Jan 21, 2016 6:29:13 AM edu.wayne.pfsdm.ParametrizedFSDMTraversal getUnigramNode
INFO: SemSearch_ES-40	clayton	categories	0.0932046
Jan 21, 2016 6:29:13 AM edu.wayne.pfsdm.ParametrizedFSDMTraversal getUnigramNode
INFO: SemSearch_ES-40	clayton	outgoingentitynames	0.00000
Jan 21, 2016 6:29:13 AM edu.wayne.pfsdm.ParametrizedFSDMTraversal getUnigramNode
INFO: SemSearch_ES-40	md	names	0.251771
Jan 21, 2016 6:29:13 AM edu.wayne.pfsdm.ParametrizedFSDMTraversal getUnigramNode
INFO: SemSearch_ES-40	md	attributes	0.425143
Jan 21, 2016 6:29:13 AM edu.wayne.pfsdm.ParametrizedFSDMTraversal getUnigramNode
INFO: SemSearch_ES-40	md	similarentitynames	0.239353
Jan 21, 2016 6:29:13 AM edu.wayne.pfsdm.ParametrizedFSDMTraversal getUnigramNode
INFO: SemSearch_ES-40	md	categories	0.0837321
Jan 21, 2016 6:29:13 AM edu.wayne.pfsdm.ParametrizedFSDMTraversal getUnigramNode
INFO: SemSearch_ES-40	md	outgoingentitynames	0.00000
Jan 21, 2016 6:29:14 AM edu.wayne.pfsdm.ParametrizedFSDMTraversal getBigramNodes
INFO: SemSearch_ES-40	james clayton	names	0.393775
Jan 21, 2016 6:29:14 AM edu.wayne.pfsdm.ParametrizedFSDMTraversal getBigramNodes
INFO: SemSearch_ES-40	james clayton	attributes	0.218101
Jan 21, 2016 6:29:14 AM edu.wayne.pfsdm.ParametrizedFSDMTraversal getBigramNodes
INFO: SemSearch_ES-40	james clayton	similarentitynames	0.388124
Jan 21, 2016 6:29:14 AM edu.wayne.pfsdm.ParametrizedFSDMTraversal getBigramNodes
INFO: SemSearch_ES-40	james clayton	categories	0.00000
Jan 21, 2016 6:29:14 AM edu.wayne.pfsdm.ParametrizedFSDMTraversal getBigramNodes
INFO: SemSearch_ES-40	james clayton	outgoingentitynames	0.00000
Jan 21, 2016 6:29:15 AM edu.wayne.pfsdm.ParametrizedFSDMTraversal getBigramNodes
INFO: SemSearch_ES-40	clayton md	names	0.249296
Jan 21, 2016 6:29:15 AM edu.wayne.pfsdm.ParametrizedFSDMTraversal getBigramNodes
INFO: SemSearch_ES-40	clayton md	attributes	0.241480
Jan 21, 2016 6:29:15 AM edu.wayne.pfsdm.ParametrizedFSDMTraversal getBigramNodes
INFO: SemSearch_ES-40	clayton md	similarentitynames	0.341899
Jan 21, 2016 6:29:15 AM edu.wayne.pfsdm.ParametrizedFSDMTraversal getBigramNodes
INFO: SemSearch_ES-40	clayton md	categories	0.167325
Jan 21, 2016 6:29:15 AM edu.wayne.pfsdm.ParametrizedFSDMTraversal getBigramNodes
INFO: SemSearch_ES-40	clayton md	outgoingentitynames	0.00000
Jan 21, 2016 6:29:15 AM edu.wayne.pfsdm.ParametrizedFSDMTraversal getUnigramNode
INFO: SemSearch_ES-95	madrid	names	0.146416
Jan 21, 2016 6:29:15 AM edu.wayne.pfsdm.ParametrizedFSDMTraversal getUnigramNode
INFO: SemSearch_ES-95	madrid	attributes	0.292356
Jan 21, 2016 6:29:15 AM edu.wayne.pfsdm.ParametrizedFSDMTraversal getUnigramNode
INFO: SemSearch_ES-95	madrid	similarentitynames	0.386561
Jan 21, 2016 6:29:15 AM edu.wayne.pfsdm.ParametrizedFSDMTraversal getUnigramNode
INFO: SemSearch_ES-95	madrid	categories	0.174667
Jan 21, 2016 6:29:15 AM edu.wayne.pfsdm.ParametrizedFSDMTraversal getUnigramNode
INFO: SemSearch_ES-95	madrid	outgoingentitynames	0.00000
Jan 21, 2016 6:29:16 AM edu.wayne.pfsdm.ParametrizedFSDMTraversal getUnigramNode
INFO: SemSearch_ES-123	michael	names	0.266695
Jan 21, 2016 6:29:16 AM edu.wayne.pfsdm.ParametrizedFSDMTraversal getUnigramNode
INFO: SemSearch_ES-123	michael	attributes	0.398805
Jan 21, 2016 6:29:16 AM edu.wayne.pfsdm.ParametrizedFSDMTraversal getUnigramNode
INFO: SemSearch_ES-123	michael	similarentitynames	0.242634
Jan 21, 2016 6:29:16 AM edu.wayne.pfsdm.ParametrizedFSDMTraversal getUnigramNode
INFO: SemSearch_ES-123	michael	categories	0.0918669
Jan 21, 2016 6:29:16 AM edu.wayne.pfsdm.ParametrizedFSDMTraversal getUnigramNode
INFO: SemSearch_ES-123	michael	outgoingentitynames	0.00000
Jan 21, 2016 6:29:16 AM edu.wayne.pfsdm.ParametrizedFSDMTraversal getUnigramNode
INFO: SemSearch_ES-123	zimmerman	names	0.293332
Jan 21, 2016 6:29:16 AM edu.wayne.pfsdm.ParametrizedFSDMTraversal getUnigramNode
INFO: SemSearch_ES-123	zimmerman	attributes	0.431609
Jan 21, 2016 6:29:16 AM edu.wayne.pfsdm.ParametrizedFSDMTraversal getUnigramNode
INFO: SemSearch_ES-123	zimmerman	similarentitynames	0.275060
Jan 21, 2016 6:29:16 AM edu.wayne.pfsdm.ParametrizedFSDMTraversal getUnigramNode
INFO: SemSearch_ES-123	zimmerman	categories	0.00000
Jan 21, 2016 6:29:16 AM edu.wayne.pfsdm.ParametrizedFSDMTraversal getUnigramNode
INFO: SemSearch_ES-123	zimmerman	outgoingentitynames	0.00000
Jan 21, 2016 6:29:16 AM edu.wayne.pfsdm.ParametrizedFSDMTraversal getBigramNodes
INFO: SemSearch_ES-123	michael zimmerman	names	0.266384
Jan 21, 2016 6:29:16 AM edu.wayne.pfsdm.ParametrizedFSDMTraversal getBigramNodes
INFO: SemSearch_ES-123	michael zimmerman	attributes	0.224367
Jan 21, 2016 6:29:16 AM edu.wayne.pfsdm.ParametrizedFSDMTraversal getBigramNodes
INFO: SemSearch_ES-123	michael zimmerman	similarentitynames	0.355493
Jan 21, 2016 6:29:16 AM edu.wayne.pfsdm.ParametrizedFSDMTraversal getBigramNodes
INFO: SemSearch_ES-123	michael zimmerman	categories	0.153756
Jan 21, 2016 6:29:16 AM edu.wayne.pfsdm.ParametrizedFSDMTraversal getBigramNodes
INFO: SemSearch_ES-123	michael zimmerman	outgoingentitynames	0.00000
Jan 21, 2016 6:29:17 AM edu.wayne.pfsdm.ParametrizedFSDMTraversal getUnigramNode
INFO: SemSearch_ES-88	thomas	names	0.271670
Jan 21, 2016 6:29:17 AM edu.wayne.pfsdm.ParametrizedFSDMTraversal getUnigramNode
INFO: SemSearch_ES-88	thomas	attributes	0.401289
Jan 21, 2016 6:29:17 AM edu.wayne.pfsdm.ParametrizedFSDMTraversal getUnigramNode
INFO: SemSearch_ES-88	thomas	similarentitynames	0.247330
Jan 21, 2016 6:29:17 AM edu.wayne.pfsdm.ParametrizedFSDMTraversal getUnigramNode
INFO: SemSearch_ES-88	thomas	categories	0.0797111
Jan 21, 2016 6:29:17 AM edu.wayne.pfsdm.ParametrizedFSDMTraversal getUnigramNode
INFO: SemSearch_ES-88	thomas	outgoingentitynames	0.00000
Jan 21, 2016 6:29:17 AM edu.wayne.pfsdm.ParametrizedFSDMTraversal getUnigramNode
INFO: SemSearch_ES-88	jefferson	names	0.254291
Jan 21, 2016 6:29:17 AM edu.wayne.pfsdm.ParametrizedFSDMTraversal getUnigramNode
INFO: SemSearch_ES-88	jefferson	attributes	0.405356
Jan 21, 2016 6:29:17 AM edu.wayne.pfsdm.ParametrizedFSDMTraversal getUnigramNode
INFO: SemSearch_ES-88	jefferson	similarentitynames	0.226690
Jan 21, 2016 6:29:17 AM edu.wayne.pfsdm.ParametrizedFSDMTraversal getUnigramNode
INFO: SemSearch_ES-88	jefferson	categories	0.113664
Jan 21, 2016 6:29:17 AM edu.wayne.pfsdm.ParametrizedFSDMTraversal getUnigramNode
INFO: SemSearch_ES-88	jefferson	outgoingentitynames	0.00000
Jan 21, 2016 6:29:17 AM edu.wayne.pfsdm.ParametrizedFSDMTraversal getBigramNodes
INFO: SemSearch_ES-88	thomas jefferson	names	0.268307
Jan 21, 2016 6:29:17 AM edu.wayne.pfsdm.ParametrizedFSDMTraversal getBigramNodes
INFO: SemSearch_ES-88	thomas jefferson	attributes	0.224943
Jan 21, 2016 6:29:17 AM edu.wayne.pfsdm.ParametrizedFSDMTraversal getBigramNodes
INFO: SemSearch_ES-88	thomas jefferson	similarentitynames	0.354068
Jan 21, 2016 6:29:17 AM edu.wayne.pfsdm.ParametrizedFSDMTraversal getBigramNodes
INFO: SemSearch_ES-88	thomas jefferson	categories	0.152682
Jan 21, 2016 6:29:17 AM edu.wayne.pfsdm.ParametrizedFSDMTraversal getBigramNodes
INFO: SemSearch_ES-88	thomas jefferson	outgoingentitynames	0.00000
Jan 21, 2016 6:29:18 AM edu.wayne.pfsdm.ParametrizedFSDMTraversal getUnigramNode
INFO: SemSearch_ES-83	st	names	0.252348
Jan 21, 2016 6:29:18 AM edu.wayne.pfsdm.ParametrizedFSDMTraversal getUnigramNode
INFO: SemSearch_ES-83	st	attributes	0.406863
Jan 21, 2016 6:29:18 AM edu.wayne.pfsdm.ParametrizedFSDMTraversal getUnigramNode
INFO: SemSearch_ES-83	st	similarentitynames	0.232280
Jan 21, 2016 6:29:18 AM edu.wayne.pfsdm.ParametrizedFSDMTraversal getUnigramNode
INFO: SemSearch_ES-83	st	categories	0.108509
Jan 21, 2016 6:29:18 AM edu.wayne.pfsdm.ParametrizedFSDMTraversal getUnigramNode
INFO: SemSearch_ES-83	st	outgoingentitynames	0.00000
Jan 21, 2016 6:29:18 AM edu.wayne.pfsdm.ParametrizedFSDMTraversal getUnigramNode
INFO: SemSearch_ES-83	paul	names	0.266023
Jan 21, 2016 6:29:18 AM edu.wayne.pfsdm.ParametrizedFSDMTraversal getUnigramNode
INFO: SemSearch_ES-83	paul	attributes	0.402372
Jan 21, 2016 6:29:18 AM edu.wayne.pfsdm.ParametrizedFSDMTraversal getUnigramNode
INFO: SemSearch_ES-83	paul	similarentitynames	0.239703
Jan 21, 2016 6:29:18 AM edu.wayne.pfsdm.ParametrizedFSDMTraversal getUnigramNode
INFO: SemSearch_ES-83	paul	categories	0.0919016
Jan 21, 2016 6:29:18 AM edu.wayne.pfsdm.ParametrizedFSDMTraversal getUnigramNode
INFO: SemSearch_ES-83	paul	outgoingentitynames	0.00000
Jan 21, 2016 6:29:18 AM edu.wayne.pfsdm.ParametrizedFSDMTraversal getUnigramNode
INFO: SemSearch_ES-83	saint	names	0.286616
Jan 21, 2016 6:29:18 AM edu.wayne.pfsdm.ParametrizedFSDMTraversal getUnigramNode
INFO: SemSearch_ES-83	saint	attributes	0.382494
Jan 21, 2016 6:29:18 AM edu.wayne.pfsdm.ParametrizedFSDMTraversal getUnigramNode
INFO: SemSearch_ES-83	saint	similarentitynames	0.122853
Jan 21, 2016 6:29:18 AM edu.wayne.pfsdm.ParametrizedFSDMTraversal getUnigramNode
INFO: SemSearch_ES-83	saint	categories	0.118631
Jan 21, 2016 6:29:18 AM edu.wayne.pfsdm.ParametrizedFSDMTraversal getUnigramNode
INFO: SemSearch_ES-83	saint	outgoingentitynames	0.0894057
Jan 21, 2016 6:29:19 AM edu.wayne.pfsdm.ParametrizedFSDMTraversal getBigramNodes
INFO: SemSearch_ES-83	st paul	names	0.359155
Jan 21, 2016 6:29:19 AM edu.wayne.pfsdm.ParametrizedFSDMTraversal getBigramNodes
INFO: SemSearch_ES-83	st paul	attributes	0.218819
Jan 21, 2016 6:29:19 AM edu.wayne.pfsdm.ParametrizedFSDMTraversal getBigramNodes
INFO: SemSearch_ES-83	st paul	similarentitynames	0.422025
Jan 21, 2016 6:29:19 AM edu.wayne.pfsdm.ParametrizedFSDMTraversal getBigramNodes
INFO: SemSearch_ES-83	st paul	categories	0.00000
Jan 21, 2016 6:29:19 AM edu.wayne.pfsdm.ParametrizedFSDMTraversal getBigramNodes
INFO: SemSearch_ES-83	st paul	outgoingentitynames	0.00000
Jan 21, 2016 6:29:20 AM edu.wayne.pfsdm.ParametrizedFSDMTraversal getBigramNodes
INFO: SemSearch_ES-83	paul saint	names	0.182678
Jan 21, 2016 6:29:20 AM edu.wayne.pfsdm.ParametrizedFSDMTraversal getBigramNodes
INFO: SemSearch_ES-83	paul saint	attributes	0.155758
Jan 21, 2016 6:29:20 AM edu.wayne.pfsdm.ParametrizedFSDMTraversal getBigramNodes
INFO: SemSearch_ES-83	paul saint	similarentitynames	0.352253
Jan 21, 2016 6:29:20 AM edu.wayne.pfsdm.ParametrizedFSDMTraversal getBigramNodes
INFO: SemSearch_ES-83	paul saint	categories	0.203112
Jan 21, 2016 6:29:20 AM edu.wayne.pfsdm.ParametrizedFSDMTraversal getBigramNodes
INFO: SemSearch_ES-83	paul saint	outgoingentitynames	0.106198
Jan 21, 2016 6:29:22 AM edu.wayne.pfsdm.ParametrizedFSDMTraversal getUnigramNode
INFO: SemSearch_ES-13	banana	names	0.250777
Jan 21, 2016 6:29:22 AM edu.wayne.pfsdm.ParametrizedFSDMTraversal getUnigramNode
INFO: SemSearch_ES-13	banana	attributes	0.421338
Jan 21, 2016 6:29:22 AM edu.wayne.pfsdm.ParametrizedFSDMTraversal getUnigramNode
INFO: SemSearch_ES-13	banana	similarentitynames	0.230632
Jan 21, 2016 6:29:22 AM edu.wayne.pfsdm.ParametrizedFSDMTraversal getUnigramNode
INFO: SemSearch_ES-13	banana	categories	0.0972519
Jan 21, 2016 6:29:22 AM edu.wayne.pfsdm.ParametrizedFSDMTraversal getUnigramNode
INFO: SemSearch_ES-13	banana	outgoingentitynames	0.00000
Jan 21, 2016 6:29:22 AM edu.wayne.pfsdm.ParametrizedFSDMTraversal getUnigramNode
INFO: SemSearch_ES-13	paper	names	0.236416
Jan 21, 2016 6:29:22 AM edu.wayne.pfsdm.ParametrizedFSDMTraversal getUnigramNode
INFO: SemSearch_ES-13	paper	attributes	0.452370
Jan 21, 2016 6:29:22 AM edu.wayne.pfsdm.ParametrizedFSDMTraversal getUnigramNode
INFO: SemSearch_ES-13	paper	similarentitynames	0.217137
Jan 21, 2016 6:29:22 AM edu.wayne.pfsdm.ParametrizedFSDMTraversal getUnigramNode
INFO: SemSearch_ES-13	paper	categories	0.0940767
Jan 21, 2016 6:29:22 AM edu.wayne.pfsdm.ParametrizedFSDMTraversal getUnigramNode
INFO: SemSearch_ES-13	paper	outgoingentitynames	0.00000
Jan 21, 2016 6:29:22 AM edu.wayne.pfsdm.ParametrizedFSDMTraversal getUnigramNode
INFO: SemSearch_ES-13	making	names	0.217022
Jan 21, 2016 6:29:22 AM edu.wayne.pfsdm.ParametrizedFSDMTraversal getUnigramNode
INFO: SemSearch_ES-13	making	attributes	0.512222
Jan 21, 2016 6:29:22 AM edu.wayne.pfsdm.ParametrizedFSDMTraversal getUnigramNode
INFO: SemSearch_ES-13	making	similarentitynames	0.197158
Jan 21, 2016 6:29:22 AM edu.wayne.pfsdm.ParametrizedFSDMTraversal getUnigramNode
INFO: SemSearch_ES-13	making	categories	0.0735991
Jan 21, 2016 6:29:22 AM edu.wayne.pfsdm.ParametrizedFSDMTraversal getUnigramNode
INFO: SemSearch_ES-13	making	outgoingentitynames	0.00000
Jan 21, 2016 6:29:23 AM edu.wayne.pfsdm.ParametrizedFSDMTraversal getBigramNodes
INFO: SemSearch_ES-13	banana paper	names	0.268734
Jan 21, 2016 6:29:23 AM edu.wayne.pfsdm.ParametrizedFSDMTraversal getBigramNodes
INFO: SemSearch_ES-13	banana paper	attributes	0.239541
Jan 21, 2016 6:29:23 AM edu.wayne.pfsdm.ParametrizedFSDMTraversal getBigramNodes
INFO: SemSearch_ES-13	banana paper	similarentitynames	0.328610
Jan 21, 2016 6:29:23 AM edu.wayne.pfsdm.ParametrizedFSDMTraversal getBigramNodes
INFO: SemSearch_ES-13	banana paper	categories	0.163115
Jan 21, 2016 6:29:23 AM edu.wayne.pfsdm.ParametrizedFSDMTraversal getBigramNodes
INFO: SemSearch_ES-13	banana paper	outgoingentitynames	0.00000
Jan 21, 2016 6:29:24 AM edu.wayne.pfsdm.ParametrizedFSDMTraversal getBigramNodes
INFO: SemSearch_ES-13	paper making	names	0.360123
Jan 21, 2016 6:29:24 AM edu.wayne.pfsdm.ParametrizedFSDMTraversal getBigramNodes
INFO: SemSearch_ES-13	paper making	attributes	0.235954
Jan 21, 2016 6:29:24 AM edu.wayne.pfsdm.ParametrizedFSDMTraversal getBigramNodes
INFO: SemSearch_ES-13	paper making	similarentitynames	0.403923
Jan 21, 2016 6:29:24 AM edu.wayne.pfsdm.ParametrizedFSDMTraversal getBigramNodes
INFO: SemSearch_ES-13	paper making	categories	0.00000
Jan 21, 2016 6:29:24 AM edu.wayne.pfsdm.ParametrizedFSDMTraversal getBigramNodes
INFO: SemSearch_ES-13	paper making	outgoingentitynames	0.00000
Jan 21, 2016 6:29:24 AM edu.wayne.pfsdm.ParametrizedFSDMTraversal getUnigramNode
INFO: SemSearch_ES-87	quick	names	0.234523
Jan 21, 2016 6:29:24 AM edu.wayne.pfsdm.ParametrizedFSDMTraversal getUnigramNode
INFO: SemSearch_ES-87	quick	attributes	0.490225
Jan 21, 2016 6:29:24 AM edu.wayne.pfsdm.ParametrizedFSDMTraversal getUnigramNode
INFO: SemSearch_ES-87	quick	similarentitynames	0.217415
Jan 21, 2016 6:29:24 AM edu.wayne.pfsdm.ParametrizedFSDMTraversal getUnigramNode
INFO: SemSearch_ES-87	quick	categories	0.0578365
Jan 21, 2016 6:29:24 AM edu.wayne.pfsdm.ParametrizedFSDMTraversal getUnigramNode
INFO: SemSearch_ES-87	quick	outgoingentitynames	0.00000
Jan 21, 2016 6:29:24 AM edu.wayne.pfsdm.ParametrizedFSDMTraversal getUnigramNode
INFO: SemSearch_ES-87	lift	names	0.237930
Jan 21, 2016 6:29:24 AM edu.wayne.pfsdm.ParametrizedFSDMTraversal getUnigramNode
INFO: SemSearch_ES-87	lift	attributes	0.451521
Jan 21, 2016 6:29:24 AM edu.wayne.pfsdm.ParametrizedFSDMTraversal getUnigramNode
INFO: SemSearch_ES-87	lift	similarentitynames	0.219876
Jan 21, 2016 6:29:24 AM edu.wayne.pfsdm.ParametrizedFSDMTraversal getUnigramNode
INFO: SemSearch_ES-87	lift	categories	0.0906739
Jan 21, 2016 6:29:24 AM edu.wayne.pfsdm.ParametrizedFSDMTraversal getUnigramNode
INFO: SemSearch_ES-87	lift	outgoingentitynames	0.00000
Jan 21, 2016 6:29:25 AM edu.wayne.pfsdm.ParametrizedFSDMTraversal getBigramNodes
INFO: SemSearch_ES-87	quick lift	names	0.248542
Jan 21, 2016 6:29:25 AM edu.wayne.pfsdm.ParametrizedFSDMTraversal getBigramNodes
INFO: SemSearch_ES-87	quick lift	attributes	0.241519
Jan 21, 2016 6:29:25 AM edu.wayne.pfsdm.ParametrizedFSDMTraversal getBigramNodes
INFO: SemSearch_ES-87	quick lift	similarentitynames	0.340560
Jan 21, 2016 6:29:25 AM edu.wayne.pfsdm.ParametrizedFSDMTraversal getBigramNodes
INFO: SemSearch_ES-87	quick lift	categories	0.169379
Jan 21, 2016 6:29:25 AM edu.wayne.pfsdm.ParametrizedFSDMTraversal getBigramNodes
INFO: SemSearch_ES-87	quick lift	outgoingentitynames	0.00000
Jan 21, 2016 6:29:25 AM edu.wayne.pfsdm.ParametrizedFSDMTraversal getUnigramNode
INFO: SemSearch_ES-120	lawrence	names	0.261331
Jan 21, 2016 6:29:25 AM edu.wayne.pfsdm.ParametrizedFSDMTraversal getUnigramNode
INFO: SemSearch_ES-120	lawrence	attributes	0.404662
Jan 21, 2016 6:29:25 AM edu.wayne.pfsdm.ParametrizedFSDMTraversal getUnigramNode
INFO: SemSearch_ES-120	lawrence	similarentitynames	0.234066
Jan 21, 2016 6:29:25 AM edu.wayne.pfsdm.ParametrizedFSDMTraversal getUnigramNode
INFO: SemSearch_ES-120	lawrence	categories	0.0999408
Jan 21, 2016 6:29:25 AM edu.wayne.pfsdm.ParametrizedFSDMTraversal getUnigramNode
INFO: SemSearch_ES-120	lawrence	outgoingentitynames	0.00000
Jan 21, 2016 6:29:25 AM edu.wayne.pfsdm.ParametrizedFSDMTraversal getUnigramNode
INFO: SemSearch_ES-120	general	names	0.234127
Jan 21, 2016 6:29:25 AM edu.wayne.pfsdm.ParametrizedFSDMTraversal getUnigramNode
INFO: SemSearch_ES-120	general	attributes	0.438937
Jan 21, 2016 6:29:25 AM edu.wayne.pfsdm.ParametrizedFSDMTraversal getUnigramNode
INFO: SemSearch_ES-120	general	similarentitynames	0.215237
Jan 21, 2016 6:29:25 AM edu.wayne.pfsdm.ParametrizedFSDMTraversal getUnigramNode
INFO: SemSearch_ES-120	general	categories	0.111699
Jan 21, 2016 6:29:25 AM edu.wayne.pfsdm.ParametrizedFSDMTraversal getUnigramNode
INFO: SemSearch_ES-120	general	outgoingentitynames	0.00000
Jan 21, 2016 6:29:25 AM edu.wayne.pfsdm.ParametrizedFSDMTraversal getUnigramNode
INFO: SemSearch_ES-120	hospital	names	0.247655
Jan 21, 2016 6:29:25 AM edu.wayne.pfsdm.ParametrizedFSDMTraversal getUnigramNode
INFO: SemSearch_ES-120	hospital	attributes	0.423745
Jan 21, 2016 6:29:25 AM edu.wayne.pfsdm.ParametrizedFSDMTraversal getUnigramNode
INFO: SemSearch_ES-120	hospital	similarentitynames	0.217997
Jan 21, 2016 6:29:25 AM edu.wayne.pfsdm.ParametrizedFSDMTraversal getUnigramNode
INFO: SemSearch_ES-120	hospital	categories	0.110603
Jan 21, 2016 6:29:25 AM edu.wayne.pfsdm.ParametrizedFSDMTraversal getUnigramNode
INFO: SemSearch_ES-120	hospital	outgoingentitynames	0.00000
Jan 21, 2016 6:29:26 AM edu.wayne.pfsdm.ParametrizedFSDMTraversal getBigramNodes
INFO: SemSearch_ES-120	lawrence general	names	0.392554
Jan 21, 2016 6:29:26 AM edu.wayne.pfsdm.ParametrizedFSDMTraversal getBigramNodes
INFO: SemSearch_ES-120	lawrence general	attributes	0.226259
Jan 21, 2016 6:29:26 AM edu.wayne.pfsdm.ParametrizedFSDMTraversal getBigramNodes
INFO: SemSearch_ES-120	lawrence general	similarentitynames	0.381188
Jan 21, 2016 6:29:26 AM edu.wayne.pfsdm.ParametrizedFSDMTraversal getBigramNodes
INFO: SemSearch_ES-120	lawrence general	categories	0.00000
Jan 21, 2016 6:29:26 AM edu.wayne.pfsdm.ParametrizedFSDMTraversal getBigramNodes
INFO: SemSearch_ES-120	lawrence general	outgoingentitynames	0.00000
Jan 21, 2016 6:29:27 AM edu.wayne.pfsdm.ParametrizedFSDMTraversal getBigramNodes
INFO: SemSearch_ES-120	general hospital	names	0.264350
Jan 21, 2016 6:29:27 AM edu.wayne.pfsdm.ParametrizedFSDMTraversal getBigramNodes
INFO: SemSearch_ES-120	general hospital	attributes	0.231766
Jan 21, 2016 6:29:27 AM edu.wayne.pfsdm.ParametrizedFSDMTraversal getBigramNodes
INFO: SemSearch_ES-120	general hospital	similarentitynames	0.350453
Jan 21, 2016 6:29:27 AM edu.wayne.pfsdm.ParametrizedFSDMTraversal getBigramNodes
INFO: SemSearch_ES-120	general hospital	categories	0.153431
Jan 21, 2016 6:29:27 AM edu.wayne.pfsdm.ParametrizedFSDMTraversal getBigramNodes
INFO: SemSearch_ES-120	general hospital	outgoingentitynames	0.00000
Jan 21, 2016 6:29:28 AM edu.wayne.pfsdm.ParametrizedFSDMTraversal getUnigramNode
INFO: SemSearch_ES-38	jack	names	0.266325
Jan 21, 2016 6:29:28 AM edu.wayne.pfsdm.ParametrizedFSDMTraversal getUnigramNode
INFO: SemSearch_ES-38	jack	attributes	0.404709
Jan 21, 2016 6:29:28 AM edu.wayne.pfsdm.ParametrizedFSDMTraversal getUnigramNode
INFO: SemSearch_ES-38	jack	similarentitynames	0.241273
Jan 21, 2016 6:29:28 AM edu.wayne.pfsdm.ParametrizedFSDMTraversal getUnigramNode
INFO: SemSearch_ES-38	jack	categories	0.0876931
Jan 21, 2016 6:29:28 AM edu.wayne.pfsdm.ParametrizedFSDMTraversal getUnigramNode
INFO: SemSearch_ES-38	jack	outgoingentitynames	0.00000
Jan 21, 2016 6:29:28 AM edu.wayne.pfsdm.ParametrizedFSDMTraversal getUnigramNode
INFO: SemSearch_ES-38	rip	names	0.254822
Jan 21, 2016 6:29:28 AM edu.wayne.pfsdm.ParametrizedFSDMTraversal getUnigramNode
INFO: SemSearch_ES-38	rip	attributes	0.417744
Jan 21, 2016 6:29:28 AM edu.wayne.pfsdm.ParametrizedFSDMTraversal getUnigramNode
INFO: SemSearch_ES-38	rip	similarentitynames	0.231108
Jan 21, 2016 6:29:28 AM edu.wayne.pfsdm.ParametrizedFSDMTraversal getUnigramNode
INFO: SemSearch_ES-38	rip	categories	0.0963265
Jan 21, 2016 6:29:28 AM edu.wayne.pfsdm.ParametrizedFSDMTraversal getUnigramNode
INFO: SemSearch_ES-38	rip	outgoingentitynames	0.00000
Jan 21, 2016 6:29:29 AM edu.wayne.pfsdm.ParametrizedFSDMTraversal getBigramNodes
INFO: SemSearch_ES-38	jack rip	names	0.362605
Jan 21, 2016 6:29:29 AM edu.wayne.pfsdm.ParametrizedFSDMTraversal getBigramNodes
INFO: SemSearch_ES-38	jack rip	attributes	0.220538
Jan 21, 2016 6:29:29 AM edu.wayne.pfsdm.ParametrizedFSDMTraversal getBigramNodes
INFO: SemSearch_ES-38	jack rip	similarentitynames	0.416857
Jan 21, 2016 6:29:29 AM edu.wayne.pfsdm.ParametrizedFSDMTraversal getBigramNodes
INFO: SemSearch_ES-38	jack rip	categories	0.00000
Jan 21, 2016 6:29:29 AM edu.wayne.pfsdm.ParametrizedFSDMTraversal getBigramNodes
INFO: SemSearch_ES-38	jack rip	outgoingentitynames	0.00000
Jan 21, 2016 6:29:29 AM edu.wayne.pfsdm.ParametrizedFSDMTraversal getUnigramNode
INFO: SemSearch_ES-61	rourke	names	0.250466
Jan 21, 2016 6:29:29 AM edu.wayne.pfsdm.ParametrizedFSDMTraversal getUnigramNode
INFO: SemSearch_ES-61	rourke	attributes	0.405328
Jan 21, 2016 6:29:29 AM edu.wayne.pfsdm.ParametrizedFSDMTraversal getUnigramNode
INFO: SemSearch_ES-61	rourke	similarentitynames	0.238095
Jan 21, 2016 6:29:29 AM edu.wayne.pfsdm.ParametrizedFSDMTraversal getUnigramNode
INFO: SemSearch_ES-61	rourke	categories	0.106112
Jan 21, 2016 6:29:29 AM edu.wayne.pfsdm.ParametrizedFSDMTraversal getUnigramNode
INFO: SemSearch_ES-61	rourke	outgoingentitynames	0.00000
Jan 21, 2016 6:29:29 AM edu.wayne.pfsdm.ParametrizedFSDMTraversal getUnigramNode
INFO: SemSearch_ES-61	fantasy	names	0.238215
Jan 21, 2016 6:29:29 AM edu.wayne.pfsdm.ParametrizedFSDMTraversal getUnigramNode
INFO: SemSearch_ES-61	fantasy	attributes	0.424890
Jan 21, 2016 6:29:29 AM edu.wayne.pfsdm.ParametrizedFSDMTraversal getUnigramNode
INFO: SemSearch_ES-61	fantasy	similarentitynames	0.210808
Jan 21, 2016 6:29:29 AM edu.wayne.pfsdm.ParametrizedFSDMTraversal getUnigramNode
INFO: SemSearch_ES-61	fantasy	categories	0.126088
Jan 21, 2016 6:29:29 AM edu.wayne.pfsdm.ParametrizedFSDMTraversal getUnigramNode
INFO: SemSearch_ES-61	fantasy	outgoingentitynames	0.00000
Jan 21, 2016 6:29:29 AM edu.wayne.pfsdm.ParametrizedFSDMTraversal getUnigramNode
INFO: SemSearch_ES-61	island	names	0.245164
Jan 21, 2016 6:29:29 AM edu.wayne.pfsdm.ParametrizedFSDMTraversal getUnigramNode
INFO: SemSearch_ES-61	island	attributes	0.422236
Jan 21, 2016 6:29:29 AM edu.wayne.pfsdm.ParametrizedFSDMTraversal getUnigramNode
INFO: SemSearch_ES-61	island	similarentitynames	0.220725
Jan 21, 2016 6:29:29 AM edu.wayne.pfsdm.ParametrizedFSDMTraversal getUnigramNode
INFO: SemSearch_ES-61	island	categories	0.111875
Jan 21, 2016 6:29:29 AM edu.wayne.pfsdm.ParametrizedFSDMTraversal getUnigramNode
INFO: SemSearch_ES-61	island	outgoingentitynames	0.00000
Jan 21, 2016 6:29:29 AM edu.wayne.pfsdm.ParametrizedFSDMTraversal getBigramNodes
INFO: SemSearch_ES-61	rourke fantasy	names	0.256338
Jan 21, 2016 6:29:29 AM edu.wayne.pfsdm.ParametrizedFSDMTraversal getBigramNodes
INFO: SemSearch_ES-61	rourke fantasy	attributes	0.225307
Jan 21, 2016 6:29:29 AM edu.wayne.pfsdm.ParametrizedFSDMTraversal getBigramNodes
INFO: SemSearch_ES-61	rourke fantasy	similarentitynames	0.346301
Jan 21, 2016 6:29:29 AM edu.wayne.pfsdm.ParametrizedFSDMTraversal getBigramNodes
INFO: SemSearch_ES-61	rourke fantasy	categories	0.172054
Jan 21, 2016 6:29:29 AM edu.wayne.pfsdm.ParametrizedFSDMTraversal getBigramNodes
INFO: SemSearch_ES-61	rourke fantasy	outgoingentitynames	0.00000
Jan 21, 2016 6:29:30 AM edu.wayne.pfsdm.ParametrizedFSDMTraversal getBigramNodes
INFO: SemSearch_ES-61	fantasy island	names	0.266893
Jan 21, 2016 6:29:30 AM edu.wayne.pfsdm.ParametrizedFSDMTraversal getBigramNodes
INFO: SemSearch_ES-61	fantasy island	attributes	0.226426
Jan 21, 2016 6:29:30 AM edu.wayne.pfsdm.ParametrizedFSDMTraversal getBigramNodes
INFO: SemSearch_ES-61	fantasy island	similarentitynames	0.352182
Jan 21, 2016 6:29:30 AM edu.wayne.pfsdm.ParametrizedFSDMTraversal getBigramNodes
INFO: SemSearch_ES-61	fantasy island	categories	0.154500
Jan 21, 2016 6:29:30 AM edu.wayne.pfsdm.ParametrizedFSDMTraversal getBigramNodes
INFO: SemSearch_ES-61	fantasy island	outgoingentitynames	0.00000
Jan 21, 2016 6:29:31 AM edu.wayne.pfsdm.ParametrizedFSDMTraversal getUnigramNode
INFO: SemSearch_ES-80	sonny	names	0.259863
Jan 21, 2016 6:29:31 AM edu.wayne.pfsdm.ParametrizedFSDMTraversal getUnigramNode
INFO: SemSearch_ES-80	sonny	attributes	0.408177
Jan 21, 2016 6:29:31 AM edu.wayne.pfsdm.ParametrizedFSDMTraversal getUnigramNode
INFO: SemSearch_ES-80	sonny	similarentitynames	0.237544
Jan 21, 2016 6:29:31 AM edu.wayne.pfsdm.ParametrizedFSDMTraversal getUnigramNode
INFO: SemSearch_ES-80	sonny	categories	0.0944158
Jan 21, 2016 6:29:31 AM edu.wayne.pfsdm.ParametrizedFSDMTraversal getUnigramNode
INFO: SemSearch_ES-80	sonny	outgoingentitynames	0.00000
Jan 21, 2016 6:29:31 AM edu.wayne.pfsdm.ParametrizedFSDMTraversal getUnigramNode
INFO: SemSearch_ES-80	cher	names	0.246179
Jan 21, 2016 6:29:31 AM edu.wayne.pfsdm.ParametrizedFSDMTraversal getUnigramNode
INFO: SemSearch_ES-80	cher	attributes	0.411128
Jan 21, 2016 6:29:31 AM edu.wayne.pfsdm.ParametrizedFSDMTraversal getUnigramNode
INFO: SemSearch_ES-80	cher	similarentitynames	0.225374
Jan 21, 2016 6:29:31 AM edu.wayne.pfsdm.ParametrizedFSDMTraversal getUnigramNode
INFO: SemSearch_ES-80	cher	categories	0.117320
Jan 21, 2016 6:29:31 AM edu.wayne.pfsdm.ParametrizedFSDMTraversal getUnigramNode
INFO: SemSearch_ES-80	cher	outgoingentitynames	0.00000
Jan 21, 2016 6:29:31 AM edu.wayne.pfsdm.ParametrizedFSDMTraversal getBigramNodes
INFO: SemSearch_ES-80	sonny cher	names	0.370126
Jan 21, 2016 6:29:31 AM edu.wayne.pfsdm.ParametrizedFSDMTraversal getBigramNodes
INFO: SemSearch_ES-80	sonny cher	attributes	0.232643
Jan 21, 2016 6:29:31 AM edu.wayne.pfsdm.ParametrizedFSDMTraversal getBigramNodes
INFO: SemSearch_ES-80	sonny cher	similarentitynames	0.397232
Jan 21, 2016 6:29:31 AM edu.wayne.pfsdm.ParametrizedFSDMTraversal getBigramNodes
INFO: SemSearch_ES-80	sonny cher	categories	0.00000
Jan 21, 2016 6:29:31 AM edu.wayne.pfsdm.ParametrizedFSDMTraversal getBigramNodes
INFO: SemSearch_ES-80	sonny cher	outgoingentitynames	0.00000
Jan 21, 2016 6:29:31 AM edu.wayne.pfsdm.ParametrizedFSDMTraversal getUnigramNode
INFO: SemSearch_ES-100	ymca	names	0.158846
Jan 21, 2016 6:29:31 AM edu.wayne.pfsdm.ParametrizedFSDMTraversal getUnigramNode
INFO: SemSearch_ES-100	ymca	attributes	0.302006
Jan 21, 2016 6:29:31 AM edu.wayne.pfsdm.ParametrizedFSDMTraversal getUnigramNode
INFO: SemSearch_ES-100	ymca	similarentitynames	0.380696
Jan 21, 2016 6:29:31 AM edu.wayne.pfsdm.ParametrizedFSDMTraversal getUnigramNode
INFO: SemSearch_ES-100	ymca	categories	0.158452
Jan 21, 2016 6:29:31 AM edu.wayne.pfsdm.ParametrizedFSDMTraversal getUnigramNode
INFO: SemSearch_ES-100	ymca	outgoingentitynames	0.00000
Jan 21, 2016 6:29:31 AM edu.wayne.pfsdm.ParametrizedFSDMTraversal getUnigramNode
INFO: SemSearch_ES-100	tampa	names	0.150337
Jan 21, 2016 6:29:31 AM edu.wayne.pfsdm.ParametrizedFSDMTraversal getUnigramNode
INFO: SemSearch_ES-100	tampa	attributes	0.291966
Jan 21, 2016 6:29:31 AM edu.wayne.pfsdm.ParametrizedFSDMTraversal getUnigramNode
INFO: SemSearch_ES-100	tampa	similarentitynames	0.381753
Jan 21, 2016 6:29:31 AM edu.wayne.pfsdm.ParametrizedFSDMTraversal getUnigramNode
INFO: SemSearch_ES-100	tampa	categories	0.175943
Jan 21, 2016 6:29:31 AM edu.wayne.pfsdm.ParametrizedFSDMTraversal getUnigramNode
INFO: SemSearch_ES-100	tampa	outgoingentitynames	0.00000
Jan 21, 2016 6:29:32 AM edu.wayne.pfsdm.ParametrizedFSDMTraversal getBigramNodes
INFO: SemSearch_ES-100	ymca tampa	names	0.251039
Jan 21, 2016 6:29:32 AM edu.wayne.pfsdm.ParametrizedFSDMTraversal getBigramNodes
INFO: SemSearch_ES-100	ymca tampa	attributes	0.237176
Jan 21, 2016 6:29:32 AM edu.wayne.pfsdm.ParametrizedFSDMTraversal getBigramNodes
INFO: SemSearch_ES-100	ymca tampa	similarentitynames	0.341478
Jan 21, 2016 6:29:32 AM edu.wayne.pfsdm.ParametrizedFSDMTraversal getBigramNodes
INFO: SemSearch_ES-100	ymca tampa	categories	0.170306
Jan 21, 2016 6:29:32 AM edu.wayne.pfsdm.ParametrizedFSDMTraversal getBigramNodes
INFO: SemSearch_ES-100	ymca tampa	outgoingentitynames	0.00000
